CRITICAL - 2023-04-24 07:40:28 --> Call to undefined method CodeIgniter\Database\MySQLi\Connection::select()
#0 C:\xampp\htdocs\vote\app\Controllers\Hasil.php(17): App\Models\K_model->cekSelesai()
#1 C:\xampp\htdocs\vote\system\CodeIgniter.php(832): App\Controllers\Hasil->index()
#2 C:\xampp\htdocs\vote\system\CodeIgniter.php(419): CodeIgniter\CodeIgniter->runController(Object(App\Controllers\Hasil))
#3 C:\xampp\htdocs\vote\system\CodeIgniter.php(326): CodeIgniter\CodeIgniter->handleRequest(NULL, Object(Config\Cache), false)
#4 C:\xampp\htdocs\vote\public\index.php(37): CodeIgniter\CodeIgniter->run()
#5 C:\xampp\htdocs\vote\system\Commands\Server\rewrite.php(43): require_once('C:\\xampp\\htdocs...')
#6 {main}
ERROR - 2023-04-24 07:49:44 --> Unknown column 'status' in 'where clause'
CRITICAL - 2023-04-24 07:49:44 --> Unknown column 'status' in 'where clause'
#0 C:\xampp\htdocs\vote\system\Database\MySQLi\Connection.php(292): mysqli->query('SELECT COUNT(*)...', 0)
#1 C:\xampp\htdocs\vote\system\Database\BaseConnection.php(670): CodeIgniter\Database\MySQLi\Connection->execute('SELECT COUNT(*)...')
#2 C:\xampp\htdocs\vote\system\Database\BaseConnection.php(598): CodeIgniter\Database\BaseConnection->simpleQuery('SELECT COUNT(*)...')
#3 C:\xampp\htdocs\vote\system\Database\BaseBuilder.php(1539): CodeIgniter\Database\BaseConnection->query('SELECT COUNT(*)...', Array, false)
#4 C:\xampp\htdocs\vote\system\Model.php(509): CodeIgniter\Database\BaseBuilder->countAllResults(true)
#5 C:\xampp\htdocs\vote\app\Controllers\Hasil.php(16): CodeIgniter\Model->countAllResults()
#6 C:\xampp\htdocs\vote\system\CodeIgniter.php(832): App\Controllers\Hasil->index()
#7 C:\xampp\htdocs\vote\system\CodeIgniter.php(419): CodeIgniter\CodeIgniter->runController(Object(App\Controllers\Hasil))
#8 C:\xampp\htdocs\vote\system\CodeIgniter.php(326): CodeIgniter\CodeIgniter->handleRequest(NULL, Object(Config\Cache), false)
#9 C:\xampp\htdocs\vote\public\index.php(37): CodeIgniter\CodeIgniter->run()
#10 C:\xampp\htdocs\vote\system\Commands\Server\rewrite.php(43): require_once('C:\\xampp\\htdocs...')
#11 {main}
