CRITICAL - 2023-10-03 21:48:11 --> Class 'K_model' not found
#0 C:\xampp\htdocs\vote\system\View\View.php(210): include()
#1 C:\xampp\htdocs\vote\system\View\View.php(213): CodeIgniter\View\View->CodeIgniter\View\{closure}()
#2 C:\xampp\htdocs\vote\system\Common.php(1089): CodeIgniter\View\View->render('v_vote', Array, true)
#3 C:\xampp\htdocs\vote\app\Controllers\Vote.php(19): view('v_vote', Array)
#4 C:\xampp\htdocs\vote\system\CodeIgniter.php(832): App\Controllers\Vote->index()
#5 C:\xampp\htdocs\vote\system\CodeIgniter.php(419): CodeIgniter\CodeIgniter->runController(Object(App\Controllers\Vote))
#6 C:\xampp\htdocs\vote\system\CodeIgniter.php(326): CodeIgniter\CodeIgniter->handleRequest(NULL, Object(Config\Cache), false)
#7 C:\xampp\htdocs\vote\public\index.php(37): CodeIgniter\CodeIgniter->run()
#8 C:\xampp\htdocs\vote\system\Commands\Server\rewrite.php(43): require_once('C:\\xampp\\htdocs...')
#9 {main}
CRITICAL - 2023-10-03 21:51:10 --> Undefined variable: model
#0 C:\xampp\htdocs\vote\app\Views\v_vote.php(53): CodeIgniter\Debug\Exceptions->errorHandler(8, 'Undefined varia...', 'C:\\xampp\\htdocs...', 53, Array)
#1 C:\xampp\htdocs\vote\system\View\View.php(210): include('C:\\xampp\\htdocs...')
#2 C:\xampp\htdocs\vote\system\View\View.php(213): CodeIgniter\View\View->CodeIgniter\View\{closure}()
#3 C:\xampp\htdocs\vote\system\Common.php(1089): CodeIgniter\View\View->render('v_vote', Array, true)
#4 C:\xampp\htdocs\vote\app\Controllers\Vote.php(19): view('v_vote', Array)
#5 C:\xampp\htdocs\vote\system\CodeIgniter.php(832): App\Controllers\Vote->index()
#6 C:\xampp\htdocs\vote\system\CodeIgniter.php(419): CodeIgniter\CodeIgniter->runController(Object(App\Controllers\Vote))
#7 C:\xampp\htdocs\vote\system\CodeIgniter.php(326): CodeIgniter\CodeIgniter->handleRequest(NULL, Object(Config\Cache), false)
#8 C:\xampp\htdocs\vote\public\index.php(37): CodeIgniter\CodeIgniter->run()
#9 C:\xampp\htdocs\vote\system\Commands\Server\rewrite.php(43): require_once('C:\\xampp\\htdocs...')
#10 {main}
CRITICAL - 2023-10-03 21:52:38 --> Undefined variable: model1
#0 C:\xampp\htdocs\vote\app\Views\v_vote.php(53): CodeIgniter\Debug\Exceptions->errorHandler(8, 'Undefined varia...', 'C:\\xampp\\htdocs...', 53, Array)
#1 C:\xampp\htdocs\vote\system\View\View.php(210): include('C:\\xampp\\htdocs...')
#2 C:\xampp\htdocs\vote\system\View\View.php(213): CodeIgniter\View\View->CodeIgniter\View\{closure}()
#3 C:\xampp\htdocs\vote\system\Common.php(1089): CodeIgniter\View\View->render('v_vote', Array, true)
#4 C:\xampp\htdocs\vote\app\Controllers\Vote.php(20): view('v_vote', Array)
#5 C:\xampp\htdocs\vote\system\CodeIgniter.php(832): App\Controllers\Vote->index()
#6 C:\xampp\htdocs\vote\system\CodeIgniter.php(419): CodeIgniter\CodeIgniter->runController(Object(App\Controllers\Vote))
#7 C:\xampp\htdocs\vote\system\CodeIgniter.php(326): CodeIgniter\CodeIgniter->handleRequest(NULL, Object(Config\Cache), false)
#8 C:\xampp\htdocs\vote\public\index.php(37): CodeIgniter\CodeIgniter->run()
#9 C:\xampp\htdocs\vote\system\Commands\Server\rewrite.php(43): require_once('C:\\xampp\\htdocs...')
#10 {main}
CRITICAL - 2023-10-03 21:53:57 --> Undefined variable: model1
#0 C:\xampp\htdocs\vote\app\Views\v_vote.php(53): CodeIgniter\Debug\Exceptions->errorHandler(8, 'Undefined varia...', 'C:\\xampp\\htdocs...', 53, Array)
#1 C:\xampp\htdocs\vote\system\View\View.php(210): include('C:\\xampp\\htdocs...')
#2 C:\xampp\htdocs\vote\system\View\View.php(213): CodeIgniter\View\View->CodeIgniter\View\{closure}()
#3 C:\xampp\htdocs\vote\system\Common.php(1089): CodeIgniter\View\View->render('v_vote', Array, true)
#4 C:\xampp\htdocs\vote\app\Controllers\Vote.php(20): view('v_vote', Array)
#5 C:\xampp\htdocs\vote\system\CodeIgniter.php(832): App\Controllers\Vote->index()
#6 C:\xampp\htdocs\vote\system\CodeIgniter.php(419): CodeIgniter\CodeIgniter->runController(Object(App\Controllers\Vote))
#7 C:\xampp\htdocs\vote\system\CodeIgniter.php(326): CodeIgniter\CodeIgniter->handleRequest(NULL, Object(Config\Cache), false)
#8 C:\xampp\htdocs\vote\public\index.php(37): CodeIgniter\CodeIgniter->run()
#9 C:\xampp\htdocs\vote\system\Commands\Server\rewrite.php(43): require_once('C:\\xampp\\htdocs...')
#10 {main}
CRITICAL - 2023-10-03 21:56:00 --> Undefined variable: modelll
#0 C:\xampp\htdocs\vote\app\Views\v_vote.php(53): CodeIgniter\Debug\Exceptions->errorHandler(8, 'Undefined varia...', 'C:\\xampp\\htdocs...', 53, Array)
#1 C:\xampp\htdocs\vote\system\View\View.php(210): include('C:\\xampp\\htdocs...')
#2 C:\xampp\htdocs\vote\system\View\View.php(213): CodeIgniter\View\View->CodeIgniter\View\{closure}()
#3 C:\xampp\htdocs\vote\system\Common.php(1089): CodeIgniter\View\View->render('v_vote', Array, true)
#4 C:\xampp\htdocs\vote\app\Controllers\Vote.php(20): view('v_vote', Array)
#5 C:\xampp\htdocs\vote\system\CodeIgniter.php(832): App\Controllers\Vote->index()
#6 C:\xampp\htdocs\vote\system\CodeIgniter.php(419): CodeIgniter\CodeIgniter->runController(Object(App\Controllers\Vote))
#7 C:\xampp\htdocs\vote\system\CodeIgniter.php(326): CodeIgniter\CodeIgniter->handleRequest(NULL, Object(Config\Cache), false)
#8 C:\xampp\htdocs\vote\public\index.php(37): CodeIgniter\CodeIgniter->run()
#9 C:\xampp\htdocs\vote\system\Commands\Server\rewrite.php(43): require_once('C:\\xampp\\htdocs...')
#10 {main}
CRITICAL - 2023-10-03 22:03:43 --> Class 'K_model' not found
#0 C:\xampp\htdocs\vote\system\View\View.php(210): include()
#1 C:\xampp\htdocs\vote\system\View\View.php(213): CodeIgniter\View\View->CodeIgniter\View\{closure}()
#2 C:\xampp\htdocs\vote\system\Common.php(1089): CodeIgniter\View\View->render('v_vote', Array, true)
#3 C:\xampp\htdocs\vote\app\Controllers\Vote.php(20): view('v_vote', Array)
#4 C:\xampp\htdocs\vote\system\CodeIgniter.php(832): App\Controllers\Vote->index()
#5 C:\xampp\htdocs\vote\system\CodeIgniter.php(419): CodeIgniter\CodeIgniter->runController(Object(App\Controllers\Vote))
#6 C:\xampp\htdocs\vote\system\CodeIgniter.php(326): CodeIgniter\CodeIgniter->handleRequest(NULL, Object(Config\Cache), false)
#7 C:\xampp\htdocs\vote\public\index.php(37): CodeIgniter\CodeIgniter->run()
#8 C:\xampp\htdocs\vote\system\Commands\Server\rewrite.php(43): require_once('C:\\xampp\\htdocs...')
#9 {main}
CRITICAL - 2023-10-03 23:34:48 --> Cannot redeclare App\Models\M_model::hapus()
#0 [internal function]: CodeIgniter\Debug\Exceptions->shutdownHandler()
#1 {main}
ERROR - 2023-10-03 23:35:47 --> You have an error in your SQL syntax; check the manual that corresponds to your MariaDB server version for the right syntax to use near ':0:' at line 2
CRITICAL - 2023-10-03 23:35:47 --> You have an error in your SQL syntax; check the manual that corresponds to your MariaDB server version for the right syntax to use near ':0:' at line 2
#0 C:\xampp\htdocs\vote\system\Database\MySQLi\Connection.php(292): mysqli->query('DELETE FROM `us...', 0)
#1 C:\xampp\htdocs\vote\system\Database\BaseConnection.php(670): CodeIgniter\Database\MySQLi\Connection->execute('DELETE FROM `us...')
#2 C:\xampp\htdocs\vote\system\Database\BaseConnection.php(598): CodeIgniter\Database\BaseConnection->simpleQuery('DELETE FROM `us...')
#3 C:\xampp\htdocs\vote\system\Database\BaseBuilder.php(2225): CodeIgniter\Database\BaseConnection->query('DELETE FROM `us...', Array, false)
#4 C:\xampp\htdocs\vote\app\Models\M_model.php(51): CodeIgniter\Database\BaseBuilder->delete(Array)
#5 C:\xampp\htdocs\vote\app\Controllers\User.php(187): App\Models\M_model->hapus('user', Array)
#6 C:\xampp\htdocs\vote\system\CodeIgniter.php(832): App\Controllers\User->hilang()
#7 C:\xampp\htdocs\vote\system\CodeIgniter.php(419): CodeIgniter\CodeIgniter->runController(Object(App\Controllers\User))
#8 C:\xampp\htdocs\vote\system\CodeIgniter.php(326): CodeIgniter\CodeIgniter->handleRequest(NULL, Object(Config\Cache), false)
#9 C:\xampp\htdocs\vote\public\index.php(37): CodeIgniter\CodeIgniter->run()
#10 C:\xampp\htdocs\vote\system\Commands\Server\rewrite.php(43): require_once('C:\\xampp\\htdocs...')
#11 {main}
