CRITICAL - 2023-04-01 03:14:08 --> Cannot redeclare App\Models\M_model::getWhere()
#0 [internal function]: CodeIgniter\Debug\Exceptions->shutdownHandler()
#1 {main}
CRITICAL - 2023-04-01 03:14:32 --> Declaration of App\Models\M_model::update($id, $data, $photo) must be compatible with CodeIgniter\Model::update($id = NULL, $data = NULL): bool
#0 [internal function]: CodeIgniter\Debug\Exceptions->shutdownHandler()
#1 {main}
CRITICAL - 2023-04-01 03:15:33 --> Declaration of App\Models\U_model::update($id, $data, $photo) must be compatible with CodeIgniter\Model::update($id = NULL, $data = NULL): bool
#0 [internal function]: CodeIgniter\Debug\Exceptions->shutdownHandler()
#1 {main}
CRITICAL - 2023-04-01 03:17:37 --> Declaration of App\Models\U_model::update($id, $data, $photo) must be compatible with CodeIgniter\Model::update($id = NULL, $data = NULL): bool
#0 [internal function]: CodeIgniter\Debug\Exceptions->shutdownHandler()
#1 {main}
ERROR - 2023-04-01 03:18:54 --> Unknown column 'created_at' in 'field list'
CRITICAL - 2023-04-01 03:18:54 --> Unknown column 'created_at' in 'field list'
#0 C:\xampp\htdocs\vote\system\Database\MySQLi\Connection.php(292): mysqli->query('INSERT INTO `us...', 0)
#1 C:\xampp\htdocs\vote\system\Database\BaseConnection.php(670): CodeIgniter\Database\MySQLi\Connection->execute('INSERT INTO `us...')
#2 C:\xampp\htdocs\vote\system\Database\BaseConnection.php(598): CodeIgniter\Database\BaseConnection->simpleQuery('INSERT INTO `us...')
#3 C:\xampp\htdocs\vote\system\Database\BaseBuilder.php(1771): CodeIgniter\Database\BaseConnection->query('INSERT INTO `us...', Array, false)
#4 C:\xampp\htdocs\vote\system\Model.php(239): CodeIgniter\Database\BaseBuilder->insert()
#5 C:\xampp\htdocs\vote\system\BaseModel.php(738): CodeIgniter\Model->doInsert(Array)
#6 C:\xampp\htdocs\vote\system\Model.php(625): CodeIgniter\BaseModel->insert(Array, true)
#7 C:\xampp\htdocs\vote\app\Models\U_model.php(20): CodeIgniter\Model->insert(Array)
#8 C:\xampp\htdocs\vote\app\Controllers\User.php(57): App\Models\U_model->insertt(Array, Object(CodeIgniter\HTTP\Files\UploadedFile))
#9 C:\xampp\htdocs\vote\system\CodeIgniter.php(832): App\Controllers\User->aksi_tambah()
#10 C:\xampp\htdocs\vote\system\CodeIgniter.php(419): CodeIgniter\CodeIgniter->runController(Object(App\Controllers\User))
#11 C:\xampp\htdocs\vote\system\CodeIgniter.php(326): CodeIgniter\CodeIgniter->handleRequest(NULL, Object(Config\Cache), false)
#12 C:\xampp\htdocs\vote\public\index.php(37): CodeIgniter\CodeIgniter->run()
#13 C:\xampp\htdocs\vote\system\Commands\Server\rewrite.php(43): require_once('C:\\xampp\\htdocs...')
#14 {main}
CRITICAL - 2023-04-01 03:42:09 --> syntax error, unexpected '$where' (T_VARIABLE)
#0 C:\xampp\htdocs\vote\system\Router\Router.php(175): CodeIgniter\Router\Router->autoRoute('User/index/')
#1 C:\xampp\htdocs\vote\system\CodeIgniter.php(726): CodeIgniter\Router\Router->handle('User/index/')
#2 C:\xampp\htdocs\vote\system\CodeIgniter.php(368): CodeIgniter\CodeIgniter->tryToRouteIt(Object(CodeIgniter\Router\RouteCollection))
#3 C:\xampp\htdocs\vote\system\CodeIgniter.php(326): CodeIgniter\CodeIgniter->handleRequest(NULL, Object(Config\Cache), false)
#4 C:\xampp\htdocs\vote\public\index.php(37): CodeIgniter\CodeIgniter->run()
#5 C:\xampp\htdocs\vote\system\Commands\Server\rewrite.php(43): require_once('C:\\xampp\\htdocs...')
#6 {main}
CRITICAL - 2023-04-01 03:45:42 --> Invalid file: candidates/edit.php
#0 C:\xampp\htdocs\vote\system\View\View.php(198): CodeIgniter\Exceptions\FrameworkException::forInvalidFile('candidates/edit...')
#1 C:\xampp\htdocs\vote\system\Common.php(1089): CodeIgniter\View\View->render('candidates/edit', Array, true)
#2 C:\xampp\htdocs\vote\app\Controllers\User.php(68): view('candidates/edit', Array)
#3 C:\xampp\htdocs\vote\system\CodeIgniter.php(832): App\Controllers\User->edit('3')
#4 C:\xampp\htdocs\vote\system\CodeIgniter.php(419): CodeIgniter\CodeIgniter->runController(Object(App\Controllers\User))
#5 C:\xampp\htdocs\vote\system\CodeIgniter.php(326): CodeIgniter\CodeIgniter->handleRequest(NULL, Object(Config\Cache), false)
#6 C:\xampp\htdocs\vote\public\index.php(37): CodeIgniter\CodeIgniter->run()
#7 C:\xampp\htdocs\vote\system\Commands\Server\rewrite.php(43): require_once('C:\\xampp\\htdocs...')
#8 {main}
CRITICAL - 2023-04-01 03:46:02 --> Invalid file: User/edit_user.php
#0 C:\xampp\htdocs\vote\system\View\View.php(198): CodeIgniter\Exceptions\FrameworkException::forInvalidFile('User/edit_user....')
#1 C:\xampp\htdocs\vote\system\Common.php(1089): CodeIgniter\View\View->render('User/edit_user', Array, true)
#2 C:\xampp\htdocs\vote\app\Controllers\User.php(68): view('User/edit_user', Array)
#3 C:\xampp\htdocs\vote\system\CodeIgniter.php(832): App\Controllers\User->edit('3')
#4 C:\xampp\htdocs\vote\system\CodeIgniter.php(419): CodeIgniter\CodeIgniter->runController(Object(App\Controllers\User))
#5 C:\xampp\htdocs\vote\system\CodeIgniter.php(326): CodeIgniter\CodeIgniter->handleRequest(NULL, Object(Config\Cache), false)
#6 C:\xampp\htdocs\vote\public\index.php(37): CodeIgniter\CodeIgniter->run()
#7 C:\xampp\htdocs\vote\system\Commands\Server\rewrite.php(43): require_once('C:\\xampp\\htdocs...')
#8 {main}
CRITICAL - 2023-04-01 03:46:14 --> Trying to get property 'id_level' of non-object
#0 C:\xampp\htdocs\vote\app\Views\edit_user.php(62): CodeIgniter\Debug\Exceptions->errorHandler(8, 'Trying to get p...', 'C:\\xampp\\htdocs...', 62, Array)
#1 C:\xampp\htdocs\vote\system\View\View.php(210): include('C:\\xampp\\htdocs...')
#2 C:\xampp\htdocs\vote\system\View\View.php(213): CodeIgniter\View\View->CodeIgniter\View\{closure}()
#3 C:\xampp\htdocs\vote\system\Common.php(1089): CodeIgniter\View\View->render('edit_user', Array, true)
#4 C:\xampp\htdocs\vote\app\Controllers\User.php(68): view('edit_user', Array)
#5 C:\xampp\htdocs\vote\system\CodeIgniter.php(832): App\Controllers\User->edit('3')
#6 C:\xampp\htdocs\vote\system\CodeIgniter.php(419): CodeIgniter\CodeIgniter->runController(Object(App\Controllers\User))
#7 C:\xampp\htdocs\vote\system\CodeIgniter.php(326): CodeIgniter\CodeIgniter->handleRequest(NULL, Object(Config\Cache), false)
#8 C:\xampp\htdocs\vote\public\index.php(37): CodeIgniter\CodeIgniter->run()
#9 C:\xampp\htdocs\vote\system\Commands\Server\rewrite.php(43): require_once('C:\\xampp\\htdocs...')
#10 {main}
CRITICAL - 2023-04-01 04:03:05 --> Trying to get property 'level' of non-object
#0 C:\xampp\htdocs\vote\app\Views\edit_user.php(54): CodeIgniter\Debug\Exceptions->errorHandler(8, 'Trying to get p...', 'C:\\xampp\\htdocs...', 54, Array)
#1 C:\xampp\htdocs\vote\system\View\View.php(210): include('C:\\xampp\\htdocs...')
#2 C:\xampp\htdocs\vote\system\View\View.php(213): CodeIgniter\View\View->CodeIgniter\View\{closure}()
#3 C:\xampp\htdocs\vote\system\Common.php(1089): CodeIgniter\View\View->render('edit_user', Array, true)
#4 C:\xampp\htdocs\vote\app\Controllers\User.php(68): view('edit_user', Array)
#5 C:\xampp\htdocs\vote\system\CodeIgniter.php(832): App\Controllers\User->edit('1')
#6 C:\xampp\htdocs\vote\system\CodeIgniter.php(419): CodeIgniter\CodeIgniter->runController(Object(App\Controllers\User))
#7 C:\xampp\htdocs\vote\system\CodeIgniter.php(326): CodeIgniter\CodeIgniter->handleRequest(NULL, Object(Config\Cache), false)
#8 C:\xampp\htdocs\vote\public\index.php(37): CodeIgniter\CodeIgniter->run()
#9 C:\xampp\htdocs\vote\system\Commands\Server\rewrite.php(43): require_once('C:\\xampp\\htdocs...')
#10 {main}
CRITICAL - 2023-04-01 04:05:28 --> Undefined index: nama_level
#0 C:\xampp\htdocs\vote\app\Views\edit_user.php(54): CodeIgniter\Debug\Exceptions->errorHandler(8, 'Undefined index...', 'C:\\xampp\\htdocs...', 54, Array)
#1 C:\xampp\htdocs\vote\system\View\View.php(210): include('C:\\xampp\\htdocs...')
#2 C:\xampp\htdocs\vote\system\View\View.php(213): CodeIgniter\View\View->CodeIgniter\View\{closure}()
#3 C:\xampp\htdocs\vote\system\Common.php(1089): CodeIgniter\View\View->render('edit_user', Array, true)
#4 C:\xampp\htdocs\vote\app\Controllers\User.php(68): view('edit_user', Array)
#5 C:\xampp\htdocs\vote\system\CodeIgniter.php(832): App\Controllers\User->edit('3')
#6 C:\xampp\htdocs\vote\system\CodeIgniter.php(419): CodeIgniter\CodeIgniter->runController(Object(App\Controllers\User))
#7 C:\xampp\htdocs\vote\system\CodeIgniter.php(326): CodeIgniter\CodeIgniter->handleRequest(NULL, Object(Config\Cache), false)
#8 C:\xampp\htdocs\vote\public\index.php(37): CodeIgniter\CodeIgniter->run()
#9 C:\xampp\htdocs\vote\system\Commands\Server\rewrite.php(43): require_once('C:\\xampp\\htdocs...')
#10 {main}
CRITICAL - 2023-04-01 04:08:08 --> Undefined variable: selectedLevel
#0 C:\xampp\htdocs\vote\app\Views\edit_user.php(54): CodeIgniter\Debug\Exceptions->errorHandler(8, 'Undefined varia...', 'C:\\xampp\\htdocs...', 54, Array)
#1 C:\xampp\htdocs\vote\system\View\View.php(210): include('C:\\xampp\\htdocs...')
#2 C:\xampp\htdocs\vote\system\View\View.php(213): CodeIgniter\View\View->CodeIgniter\View\{closure}()
#3 C:\xampp\htdocs\vote\system\Common.php(1089): CodeIgniter\View\View->render('edit_user', Array, true)
#4 C:\xampp\htdocs\vote\app\Controllers\User.php(68): view('edit_user', Array)
#5 C:\xampp\htdocs\vote\system\CodeIgniter.php(832): App\Controllers\User->edit('3')
#6 C:\xampp\htdocs\vote\system\CodeIgniter.php(419): CodeIgniter\CodeIgniter->runController(Object(App\Controllers\User))
#7 C:\xampp\htdocs\vote\system\CodeIgniter.php(326): CodeIgniter\CodeIgniter->handleRequest(NULL, Object(Config\Cache), false)
#8 C:\xampp\htdocs\vote\public\index.php(37): CodeIgniter\CodeIgniter->run()
#9 C:\xampp\htdocs\vote\system\Commands\Server\rewrite.php(43): require_once('C:\\xampp\\htdocs...')
#10 {main}
CRITICAL - 2023-04-01 04:09:08 --> Undefined index: level
#0 C:\xampp\htdocs\vote\app\Controllers\User.php(66): CodeIgniter\Debug\Exceptions->errorHandler(8, 'Undefined index...', 'C:\\xampp\\htdocs...', 66, Array)
#1 C:\xampp\htdocs\vote\system\CodeIgniter.php(832): App\Controllers\User->edit('3')
#2 C:\xampp\htdocs\vote\system\CodeIgniter.php(419): CodeIgniter\CodeIgniter->runController(Object(App\Controllers\User))
#3 C:\xampp\htdocs\vote\system\CodeIgniter.php(326): CodeIgniter\CodeIgniter->handleRequest(NULL, Object(Config\Cache), false)
#4 C:\xampp\htdocs\vote\public\index.php(37): CodeIgniter\CodeIgniter->run()
#5 C:\xampp\htdocs\vote\system\Commands\Server\rewrite.php(43): require_once('C:\\xampp\\htdocs...')
#6 {main}
CRITICAL - 2023-04-01 04:13:00 --> Too few arguments to function App\Controllers\User::update(), 0 passed in C:\xampp\htdocs\vote\system\CodeIgniter.php on line 832 and exactly 1 expected
#0 C:\xampp\htdocs\vote\system\CodeIgniter.php(832): App\Controllers\User->update()
#1 C:\xampp\htdocs\vote\system\CodeIgniter.php(419): CodeIgniter\CodeIgniter->runController(Object(App\Controllers\User))
#2 C:\xampp\htdocs\vote\system\CodeIgniter.php(326): CodeIgniter\CodeIgniter->handleRequest(NULL, Object(Config\Cache), false)
#3 C:\xampp\htdocs\vote\public\index.php(37): CodeIgniter\CodeIgniter->run()
#4 C:\xampp\htdocs\vote\system\Commands\Server\rewrite.php(43): require_once('C:\\xampp\\htdocs...')
#5 {main}
CRITICAL - 2023-04-01 04:14:57 --> Too few arguments to function App\Controllers\User::update(), 0 passed in C:\xampp\htdocs\vote\system\CodeIgniter.php on line 832 and exactly 1 expected
#0 C:\xampp\htdocs\vote\system\CodeIgniter.php(832): App\Controllers\User->update()
#1 C:\xampp\htdocs\vote\system\CodeIgniter.php(419): CodeIgniter\CodeIgniter->runController(Object(App\Controllers\User))
#2 C:\xampp\htdocs\vote\system\CodeIgniter.php(326): CodeIgniter\CodeIgniter->handleRequest(NULL, Object(Config\Cache), false)
#3 C:\xampp\htdocs\vote\public\index.php(37): CodeIgniter\CodeIgniter->run()
#4 C:\xampp\htdocs\vote\system\Commands\Server\rewrite.php(43): require_once('C:\\xampp\\htdocs...')
#5 {main}
CRITICAL - 2023-04-01 04:22:05 --> Too few arguments to function App\Controllers\User::update(), 0 passed in C:\xampp\htdocs\vote\system\CodeIgniter.php on line 832 and exactly 1 expected
#0 C:\xampp\htdocs\vote\system\CodeIgniter.php(832): App\Controllers\User->update()
#1 C:\xampp\htdocs\vote\system\CodeIgniter.php(419): CodeIgniter\CodeIgniter->runController(Object(App\Controllers\User))
#2 C:\xampp\htdocs\vote\system\CodeIgniter.php(326): CodeIgniter\CodeIgniter->handleRequest(NULL, Object(Config\Cache), false)
#3 C:\xampp\htdocs\vote\public\index.php(37): CodeIgniter\CodeIgniter->run()
#4 C:\xampp\htdocs\vote\system\Commands\Server\rewrite.php(43): require_once('C:\\xampp\\htdocs...')
#5 {main}
CRITICAL - 2023-04-01 04:26:01 --> Declaration of App\Models\U_model::update($id, $data) must be compatible with CodeIgniter\Model::update($id = NULL, $data = NULL): bool
#0 [internal function]: CodeIgniter\Debug\Exceptions->shutdownHandler()
#1 {main}
CRITICAL - 2023-04-01 04:26:05 --> Declaration of App\Models\U_model::update($id, $data) must be compatible with CodeIgniter\Model::update($id = NULL, $data = NULL): bool
#0 [internal function]: CodeIgniter\Debug\Exceptions->shutdownHandler()
#1 {main}
CRITICAL - 2023-04-01 04:26:45 --> Too few arguments to function App\Controllers\User::update(), 0 passed in C:\xampp\htdocs\vote\system\CodeIgniter.php on line 832 and exactly 1 expected
#0 C:\xampp\htdocs\vote\system\CodeIgniter.php(832): App\Controllers\User->update()
#1 C:\xampp\htdocs\vote\system\CodeIgniter.php(419): CodeIgniter\CodeIgniter->runController(Object(App\Controllers\User))
#2 C:\xampp\htdocs\vote\system\CodeIgniter.php(326): CodeIgniter\CodeIgniter->handleRequest(NULL, Object(Config\Cache), false)
#3 C:\xampp\htdocs\vote\public\index.php(37): CodeIgniter\CodeIgniter->run()
#4 C:\xampp\htdocs\vote\system\Commands\Server\rewrite.php(43): require_once('C:\\xampp\\htdocs...')
#5 {main}
