CRITICAL - 2023-04-06 03:37:34 --> Class 'App\Controllers\IOFactory' not found
#0 C:\xampp\htdocs\vote\system\CodeIgniter.php(832): App\Controllers\User->excel()
#1 C:\xampp\htdocs\vote\system\CodeIgniter.php(419): CodeIgniter\CodeIgniter->runController(Object(App\Controllers\User))
#2 C:\xampp\htdocs\vote\system\CodeIgniter.php(326): CodeIgniter\CodeIgniter->handleRequest(NULL, Object(Config\Cache), false)
#3 C:\xampp\htdocs\vote\public\index.php(37): CodeIgniter\CodeIgniter->run()
#4 C:\xampp\htdocs\vote\system\Commands\Server\rewrite.php(43): require_once('C:\\xampp\\htdocs...')
#5 {main}
CRITICAL - 2023-04-06 03:38:18 --> Class 'PhpOffice\PhpSpreadsheet\IOFactory' not found
#0 C:\xampp\htdocs\vote\system\CodeIgniter.php(832): App\Controllers\User->excel()
#1 C:\xampp\htdocs\vote\system\CodeIgniter.php(419): CodeIgniter\CodeIgniter->runController(Object(App\Controllers\User))
#2 C:\xampp\htdocs\vote\system\CodeIgniter.php(326): CodeIgniter\CodeIgniter->handleRequest(NULL, Object(Config\Cache), false)
#3 C:\xampp\htdocs\vote\public\index.php(37): CodeIgniter\CodeIgniter->run()
#4 C:\xampp\htdocs\vote\system\Commands\Server\rewrite.php(43): require_once('C:\\xampp\\htdocs...')
#5 {main}
CRITICAL - 2023-04-06 03:41:44 --> Class 'PhpOffice\PhpSpreadsheet\IOFactory' not found
#0 C:\xampp\htdocs\vote\system\CodeIgniter.php(832): App\Controllers\User->excel()
#1 C:\xampp\htdocs\vote\system\CodeIgniter.php(419): CodeIgniter\CodeIgniter->runController(Object(App\Controllers\User))
#2 C:\xampp\htdocs\vote\system\CodeIgniter.php(326): CodeIgniter\CodeIgniter->handleRequest(NULL, Object(Config\Cache), false)
#3 C:\xampp\htdocs\vote\public\index.php(37): CodeIgniter\CodeIgniter->run()
#4 C:\xampp\htdocs\vote\system\Commands\Server\rewrite.php(43): require_once('C:\\xampp\\htdocs...')
#5 {main}
CRITICAL - 2023-04-06 03:44:12 --> The uploaded file has already been moved.
#0 C:\xampp\htdocs\vote\system\HTTP\Files\UploadedFile.php(133): CodeIgniter\HTTP\Exceptions\HTTPException::forAlreadyMoved()
#1 C:\xampp\htdocs\vote\app\Controllers\User.php(122): CodeIgniter\HTTP\Files\UploadedFile->move('C:\\xampp\\htdocs...', NULL)
#2 C:\xampp\htdocs\vote\system\CodeIgniter.php(832): App\Controllers\User->excel()
#3 C:\xampp\htdocs\vote\system\CodeIgniter.php(419): CodeIgniter\CodeIgniter->runController(Object(App\Controllers\User))
#4 C:\xampp\htdocs\vote\system\CodeIgniter.php(326): CodeIgniter\CodeIgniter->handleRequest(NULL, Object(Config\Cache), false)
#5 C:\xampp\htdocs\vote\public\index.php(37): CodeIgniter\CodeIgniter->run()
#6 C:\xampp\htdocs\vote\system\Commands\Server\rewrite.php(43): require_once('C:\\xampp\\htdocs...')
#7 {main}
CRITICAL - 2023-04-06 03:58:08 --> Class 'App\Controllers\UserModel' not found
#0 C:\xampp\htdocs\vote\system\CodeIgniter.php(832): App\Controllers\User->excel()
#1 C:\xampp\htdocs\vote\system\CodeIgniter.php(419): CodeIgniter\CodeIgniter->runController(Object(App\Controllers\User))
#2 C:\xampp\htdocs\vote\system\CodeIgniter.php(326): CodeIgniter\CodeIgniter->handleRequest(NULL, Object(Config\Cache), false)
#3 C:\xampp\htdocs\vote\public\index.php(37): CodeIgniter\CodeIgniter->run()
#4 C:\xampp\htdocs\vote\system\Commands\Server\rewrite.php(43): require_once('C:\\xampp\\htdocs...')
#5 {main}
CRITICAL - 2023-04-06 03:58:23 --> The uploaded file has already been moved.
#0 C:\xampp\htdocs\vote\system\HTTP\Files\UploadedFile.php(133): CodeIgniter\HTTP\Exceptions\HTTPException::forAlreadyMoved()
#1 C:\xampp\htdocs\vote\app\Controllers\User.php(122): CodeIgniter\HTTP\Files\UploadedFile->move('C:\\xampp\\htdocs...', NULL)
#2 C:\xampp\htdocs\vote\system\CodeIgniter.php(832): App\Controllers\User->excel()
#3 C:\xampp\htdocs\vote\system\CodeIgniter.php(419): CodeIgniter\CodeIgniter->runController(Object(App\Controllers\User))
#4 C:\xampp\htdocs\vote\system\CodeIgniter.php(326): CodeIgniter\CodeIgniter->handleRequest(NULL, Object(Config\Cache), false)
#5 C:\xampp\htdocs\vote\public\index.php(37): CodeIgniter\CodeIgniter->run()
#6 C:\xampp\htdocs\vote\system\Commands\Server\rewrite.php(43): require_once('C:\\xampp\\htdocs...')
#7 {main}
CRITICAL - 2023-04-06 03:59:53 --> File "C:\xampp\htdocs\vote\writable\images/" does not exist.
#0 C:\xampp\htdocs\vote\vendor\phpoffice\phpspreadsheet\src\PhpSpreadsheet\IOFactory.php(135): PhpOffice\PhpSpreadsheet\Shared\File::assertFile('C:\\xampp\\htdocs...')
#1 C:\xampp\htdocs\vote\vendor\phpoffice\phpspreadsheet\src\PhpSpreadsheet\IOFactory.php(106): PhpOffice\PhpSpreadsheet\IOFactory::createReaderForFile('C:\\xampp\\htdocs...', NULL)
#2 C:\xampp\htdocs\vote\app\Controllers\User.php(107): PhpOffice\PhpSpreadsheet\IOFactory::load('C:\\xampp\\htdocs...')
#3 C:\xampp\htdocs\vote\system\CodeIgniter.php(832): App\Controllers\User->excel()
#4 C:\xampp\htdocs\vote\system\CodeIgniter.php(419): CodeIgniter\CodeIgniter->runController(Object(App\Controllers\User))
#5 C:\xampp\htdocs\vote\system\CodeIgniter.php(326): CodeIgniter\CodeIgniter->handleRequest(NULL, Object(Config\Cache), false)
#6 C:\xampp\htdocs\vote\public\index.php(37): CodeIgniter\CodeIgniter->run()
#7 C:\xampp\htdocs\vote\system\Commands\Server\rewrite.php(43): require_once('C:\\xampp\\htdocs...')
#8 {main}
