CRITICAL - 2023-09-26 22:47:07 --> Cannot redeclare App\Models\K_model::getData()
#0 [internal function]: CodeIgniter\Debug\Exceptions->shutdownHandler()
#1 {main}
CRITICAL - 2023-09-26 22:47:54 --> Cannot redeclare App\Models\K_model::getData()
#0 [internal function]: CodeIgniter\Debug\Exceptions->shutdownHandler()
#1 {main}
CRITICAL - 2023-09-26 22:48:14 --> Too few arguments to function App\Models\K_model::getData(), 0 passed in C:\xampp\htdocs\vote\app\Controllers\Hasil.php on line 18 and exactly 1 expected
#0 C:\xampp\htdocs\vote\app\Controllers\Hasil.php(18): App\Models\K_model->getData()
#1 C:\xampp\htdocs\vote\system\CodeIgniter.php(832): App\Controllers\Hasil->index()
#2 C:\xampp\htdocs\vote\system\CodeIgniter.php(419): CodeIgniter\CodeIgniter->runController(Object(App\Controllers\Hasil))
#3 C:\xampp\htdocs\vote\system\CodeIgniter.php(326): CodeIgniter\CodeIgniter->handleRequest(NULL, Object(Config\Cache), false)
#4 C:\xampp\htdocs\vote\public\index.php(37): CodeIgniter\CodeIgniter->run()
#5 C:\xampp\htdocs\vote\system\Commands\Server\rewrite.php(43): require_once('C:\\xampp\\htdocs...')
#6 {main}
CRITICAL - 2023-09-26 22:48:37 --> Too few arguments to function App\Models\K_model::getData(), 0 passed in C:\xampp\htdocs\vote\app\Controllers\Hasil.php on line 18 and exactly 1 expected
#0 C:\xampp\htdocs\vote\app\Controllers\Hasil.php(18): App\Models\K_model->getData()
#1 C:\xampp\htdocs\vote\system\CodeIgniter.php(832): App\Controllers\Hasil->index()
#2 C:\xampp\htdocs\vote\system\CodeIgniter.php(419): CodeIgniter\CodeIgniter->runController(Object(App\Controllers\Hasil))
#3 C:\xampp\htdocs\vote\system\CodeIgniter.php(326): CodeIgniter\CodeIgniter->handleRequest(NULL, Object(Config\Cache), false)
#4 C:\xampp\htdocs\vote\public\index.php(37): CodeIgniter\CodeIgniter->run()
#5 C:\xampp\htdocs\vote\system\Commands\Server\rewrite.php(43): require_once('C:\\xampp\\htdocs...')
#6 {main}
ERROR - 2023-09-26 23:23:52 --> Unknown column 'status2' in 'field list'
CRITICAL - 2023-09-26 23:23:52 --> Unknown column 'status2' in 'field list'
#0 C:\xampp\htdocs\vote\system\Database\MySQLi\Connection.php(292): mysqli->query('SELECT `status2...', 0)
#1 C:\xampp\htdocs\vote\system\Database\BaseConnection.php(670): CodeIgniter\Database\MySQLi\Connection->execute('SELECT `status2...')
#2 C:\xampp\htdocs\vote\system\Database\BaseConnection.php(598): CodeIgniter\Database\BaseConnection->simpleQuery('SELECT `status2...')
#3 C:\xampp\htdocs\vote\system\Database\BaseBuilder.php(1455): CodeIgniter\Database\BaseConnection->query('SELECT `status2...', Array, false)
#4 C:\xampp\htdocs\vote\app\Models\V_model.php(71): CodeIgniter\Database\BaseBuilder->get()
#5 C:\xampp\htdocs\vote\app\Controllers\Hasil.php(24): App\Models\V_model->getStatus2Selesai()
#6 C:\xampp\htdocs\vote\system\CodeIgniter.php(832): App\Controllers\Hasil->index()
#7 C:\xampp\htdocs\vote\system\CodeIgniter.php(419): CodeIgniter\CodeIgniter->runController(Object(App\Controllers\Hasil))
#8 C:\xampp\htdocs\vote\system\CodeIgniter.php(326): CodeIgniter\CodeIgniter->handleRequest(NULL, Object(Config\Cache), false)
#9 C:\xampp\htdocs\vote\public\index.php(37): CodeIgniter\CodeIgniter->run()
#10 C:\xampp\htdocs\vote\system\Commands\Server\rewrite.php(43): require_once('C:\\xampp\\htdocs...')
#11 {main}
ERROR - 2023-09-26 23:26:39 --> Unknown column 'periode.p_mulai' in 'where clause'
CRITICAL - 2023-09-26 23:26:39 --> Unknown column 'periode.p_mulai' in 'where clause'
#0 C:\xampp\htdocs\vote\system\Database\MySQLi\Connection.php(292): mysqli->query('SELECT `status2...', 0)
#1 C:\xampp\htdocs\vote\system\Database\BaseConnection.php(670): CodeIgniter\Database\MySQLi\Connection->execute('SELECT `status2...')
#2 C:\xampp\htdocs\vote\system\Database\BaseConnection.php(598): CodeIgniter\Database\BaseConnection->simpleQuery('SELECT `status2...')
#3 C:\xampp\htdocs\vote\system\Database\BaseBuilder.php(1455): CodeIgniter\Database\BaseConnection->query('SELECT `status2...', Array, false)
#4 C:\xampp\htdocs\vote\app\Models\V_model.php(72): CodeIgniter\Database\BaseBuilder->get()
#5 C:\xampp\htdocs\vote\app\Controllers\Hasil.php(24): App\Models\V_model->getStatus2Selesai()
#6 C:\xampp\htdocs\vote\system\CodeIgniter.php(832): App\Controllers\Hasil->index()
#7 C:\xampp\htdocs\vote\system\CodeIgniter.php(419): CodeIgniter\CodeIgniter->runController(Object(App\Controllers\Hasil))
#8 C:\xampp\htdocs\vote\system\CodeIgniter.php(326): CodeIgniter\CodeIgniter->handleRequest(NULL, Object(Config\Cache), false)
#9 C:\xampp\htdocs\vote\public\index.php(37): CodeIgniter\CodeIgniter->run()
#10 C:\xampp\htdocs\vote\system\Commands\Server\rewrite.php(43): require_once('C:\\xampp\\htdocs...')
#11 {main}
