CRITICAL - 2023-10-04 00:14:17 --> Undefined variable: b
#0 C:\xampp\htdocs\vote\app\Views\store_vote.php(60): CodeIgniter\Debug\Exceptions->errorHandler(8, 'Undefined varia...', 'C:\\xampp\\htdocs...', 60, Array)
#1 C:\xampp\htdocs\vote\system\View\View.php(210): include('C:\\xampp\\htdocs...')
#2 C:\xampp\htdocs\vote\system\View\View.php(213): CodeIgniter\View\View->CodeIgniter\View\{closure}()
#3 C:\xampp\htdocs\vote\system\Common.php(1089): CodeIgniter\View\View->render('store_vote', Array, true)
#4 C:\xampp\htdocs\vote\app\Controllers\Vote.php(129): view('store_vote', Array)
#5 C:\xampp\htdocs\vote\system\CodeIgniter.php(832): App\Controllers\Vote->store()
#6 C:\xampp\htdocs\vote\system\CodeIgniter.php(419): CodeIgniter\CodeIgniter->runController(Object(App\Controllers\Vote))
#7 C:\xampp\htdocs\vote\system\CodeIgniter.php(326): CodeIgniter\CodeIgniter->handleRequest(NULL, Object(Config\Cache), false)
#8 C:\xampp\htdocs\vote\public\index.php(37): CodeIgniter\CodeIgniter->run()
#9 C:\xampp\htdocs\vote\system\Commands\Server\rewrite.php(43): require_once('C:\\xampp\\htdocs...')
#10 {main}
CRITICAL - 2023-10-04 00:18:00 --> Trying to access array offset on value of type null
#0 C:\xampp\htdocs\vote\app\Controllers\Vote.php(36): CodeIgniter\Debug\Exceptions->errorHandler(8, 'Trying to acces...', 'C:\\xampp\\htdocs...', 36, Array)
#1 C:\xampp\htdocs\vote\system\CodeIgniter.php(832): App\Controllers\Vote->detail('4')
#2 C:\xampp\htdocs\vote\system\CodeIgniter.php(419): CodeIgniter\CodeIgniter->runController(Object(App\Controllers\Vote))
#3 C:\xampp\htdocs\vote\system\CodeIgniter.php(326): CodeIgniter\CodeIgniter->handleRequest(NULL, Object(Config\Cache), false)
#4 C:\xampp\htdocs\vote\public\index.php(37): CodeIgniter\CodeIgniter->run()
#5 C:\xampp\htdocs\vote\system\Commands\Server\rewrite.php(43): require_once('C:\\xampp\\htdocs...')
#6 {main}
CRITICAL - 2023-10-04 11:34:26 --> file_get_contents(public/excel/template.xlsx): failed to open stream: No such file or directory
#0 [internal function]: CodeIgniter\Debug\Exceptions->errorHandler(2, 'file_get_conten...', 'C:\\xampp\\htdocs...', 194, Array)
#1 C:\xampp\htdocs\vote\app\Controllers\User.php(194): file_get_contents('public/excel/te...')
#2 C:\xampp\htdocs\vote\system\CodeIgniter.php(832): App\Controllers\User->downloadTemplate()
#3 C:\xampp\htdocs\vote\system\CodeIgniter.php(419): CodeIgniter\CodeIgniter->runController(Object(App\Controllers\User))
#4 C:\xampp\htdocs\vote\system\CodeIgniter.php(326): CodeIgniter\CodeIgniter->handleRequest(NULL, Object(Config\Cache), false)
#5 C:\xampp\htdocs\vote\public\index.php(37): CodeIgniter\CodeIgniter->run()
#6 C:\xampp\htdocs\vote\system\Commands\Server\rewrite.php(43): require_once('C:\\xampp\\htdocs...')
#7 {main}
CRITICAL - 2023-10-04 11:34:31 --> file_get_contents(public/excel/template.xlsx): failed to open stream: No such file or directory
#0 [internal function]: CodeIgniter\Debug\Exceptions->errorHandler(2, 'file_get_conten...', 'C:\\xampp\\htdocs...', 194, Array)
#1 C:\xampp\htdocs\vote\app\Controllers\User.php(194): file_get_contents('public/excel/te...')
#2 C:\xampp\htdocs\vote\system\CodeIgniter.php(832): App\Controllers\User->downloadTemplate()
#3 C:\xampp\htdocs\vote\system\CodeIgniter.php(419): CodeIgniter\CodeIgniter->runController(Object(App\Controllers\User))
#4 C:\xampp\htdocs\vote\system\CodeIgniter.php(326): CodeIgniter\CodeIgniter->handleRequest(NULL, Object(Config\Cache), false)
#5 C:\xampp\htdocs\vote\public\index.php(37): CodeIgniter\CodeIgniter->run()
#6 C:\xampp\htdocs\vote\system\Commands\Server\rewrite.php(43): require_once('C:\\xampp\\htdocs...')
#7 {main}
CRITICAL - 2023-10-04 11:35:48 --> file_get_contents(public/excel/template.xlsx): failed to open stream: No such file or directory
#0 [internal function]: CodeIgniter\Debug\Exceptions->errorHandler(2, 'file_get_conten...', 'C:\\xampp\\htdocs...', 194, Array)
#1 C:\xampp\htdocs\vote\app\Controllers\User.php(194): file_get_contents('public/excel/te...')
#2 C:\xampp\htdocs\vote\system\CodeIgniter.php(832): App\Controllers\User->downloadTemplate()
#3 C:\xampp\htdocs\vote\system\CodeIgniter.php(419): CodeIgniter\CodeIgniter->runController(Object(App\Controllers\User))
#4 C:\xampp\htdocs\vote\system\CodeIgniter.php(326): CodeIgniter\CodeIgniter->handleRequest(NULL, Object(Config\Cache), false)
#5 C:\xampp\htdocs\vote\public\index.php(37): CodeIgniter\CodeIgniter->run()
#6 C:\xampp\htdocs\vote\system\Commands\Server\rewrite.php(43): require_once('C:\\xampp\\htdocs...')
#7 {main}
CRITICAL - 2023-10-04 11:35:53 --> file_get_contents(public/excel/template.xlsx): failed to open stream: No such file or directory
#0 [internal function]: CodeIgniter\Debug\Exceptions->errorHandler(2, 'file_get_conten...', 'C:\\xampp\\htdocs...', 194, Array)
#1 C:\xampp\htdocs\vote\app\Controllers\User.php(194): file_get_contents('public/excel/te...')
#2 C:\xampp\htdocs\vote\system\CodeIgniter.php(832): App\Controllers\User->downloadTemplate()
#3 C:\xampp\htdocs\vote\system\CodeIgniter.php(419): CodeIgniter\CodeIgniter->runController(Object(App\Controllers\User))
#4 C:\xampp\htdocs\vote\system\CodeIgniter.php(326): CodeIgniter\CodeIgniter->handleRequest(NULL, Object(Config\Cache), false)
#5 C:\xampp\htdocs\vote\public\index.php(37): CodeIgniter\CodeIgniter->run()
#6 C:\xampp\htdocs\vote\system\Commands\Server\rewrite.php(43): require_once('C:\\xampp\\htdocs...')
#7 {main}
CRITICAL - 2023-10-04 11:35:54 --> file_get_contents(public/excel/template.xlsx): failed to open stream: No such file or directory
#0 [internal function]: CodeIgniter\Debug\Exceptions->errorHandler(2, 'file_get_conten...', 'C:\\xampp\\htdocs...', 194, Array)
#1 C:\xampp\htdocs\vote\app\Controllers\User.php(194): file_get_contents('public/excel/te...')
#2 C:\xampp\htdocs\vote\system\CodeIgniter.php(832): App\Controllers\User->downloadTemplate()
#3 C:\xampp\htdocs\vote\system\CodeIgniter.php(419): CodeIgniter\CodeIgniter->runController(Object(App\Controllers\User))
#4 C:\xampp\htdocs\vote\system\CodeIgniter.php(326): CodeIgniter\CodeIgniter->handleRequest(NULL, Object(Config\Cache), false)
#5 C:\xampp\htdocs\vote\public\index.php(37): CodeIgniter\CodeIgniter->run()
#6 C:\xampp\htdocs\vote\system\Commands\Server\rewrite.php(43): require_once('C:\\xampp\\htdocs...')
#7 {main}
CRITICAL - 2023-10-04 11:35:55 --> file_get_contents(public/excel/template.xlsx): failed to open stream: No such file or directory
#0 [internal function]: CodeIgniter\Debug\Exceptions->errorHandler(2, 'file_get_conten...', 'C:\\xampp\\htdocs...', 194, Array)
#1 C:\xampp\htdocs\vote\app\Controllers\User.php(194): file_get_contents('public/excel/te...')
#2 C:\xampp\htdocs\vote\system\CodeIgniter.php(832): App\Controllers\User->downloadTemplate()
#3 C:\xampp\htdocs\vote\system\CodeIgniter.php(419): CodeIgniter\CodeIgniter->runController(Object(App\Controllers\User))
#4 C:\xampp\htdocs\vote\system\CodeIgniter.php(326): CodeIgniter\CodeIgniter->handleRequest(NULL, Object(Config\Cache), false)
#5 C:\xampp\htdocs\vote\public\index.php(37): CodeIgniter\CodeIgniter->run()
#6 C:\xampp\htdocs\vote\system\Commands\Server\rewrite.php(43): require_once('C:\\xampp\\htdocs...')
#7 {main}
CRITICAL - 2023-10-04 11:35:56 --> file_get_contents(public/excel/template.xlsx): failed to open stream: No such file or directory
#0 [internal function]: CodeIgniter\Debug\Exceptions->errorHandler(2, 'file_get_conten...', 'C:\\xampp\\htdocs...', 194, Array)
#1 C:\xampp\htdocs\vote\app\Controllers\User.php(194): file_get_contents('public/excel/te...')
#2 C:\xampp\htdocs\vote\system\CodeIgniter.php(832): App\Controllers\User->downloadTemplate()
#3 C:\xampp\htdocs\vote\system\CodeIgniter.php(419): CodeIgniter\CodeIgniter->runController(Object(App\Controllers\User))
#4 C:\xampp\htdocs\vote\system\CodeIgniter.php(326): CodeIgniter\CodeIgniter->handleRequest(NULL, Object(Config\Cache), false)
#5 C:\xampp\htdocs\vote\public\index.php(37): CodeIgniter\CodeIgniter->run()
#6 C:\xampp\htdocs\vote\system\Commands\Server\rewrite.php(43): require_once('C:\\xampp\\htdocs...')
#7 {main}
CRITICAL - 2023-10-04 11:36:29 --> file_get_contents(public/excel/template.xlsx): failed to open stream: No such file or directory
#0 [internal function]: CodeIgniter\Debug\Exceptions->errorHandler(2, 'file_get_conten...', 'C:\\xampp\\htdocs...', 194, Array)
#1 C:\xampp\htdocs\vote\app\Controllers\User.php(194): file_get_contents('public/excel/te...')
#2 C:\xampp\htdocs\vote\system\CodeIgniter.php(832): App\Controllers\User->downloadTemplate()
#3 C:\xampp\htdocs\vote\system\CodeIgniter.php(419): CodeIgniter\CodeIgniter->runController(Object(App\Controllers\User))
#4 C:\xampp\htdocs\vote\system\CodeIgniter.php(326): CodeIgniter\CodeIgniter->handleRequest(NULL, Object(Config\Cache), false)
#5 C:\xampp\htdocs\vote\public\index.php(37): CodeIgniter\CodeIgniter->run()
#6 C:\xampp\htdocs\vote\system\Commands\Server\rewrite.php(43): require_once('C:\\xampp\\htdocs...')
#7 {main}
CRITICAL - 2023-10-04 11:38:07 --> file_get_contents(public/excel/template.xlsx): failed to open stream: No such file or directory
#0 [internal function]: CodeIgniter\Debug\Exceptions->errorHandler(2, 'file_get_conten...', 'C:\\xampp\\htdocs...', 194, Array)
#1 C:\xampp\htdocs\vote\app\Controllers\User.php(194): file_get_contents('public/excel/te...')
#2 C:\xampp\htdocs\vote\system\CodeIgniter.php(832): App\Controllers\User->downloadTemplate()
#3 C:\xampp\htdocs\vote\system\CodeIgniter.php(419): CodeIgniter\CodeIgniter->runController(Object(App\Controllers\User))
#4 C:\xampp\htdocs\vote\system\CodeIgniter.php(326): CodeIgniter\CodeIgniter->handleRequest(NULL, Object(Config\Cache), false)
#5 C:\xampp\htdocs\vote\public\index.php(37): CodeIgniter\CodeIgniter->run()
#6 C:\xampp\htdocs\vote\system\Commands\Server\rewrite.php(43): require_once('C:\\xampp\\htdocs...')
#7 {main}
CRITICAL - 2023-10-04 11:38:12 --> file_get_contents(public/excel/template.xlsx): failed to open stream: No such file or directory
#0 [internal function]: CodeIgniter\Debug\Exceptions->errorHandler(2, 'file_get_conten...', 'C:\\xampp\\htdocs...', 194, Array)
#1 C:\xampp\htdocs\vote\app\Controllers\User.php(194): file_get_contents('public/excel/te...')
#2 C:\xampp\htdocs\vote\system\CodeIgniter.php(832): App\Controllers\User->downloadTemplate()
#3 C:\xampp\htdocs\vote\system\CodeIgniter.php(419): CodeIgniter\CodeIgniter->runController(Object(App\Controllers\User))
#4 C:\xampp\htdocs\vote\system\CodeIgniter.php(326): CodeIgniter\CodeIgniter->handleRequest(NULL, Object(Config\Cache), false)
#5 C:\xampp\htdocs\vote\public\index.php(37): CodeIgniter\CodeIgniter->run()
#6 C:\xampp\htdocs\vote\system\Commands\Server\rewrite.php(43): require_once('C:\\xampp\\htdocs...')
#7 {main}
CRITICAL - 2023-10-04 11:38:13 --> file_get_contents(public/excel/template.xlsx): failed to open stream: No such file or directory
#0 [internal function]: CodeIgniter\Debug\Exceptions->errorHandler(2, 'file_get_conten...', 'C:\\xampp\\htdocs...', 194, Array)
#1 C:\xampp\htdocs\vote\app\Controllers\User.php(194): file_get_contents('public/excel/te...')
#2 C:\xampp\htdocs\vote\system\CodeIgniter.php(832): App\Controllers\User->downloadTemplate()
#3 C:\xampp\htdocs\vote\system\CodeIgniter.php(419): CodeIgniter\CodeIgniter->runController(Object(App\Controllers\User))
#4 C:\xampp\htdocs\vote\system\CodeIgniter.php(326): CodeIgniter\CodeIgniter->handleRequest(NULL, Object(Config\Cache), false)
#5 C:\xampp\htdocs\vote\public\index.php(37): CodeIgniter\CodeIgniter->run()
#6 C:\xampp\htdocs\vote\system\Commands\Server\rewrite.php(43): require_once('C:\\xampp\\htdocs...')
#7 {main}
CRITICAL - 2023-10-04 11:38:14 --> file_get_contents(public/excel/template.xlsx): failed to open stream: No such file or directory
#0 [internal function]: CodeIgniter\Debug\Exceptions->errorHandler(2, 'file_get_conten...', 'C:\\xampp\\htdocs...', 194, Array)
#1 C:\xampp\htdocs\vote\app\Controllers\User.php(194): file_get_contents('public/excel/te...')
#2 C:\xampp\htdocs\vote\system\CodeIgniter.php(832): App\Controllers\User->downloadTemplate()
#3 C:\xampp\htdocs\vote\system\CodeIgniter.php(419): CodeIgniter\CodeIgniter->runController(Object(App\Controllers\User))
#4 C:\xampp\htdocs\vote\system\CodeIgniter.php(326): CodeIgniter\CodeIgniter->handleRequest(NULL, Object(Config\Cache), false)
#5 C:\xampp\htdocs\vote\public\index.php(37): CodeIgniter\CodeIgniter->run()
#6 C:\xampp\htdocs\vote\system\Commands\Server\rewrite.php(43): require_once('C:\\xampp\\htdocs...')
#7 {main}
CRITICAL - 2023-10-04 11:38:14 --> file_get_contents(public/excel/template.xlsx): failed to open stream: No such file or directory
#0 [internal function]: CodeIgniter\Debug\Exceptions->errorHandler(2, 'file_get_conten...', 'C:\\xampp\\htdocs...', 194, Array)
#1 C:\xampp\htdocs\vote\app\Controllers\User.php(194): file_get_contents('public/excel/te...')
#2 C:\xampp\htdocs\vote\system\CodeIgniter.php(832): App\Controllers\User->downloadTemplate()
#3 C:\xampp\htdocs\vote\system\CodeIgniter.php(419): CodeIgniter\CodeIgniter->runController(Object(App\Controllers\User))
#4 C:\xampp\htdocs\vote\system\CodeIgniter.php(326): CodeIgniter\CodeIgniter->handleRequest(NULL, Object(Config\Cache), false)
#5 C:\xampp\htdocs\vote\public\index.php(37): CodeIgniter\CodeIgniter->run()
#6 C:\xampp\htdocs\vote\system\Commands\Server\rewrite.php(43): require_once('C:\\xampp\\htdocs...')
#7 {main}
CRITICAL - 2023-10-04 11:46:43 --> File not found: public/excel/template.xlsx
#0 C:\xampp\htdocs\vote\system\Files\File.php(46): CodeIgniter\Files\Exceptions\FileNotFoundException::forFileNotFound('public/excel/te...')
#1 C:\xampp\htdocs\vote\system\HTTP\DownloadResponse.php(107): CodeIgniter\Files\File->__construct('public/excel/te...', true)
#2 C:\xampp\htdocs\vote\system\HTTP\ResponseTrait.php(774): CodeIgniter\HTTP\DownloadResponse->setFilePath('public/excel/te...')
#3 C:\xampp\htdocs\vote\app\Controllers\User.php(196): CodeIgniter\HTTP\Response->download('template.xlsx', NULL)
#4 C:\xampp\htdocs\vote\system\CodeIgniter.php(832): App\Controllers\User->downloadExcel()
#5 C:\xampp\htdocs\vote\system\CodeIgniter.php(419): CodeIgniter\CodeIgniter->runController(Object(App\Controllers\User))
#6 C:\xampp\htdocs\vote\system\CodeIgniter.php(326): CodeIgniter\CodeIgniter->handleRequest(NULL, Object(Config\Cache), false)
#7 C:\xampp\htdocs\vote\public\index.php(37): CodeIgniter\CodeIgniter->run()
#8 C:\xampp\htdocs\vote\system\Commands\Server\rewrite.php(43): require_once('C:\\xampp\\htdocs...')
#9 {main}
CRITICAL - 2023-10-04 11:47:37 --> File not found: /public/excel/template.xlsx
#0 C:\xampp\htdocs\vote\system\Files\File.php(46): CodeIgniter\Files\Exceptions\FileNotFoundException::forFileNotFound('/public/excel/t...')
#1 C:\xampp\htdocs\vote\system\HTTP\DownloadResponse.php(107): CodeIgniter\Files\File->__construct('/public/excel/t...', true)
#2 C:\xampp\htdocs\vote\system\HTTP\ResponseTrait.php(774): CodeIgniter\HTTP\DownloadResponse->setFilePath('/public/excel/t...')
#3 C:\xampp\htdocs\vote\app\Controllers\User.php(196): CodeIgniter\HTTP\Response->download('template.xlsx', NULL)
#4 C:\xampp\htdocs\vote\system\CodeIgniter.php(832): App\Controllers\User->downloadExcel()
#5 C:\xampp\htdocs\vote\system\CodeIgniter.php(419): CodeIgniter\CodeIgniter->runController(Object(App\Controllers\User))
#6 C:\xampp\htdocs\vote\system\CodeIgniter.php(326): CodeIgniter\CodeIgniter->handleRequest(NULL, Object(Config\Cache), false)
#7 C:\xampp\htdocs\vote\public\index.php(37): CodeIgniter\CodeIgniter->run()
#8 C:\xampp\htdocs\vote\system\Commands\Server\rewrite.php(43): require_once('C:\\xampp\\htdocs...')
#9 {main}
CRITICAL - 2023-10-04 11:48:25 --> File not found: C:\xampp\htdocs\vote\public\excel
#0 C:\xampp\htdocs\vote\system\Files\File.php(46): CodeIgniter\Files\Exceptions\FileNotFoundException::forFileNotFound('C:\\xampp\\htdocs...')
#1 C:\xampp\htdocs\vote\system\HTTP\DownloadResponse.php(107): CodeIgniter\Files\File->__construct('C:\\xampp\\htdocs...', true)
#2 C:\xampp\htdocs\vote\system\HTTP\ResponseTrait.php(774): CodeIgniter\HTTP\DownloadResponse->setFilePath('C:\\xampp\\htdocs...')
#3 C:\xampp\htdocs\vote\app\Controllers\User.php(196): CodeIgniter\HTTP\Response->download('excel', NULL)
#4 C:\xampp\htdocs\vote\system\CodeIgniter.php(832): App\Controllers\User->downloadExcel()
#5 C:\xampp\htdocs\vote\system\CodeIgniter.php(419): CodeIgniter\CodeIgniter->runController(Object(App\Controllers\User))
#6 C:\xampp\htdocs\vote\system\CodeIgniter.php(326): CodeIgniter\CodeIgniter->handleRequest(NULL, Object(Config\Cache), false)
#7 C:\xampp\htdocs\vote\public\index.php(37): CodeIgniter\CodeIgniter->run()
#8 C:\xampp\htdocs\vote\system\Commands\Server\rewrite.php(43): require_once('C:\\xampp\\htdocs...')
#9 {main}
CRITICAL - 2023-10-04 11:48:33 --> File not found: vote/public/excel/template.xlsx
#0 C:\xampp\htdocs\vote\system\Files\File.php(46): CodeIgniter\Files\Exceptions\FileNotFoundException::forFileNotFound('vote/public/exc...')
#1 C:\xampp\htdocs\vote\system\HTTP\DownloadResponse.php(107): CodeIgniter\Files\File->__construct('vote/public/exc...', true)
#2 C:\xampp\htdocs\vote\system\HTTP\ResponseTrait.php(774): CodeIgniter\HTTP\DownloadResponse->setFilePath('vote/public/exc...')
#3 C:\xampp\htdocs\vote\app\Controllers\User.php(196): CodeIgniter\HTTP\Response->download('template.xlsx', NULL)
#4 C:\xampp\htdocs\vote\system\CodeIgniter.php(832): App\Controllers\User->downloadExcel()
#5 C:\xampp\htdocs\vote\system\CodeIgniter.php(419): CodeIgniter\CodeIgniter->runController(Object(App\Controllers\User))
#6 C:\xampp\htdocs\vote\system\CodeIgniter.php(326): CodeIgniter\CodeIgniter->handleRequest(NULL, Object(Config\Cache), false)
#7 C:\xampp\htdocs\vote\public\index.php(37): CodeIgniter\CodeIgniter->run()
#8 C:\xampp\htdocs\vote\system\Commands\Server\rewrite.php(43): require_once('C:\\xampp\\htdocs...')
#9 {main}
CRITICAL - 2023-10-04 11:49:58 --> File not found: public/excel/template.xlsx
#0 C:\xampp\htdocs\vote\system\Files\File.php(46): CodeIgniter\Files\Exceptions\FileNotFoundException::forFileNotFound('public/excel/te...')
#1 C:\xampp\htdocs\vote\system\HTTP\DownloadResponse.php(107): CodeIgniter\Files\File->__construct('public/excel/te...', true)
#2 C:\xampp\htdocs\vote\system\HTTP\ResponseTrait.php(774): CodeIgniter\HTTP\DownloadResponse->setFilePath('public/excel/te...')
#3 C:\xampp\htdocs\vote\app\Controllers\User.php(196): CodeIgniter\HTTP\Response->download('template.xlsx', NULL)
#4 C:\xampp\htdocs\vote\system\CodeIgniter.php(832): App\Controllers\User->downloadExcel()
#5 C:\xampp\htdocs\vote\system\CodeIgniter.php(419): CodeIgniter\CodeIgniter->runController(Object(App\Controllers\User))
#6 C:\xampp\htdocs\vote\system\CodeIgniter.php(326): CodeIgniter\CodeIgniter->handleRequest(NULL, Object(Config\Cache), false)
#7 C:\xampp\htdocs\vote\public\index.php(37): CodeIgniter\CodeIgniter->run()
#8 C:\xampp\htdocs\vote\system\Commands\Server\rewrite.php(43): require_once('C:\\xampp\\htdocs...')
#9 {main}
CRITICAL - 2023-10-04 11:51:41 --> File not found: public/template.xlsx
#0 C:\xampp\htdocs\vote\system\Files\File.php(46): CodeIgniter\Files\Exceptions\FileNotFoundException::forFileNotFound('public/template...')
#1 C:\xampp\htdocs\vote\system\HTTP\DownloadResponse.php(107): CodeIgniter\Files\File->__construct('public/template...', true)
#2 C:\xampp\htdocs\vote\system\HTTP\ResponseTrait.php(774): CodeIgniter\HTTP\DownloadResponse->setFilePath('public/template...')
#3 C:\xampp\htdocs\vote\app\Controllers\User.php(196): CodeIgniter\HTTP\Response->download('template.xlsx', NULL)
#4 C:\xampp\htdocs\vote\system\CodeIgniter.php(832): App\Controllers\User->downloadExcel()
#5 C:\xampp\htdocs\vote\system\CodeIgniter.php(419): CodeIgniter\CodeIgniter->runController(Object(App\Controllers\User))
#6 C:\xampp\htdocs\vote\system\CodeIgniter.php(326): CodeIgniter\CodeIgniter->handleRequest(NULL, Object(Config\Cache), false)
#7 C:\xampp\htdocs\vote\public\index.php(37): CodeIgniter\CodeIgniter->run()
#8 C:\xampp\htdocs\vote\system\Commands\Server\rewrite.php(43): require_once('C:\\xampp\\htdocs...')
#9 {main}
CRITICAL - 2023-10-04 11:52:09 --> File not found: public/a.xlsx
#0 C:\xampp\htdocs\vote\system\Files\File.php(46): CodeIgniter\Files\Exceptions\FileNotFoundException::forFileNotFound('public/a.xlsx')
#1 C:\xampp\htdocs\vote\system\HTTP\DownloadResponse.php(107): CodeIgniter\Files\File->__construct('public/a.xlsx', true)
#2 C:\xampp\htdocs\vote\system\HTTP\ResponseTrait.php(774): CodeIgniter\HTTP\DownloadResponse->setFilePath('public/a.xlsx')
#3 C:\xampp\htdocs\vote\app\Controllers\User.php(196): CodeIgniter\HTTP\Response->download('a.xlsx', NULL)
#4 C:\xampp\htdocs\vote\system\CodeIgniter.php(832): App\Controllers\User->downloadExcel()
#5 C:\xampp\htdocs\vote\system\CodeIgniter.php(419): CodeIgniter\CodeIgniter->runController(Object(App\Controllers\User))
#6 C:\xampp\htdocs\vote\system\CodeIgniter.php(326): CodeIgniter\CodeIgniter->handleRequest(NULL, Object(Config\Cache), false)
#7 C:\xampp\htdocs\vote\public\index.php(37): CodeIgniter\CodeIgniter->run()
#8 C:\xampp\htdocs\vote\system\Commands\Server\rewrite.php(43): require_once('C:\\xampp\\htdocs...')
#9 {main}
CRITICAL - 2023-10-04 21:17:17 --> Call to undefined method App\Controllers\Hasil::isStatus2Tampil()
#0 C:\xampp\htdocs\vote\system\CodeIgniter.php(832): App\Controllers\Hasil->index()
#1 C:\xampp\htdocs\vote\system\CodeIgniter.php(419): CodeIgniter\CodeIgniter->runController(Object(App\Controllers\Hasil))
#2 C:\xampp\htdocs\vote\system\CodeIgniter.php(326): CodeIgniter\CodeIgniter->handleRequest(NULL, Object(Config\Cache), false)
#3 C:\xampp\htdocs\vote\public\index.php(37): CodeIgniter\CodeIgniter->run()
#4 C:\xampp\htdocs\vote\system\Commands\Server\rewrite.php(43): require_once('C:\\xampp\\htdocs...')
#5 {main}
CRITICAL - 2023-10-04 21:18:21 --> Call to undefined method App\Controllers\Hasil::isStatus2Tampil()
#0 C:\xampp\htdocs\vote\system\CodeIgniter.php(832): App\Controllers\Hasil->index()
#1 C:\xampp\htdocs\vote\system\CodeIgniter.php(419): CodeIgniter\CodeIgniter->runController(Object(App\Controllers\Hasil))
#2 C:\xampp\htdocs\vote\system\CodeIgniter.php(326): CodeIgniter\CodeIgniter->handleRequest(NULL, Object(Config\Cache), false)
#3 C:\xampp\htdocs\vote\public\index.php(37): CodeIgniter\CodeIgniter->run()
#4 C:\xampp\htdocs\vote\system\Commands\Server\rewrite.php(43): require_once('C:\\xampp\\htdocs...')
#5 {main}
CRITICAL - 2023-10-04 21:45:36 --> syntax error, unexpected 'use' (T_USE)
#0 C:\xampp\htdocs\vote\system\View\View.php(213): CodeIgniter\View\View->CodeIgniter\View\{closure}()
#1 C:\xampp\htdocs\vote\system\Common.php(1089): CodeIgniter\View\View->render('v_vote', Array, true)
#2 C:\xampp\htdocs\vote\app\Controllers\Vote.php(19): view('v_vote', Array)
#3 C:\xampp\htdocs\vote\system\CodeIgniter.php(832): App\Controllers\Vote->index()
#4 C:\xampp\htdocs\vote\system\CodeIgniter.php(419): CodeIgniter\CodeIgniter->runController(Object(App\Controllers\Vote))
#5 C:\xampp\htdocs\vote\system\CodeIgniter.php(326): CodeIgniter\CodeIgniter->handleRequest(NULL, Object(Config\Cache), false)
#6 C:\xampp\htdocs\vote\public\index.php(37): CodeIgniter\CodeIgniter->run()
#7 C:\xampp\htdocs\vote\system\Commands\Server\rewrite.php(43): require_once('C:\\xampp\\htdocs...')
#8 {main}
CRITICAL - 2023-10-04 21:47:23 --> syntax error, unexpected 'use' (T_USE)
#0 C:\xampp\htdocs\vote\system\View\View.php(213): CodeIgniter\View\View->CodeIgniter\View\{closure}()
#1 C:\xampp\htdocs\vote\system\Common.php(1089): CodeIgniter\View\View->render('v_vote', Array, true)
#2 C:\xampp\htdocs\vote\app\Controllers\Vote.php(19): view('v_vote', Array)
#3 C:\xampp\htdocs\vote\system\CodeIgniter.php(832): App\Controllers\Vote->index()
#4 C:\xampp\htdocs\vote\system\CodeIgniter.php(419): CodeIgniter\CodeIgniter->runController(Object(App\Controllers\Vote))
#5 C:\xampp\htdocs\vote\system\CodeIgniter.php(326): CodeIgniter\CodeIgniter->handleRequest(NULL, Object(Config\Cache), false)
#6 C:\xampp\htdocs\vote\public\index.php(37): CodeIgniter\CodeIgniter->run()
#7 C:\xampp\htdocs\vote\system\Commands\Server\rewrite.php(43): require_once('C:\\xampp\\htdocs...')
#8 {main}
CRITICAL - 2023-10-04 21:48:44 --> syntax error, unexpected 'use' (T_USE)
#0 C:\xampp\htdocs\vote\system\View\View.php(213): CodeIgniter\View\View->CodeIgniter\View\{closure}()
#1 C:\xampp\htdocs\vote\system\Common.php(1089): CodeIgniter\View\View->render('v_vote', Array, true)
#2 C:\xampp\htdocs\vote\app\Controllers\Vote.php(19): view('v_vote', Array)
#3 C:\xampp\htdocs\vote\system\CodeIgniter.php(832): App\Controllers\Vote->index()
#4 C:\xampp\htdocs\vote\system\CodeIgniter.php(419): CodeIgniter\CodeIgniter->runController(Object(App\Controllers\Vote))
#5 C:\xampp\htdocs\vote\system\CodeIgniter.php(326): CodeIgniter\CodeIgniter->handleRequest(NULL, Object(Config\Cache), false)
#6 C:\xampp\htdocs\vote\public\index.php(37): CodeIgniter\CodeIgniter->run()
#7 C:\xampp\htdocs\vote\system\Commands\Server\rewrite.php(43): require_once('C:\\xampp\\htdocs...')
#8 {main}
CRITICAL - 2023-10-04 22:03:10 --> Call to a member function where() on array
#0 C:\xampp\htdocs\vote\system\CodeIgniter.php(832): App\Controllers\User->index()
#1 C:\xampp\htdocs\vote\system\CodeIgniter.php(419): CodeIgniter\CodeIgniter->runController(Object(App\Controllers\User))
#2 C:\xampp\htdocs\vote\system\CodeIgniter.php(326): CodeIgniter\CodeIgniter->handleRequest(NULL, Object(Config\Cache), false)
#3 C:\xampp\htdocs\vote\public\index.php(37): CodeIgniter\CodeIgniter->run()
#4 C:\xampp\htdocs\vote\system\Commands\Server\rewrite.php(43): require_once('C:\\xampp\\htdocs...')
#5 {main}
CRITICAL - 2023-10-04 22:03:46 --> Call to a member function where() on array
#0 C:\xampp\htdocs\vote\system\CodeIgniter.php(832): App\Controllers\User->index()
#1 C:\xampp\htdocs\vote\system\CodeIgniter.php(419): CodeIgniter\CodeIgniter->runController(Object(App\Controllers\User))
#2 C:\xampp\htdocs\vote\system\CodeIgniter.php(326): CodeIgniter\CodeIgniter->handleRequest(NULL, Object(Config\Cache), false)
#3 C:\xampp\htdocs\vote\public\index.php(37): CodeIgniter\CodeIgniter->run()
#4 C:\xampp\htdocs\vote\system\Commands\Server\rewrite.php(43): require_once('C:\\xampp\\htdocs...')
#5 {main}
CRITICAL - 2023-10-04 22:04:20 --> Call to a member function where() on array
#0 C:\xampp\htdocs\vote\system\CodeIgniter.php(832): App\Controllers\User->index()
#1 C:\xampp\htdocs\vote\system\CodeIgniter.php(419): CodeIgniter\CodeIgniter->runController(Object(App\Controllers\User))
#2 C:\xampp\htdocs\vote\system\CodeIgniter.php(326): CodeIgniter\CodeIgniter->handleRequest(NULL, Object(Config\Cache), false)
#3 C:\xampp\htdocs\vote\public\index.php(37): CodeIgniter\CodeIgniter->run()
#4 C:\xampp\htdocs\vote\system\Commands\Server\rewrite.php(43): require_once('C:\\xampp\\htdocs...')
#5 {main}
ERROR - 2023-10-04 22:12:54 --> Unknown column 'user.level>' in 'where clause'
CRITICAL - 2023-10-04 22:12:54 --> Unknown column 'user.level>' in 'where clause'
#0 C:\xampp\htdocs\vote\system\Database\MySQLi\Connection.php(292): mysqli->query('SELECT *\nFROM `...', 0)
#1 C:\xampp\htdocs\vote\system\Database\BaseConnection.php(670): CodeIgniter\Database\MySQLi\Connection->execute('SELECT *\nFROM `...')
#2 C:\xampp\htdocs\vote\system\Database\BaseConnection.php(598): CodeIgniter\Database\BaseConnection->simpleQuery('SELECT *\nFROM `...')
#3 C:\xampp\htdocs\vote\system\Database\BaseBuilder.php(1455): CodeIgniter\Database\BaseConnection->query('SELECT *\nFROM `...', Array, false)
#4 C:\xampp\htdocs\vote\app\Models\M_model.php(38): CodeIgniter\Database\BaseBuilder->get()
#5 C:\xampp\htdocs\vote\app\Controllers\User.php(29): App\Models\M_model->getUsersWithLevel2()
#6 C:\xampp\htdocs\vote\system\CodeIgniter.php(832): App\Controllers\User->index()
#7 C:\xampp\htdocs\vote\system\CodeIgniter.php(419): CodeIgniter\CodeIgniter->runController(Object(App\Controllers\User))
#8 C:\xampp\htdocs\vote\system\CodeIgniter.php(326): CodeIgniter\CodeIgniter->handleRequest(NULL, Object(Config\Cache), false)
#9 C:\xampp\htdocs\vote\public\index.php(37): CodeIgniter\CodeIgniter->run()
#10 C:\xampp\htdocs\vote\system\Commands\Server\rewrite.php(43): require_once('C:\\xampp\\htdocs...')
#11 {main}
ERROR - 2023-10-04 22:25:02 --> Unknown column 'level' in 'where clause'
CRITICAL - 2023-10-04 22:25:02 --> Unknown column 'level' in 'where clause'
#0 C:\xampp\htdocs\vote\system\Database\MySQLi\Connection.php(292): mysqli->query('SELECT *\nFROM `...', 0)
#1 C:\xampp\htdocs\vote\system\Database\BaseConnection.php(670): CodeIgniter\Database\MySQLi\Connection->execute('SELECT *\nFROM `...')
#2 C:\xampp\htdocs\vote\system\Database\BaseConnection.php(598): CodeIgniter\Database\BaseConnection->simpleQuery('SELECT *\nFROM `...')
#3 C:\xampp\htdocs\vote\system\Database\BaseBuilder.php(1455): CodeIgniter\Database\BaseConnection->query('SELECT *\nFROM `...', Array, false)
#4 C:\xampp\htdocs\vote\app\Models\M_model.php(22): CodeIgniter\Database\BaseBuilder->get()
#5 C:\xampp\htdocs\vote\app\Controllers\User.php(60): App\Models\M_model->tampil2('level')
#6 C:\xampp\htdocs\vote\system\CodeIgniter.php(832): App\Controllers\User->tambah()
#7 C:\xampp\htdocs\vote\system\CodeIgniter.php(419): CodeIgniter\CodeIgniter->runController(Object(App\Controllers\User))
#8 C:\xampp\htdocs\vote\system\CodeIgniter.php(326): CodeIgniter\CodeIgniter->handleRequest(NULL, Object(Config\Cache), false)
#9 C:\xampp\htdocs\vote\public\index.php(37): CodeIgniter\CodeIgniter->run()
#10 C:\xampp\htdocs\vote\system\Commands\Server\rewrite.php(43): require_once('C:\\xampp\\htdocs...')
#11 {main}
ERROR - 2023-10-04 22:25:41 --> Unknown column 'level' in 'where clause'
CRITICAL - 2023-10-04 22:25:41 --> Unknown column 'level' in 'where clause'
#0 C:\xampp\htdocs\vote\system\Database\MySQLi\Connection.php(292): mysqli->query('SELECT *\nFROM `...', 0)
#1 C:\xampp\htdocs\vote\system\Database\BaseConnection.php(670): CodeIgniter\Database\MySQLi\Connection->execute('SELECT *\nFROM `...')
#2 C:\xampp\htdocs\vote\system\Database\BaseConnection.php(598): CodeIgniter\Database\BaseConnection->simpleQuery('SELECT *\nFROM `...')
#3 C:\xampp\htdocs\vote\system\Database\BaseBuilder.php(1455): CodeIgniter\Database\BaseConnection->query('SELECT *\nFROM `...', Array, false)
#4 C:\xampp\htdocs\vote\app\Models\M_model.php(22): CodeIgniter\Database\BaseBuilder->get()
#5 C:\xampp\htdocs\vote\app\Controllers\User.php(60): App\Models\M_model->tampil2('level')
#6 C:\xampp\htdocs\vote\system\CodeIgniter.php(832): App\Controllers\User->tambah()
#7 C:\xampp\htdocs\vote\system\CodeIgniter.php(419): CodeIgniter\CodeIgniter->runController(Object(App\Controllers\User))
#8 C:\xampp\htdocs\vote\system\CodeIgniter.php(326): CodeIgniter\CodeIgniter->handleRequest(NULL, Object(Config\Cache), false)
#9 C:\xampp\htdocs\vote\public\index.php(37): CodeIgniter\CodeIgniter->run()
#10 C:\xampp\htdocs\vote\system\Commands\Server\rewrite.php(43): require_once('C:\\xampp\\htdocs...')
#11 {main}
ERROR - 2023-10-04 22:26:51 --> Unknown column 'user.level' in 'where clause'
CRITICAL - 2023-10-04 22:26:51 --> Unknown column 'user.level' in 'where clause'
#0 C:\xampp\htdocs\vote\system\Database\MySQLi\Connection.php(292): mysqli->query('SELECT *\nFROM `...', 0)
#1 C:\xampp\htdocs\vote\system\Database\BaseConnection.php(670): CodeIgniter\Database\MySQLi\Connection->execute('SELECT *\nFROM `...')
#2 C:\xampp\htdocs\vote\system\Database\BaseConnection.php(598): CodeIgniter\Database\BaseConnection->simpleQuery('SELECT *\nFROM `...')
#3 C:\xampp\htdocs\vote\system\Database\BaseBuilder.php(1455): CodeIgniter\Database\BaseConnection->query('SELECT *\nFROM `...', Array, false)
#4 C:\xampp\htdocs\vote\app\Models\M_model.php(22): CodeIgniter\Database\BaseBuilder->get()
#5 C:\xampp\htdocs\vote\app\Controllers\User.php(60): App\Models\M_model->tampil2('level')
#6 C:\xampp\htdocs\vote\system\CodeIgniter.php(832): App\Controllers\User->tambah()
#7 C:\xampp\htdocs\vote\system\CodeIgniter.php(419): CodeIgniter\CodeIgniter->runController(Object(App\Controllers\User))
#8 C:\xampp\htdocs\vote\system\CodeIgniter.php(326): CodeIgniter\CodeIgniter->handleRequest(NULL, Object(Config\Cache), false)
#9 C:\xampp\htdocs\vote\public\index.php(37): CodeIgniter\CodeIgniter->run()
#10 C:\xampp\htdocs\vote\system\Commands\Server\rewrite.php(43): require_once('C:\\xampp\\htdocs...')
#11 {main}
ERROR - 2023-10-04 22:29:58 --> Not unique table/alias: 'level'
CRITICAL - 2023-10-04 22:29:58 --> Not unique table/alias: 'level'
#0 C:\xampp\htdocs\vote\system\Database\MySQLi\Connection.php(292): mysqli->query('SELECT *\nFROM `...', 0)
#1 C:\xampp\htdocs\vote\system\Database\BaseConnection.php(670): CodeIgniter\Database\MySQLi\Connection->execute('SELECT *\nFROM `...')
#2 C:\xampp\htdocs\vote\system\Database\BaseConnection.php(598): CodeIgniter\Database\BaseConnection->simpleQuery('SELECT *\nFROM `...')
#3 C:\xampp\htdocs\vote\system\Database\BaseBuilder.php(1455): CodeIgniter\Database\BaseConnection->query('SELECT *\nFROM `...', Array, false)
#4 C:\xampp\htdocs\vote\app\Models\M_model.php(27): CodeIgniter\Database\BaseBuilder->get()
#5 C:\xampp\htdocs\vote\app\Controllers\User.php(60): App\Models\M_model->tampil2('level')
#6 C:\xampp\htdocs\vote\system\CodeIgniter.php(832): App\Controllers\User->tambah()
#7 C:\xampp\htdocs\vote\system\CodeIgniter.php(419): CodeIgniter\CodeIgniter->runController(Object(App\Controllers\User))
#8 C:\xampp\htdocs\vote\system\CodeIgniter.php(326): CodeIgniter\CodeIgniter->handleRequest(NULL, Object(Config\Cache), false)
#9 C:\xampp\htdocs\vote\public\index.php(37): CodeIgniter\CodeIgniter->run()
#10 C:\xampp\htdocs\vote\system\Commands\Server\rewrite.php(43): require_once('C:\\xampp\\htdocs...')
#11 {main}
CRITICAL - 2023-10-04 22:41:36 --> Undefined variable: Model
#0 C:\xampp\htdocs\vote\app\Controllers\User.php(59): CodeIgniter\Debug\Exceptions->errorHandler(8, 'Undefined varia...', 'C:\\xampp\\htdocs...', 59, Array)
#1 C:\xampp\htdocs\vote\system\CodeIgniter.php(832): App\Controllers\User->tambah()
#2 C:\xampp\htdocs\vote\system\CodeIgniter.php(419): CodeIgniter\CodeIgniter->runController(Object(App\Controllers\User))
#3 C:\xampp\htdocs\vote\system\CodeIgniter.php(326): CodeIgniter\CodeIgniter->handleRequest(NULL, Object(Config\Cache), false)
#4 C:\xampp\htdocs\vote\public\index.php(37): CodeIgniter\CodeIgniter->run()
#5 C:\xampp\htdocs\vote\system\Commands\Server\rewrite.php(43): require_once('C:\\xampp\\htdocs...')
#6 {main}
CRITICAL - 2023-10-04 22:45:21 --> Call to undefined method App\Models\U_model::getUsersWith
#0 C:\xampp\htdocs\vote\app\Controllers\User.php(99): CodeIgniter\Model->__call('getUsersWith', Array)
#1 C:\xampp\htdocs\vote\system\CodeIgniter.php(832): App\Controllers\User->edit('3')
#2 C:\xampp\htdocs\vote\system\CodeIgniter.php(419): CodeIgniter\CodeIgniter->runController(Object(App\Controllers\User))
#3 C:\xampp\htdocs\vote\system\CodeIgniter.php(326): CodeIgniter\CodeIgniter->handleRequest(NULL, Object(Config\Cache), false)
#4 C:\xampp\htdocs\vote\public\index.php(37): CodeIgniter\CodeIgniter->run()
#5 C:\xampp\htdocs\vote\system\Commands\Server\rewrite.php(43): require_once('C:\\xampp\\htdocs...')
#6 {main}
