CRITICAL - 2023-04-20 06:06:11 --> Call to undefined method App\Models\K_model::getById
#0 C:\xampp\htdocs\vote\app\Controllers\Kandidat.php(42): CodeIgniter\Model->__call('getById', Array)
#1 C:\xampp\htdocs\vote\system\CodeIgniter.php(832): App\Controllers\Kandidat->edit('3')
#2 C:\xampp\htdocs\vote\system\CodeIgniter.php(419): CodeIgniter\CodeIgniter->runController(Object(App\Controllers\Kandidat))
#3 C:\xampp\htdocs\vote\system\CodeIgniter.php(326): CodeIgniter\CodeIgniter->handleRequest(NULL, Object(Config\Cache), false)
#4 C:\xampp\htdocs\vote\public\index.php(37): CodeIgniter\CodeIgniter->run()
#5 C:\xampp\htdocs\vote\system\Commands\Server\rewrite.php(43): require_once('C:\\xampp\\htdocs...')
#6 {main}
CRITICAL - 2023-04-20 06:06:39 --> Undefined index: a
#0 C:\xampp\htdocs\vote\app\Controllers\Kandidat.php(43): CodeIgniter\Debug\Exceptions->errorHandler(8, 'Undefined index...', 'C:\\xampp\\htdocs...', 43, Array)
#1 C:\xampp\htdocs\vote\system\CodeIgniter.php(832): App\Controllers\Kandidat->edit('3')
#2 C:\xampp\htdocs\vote\system\CodeIgniter.php(419): CodeIgniter\CodeIgniter->runController(Object(App\Controllers\Kandidat))
#3 C:\xampp\htdocs\vote\system\CodeIgniter.php(326): CodeIgniter\CodeIgniter->handleRequest(NULL, Object(Config\Cache), false)
#4 C:\xampp\htdocs\vote\public\index.php(37): CodeIgniter\CodeIgniter->run()
#5 C:\xampp\htdocs\vote\system\Commands\Server\rewrite.php(43): require_once('C:\\xampp\\htdocs...')
#6 {main}
CRITICAL - 2023-04-20 06:06:56 --> syntax error, unexpected '}', expecting end of file
#0 C:\xampp\htdocs\vote\system\View\View.php(213): CodeIgniter\View\View->CodeIgniter\View\{closure}()
#1 C:\xampp\htdocs\vote\system\Common.php(1089): CodeIgniter\View\View->render('edit_kandidat', Array, true)
#2 C:\xampp\htdocs\vote\app\Controllers\Kandidat.php(48): view('edit_kandidat', Array)
#3 C:\xampp\htdocs\vote\system\CodeIgniter.php(832): App\Controllers\Kandidat->edit('3')
#4 C:\xampp\htdocs\vote\system\CodeIgniter.php(419): CodeIgniter\CodeIgniter->runController(Object(App\Controllers\Kandidat))
#5 C:\xampp\htdocs\vote\system\CodeIgniter.php(326): CodeIgniter\CodeIgniter->handleRequest(NULL, Object(Config\Cache), false)
#6 C:\xampp\htdocs\vote\public\index.php(37): CodeIgniter\CodeIgniter->run()
#7 C:\xampp\htdocs\vote\system\Commands\Server\rewrite.php(43): require_once('C:\\xampp\\htdocs...')
#8 {main}
CRITICAL - 2023-04-20 06:08:10 --> Trying to get property 'id' of non-object
#0 C:\xampp\htdocs\vote\app\Views\edit_kandidat.php(18): CodeIgniter\Debug\Exceptions->errorHandler(8, 'Trying to get p...', 'C:\\xampp\\htdocs...', 18, Array)
#1 C:\xampp\htdocs\vote\system\View\View.php(210): include('C:\\xampp\\htdocs...')
#2 C:\xampp\htdocs\vote\system\View\View.php(213): CodeIgniter\View\View->CodeIgniter\View\{closure}()
#3 C:\xampp\htdocs\vote\system\Common.php(1089): CodeIgniter\View\View->render('edit_kandidat', Array, true)
#4 C:\xampp\htdocs\vote\app\Controllers\Kandidat.php(48): view('edit_kandidat', Array)
#5 C:\xampp\htdocs\vote\system\CodeIgniter.php(832): App\Controllers\Kandidat->edit('3')
#6 C:\xampp\htdocs\vote\system\CodeIgniter.php(419): CodeIgniter\CodeIgniter->runController(Object(App\Controllers\Kandidat))
#7 C:\xampp\htdocs\vote\system\CodeIgniter.php(326): CodeIgniter\CodeIgniter->handleRequest(NULL, Object(Config\Cache), false)
#8 C:\xampp\htdocs\vote\public\index.php(37): CodeIgniter\CodeIgniter->run()
#9 C:\xampp\htdocs\vote\system\Commands\Server\rewrite.php(43): require_once('C:\\xampp\\htdocs...')
#10 {main}
CRITICAL - 2023-04-20 06:08:39 --> Trying to get property 'id' of non-object
#0 C:\xampp\htdocs\vote\app\Views\edit_kandidat.php(18): CodeIgniter\Debug\Exceptions->errorHandler(8, 'Trying to get p...', 'C:\\xampp\\htdocs...', 18, Array)
#1 C:\xampp\htdocs\vote\system\View\View.php(210): include('C:\\xampp\\htdocs...')
#2 C:\xampp\htdocs\vote\system\View\View.php(213): CodeIgniter\View\View->CodeIgniter\View\{closure}()
#3 C:\xampp\htdocs\vote\system\Common.php(1089): CodeIgniter\View\View->render('edit_kandidat', Array, true)
#4 C:\xampp\htdocs\vote\app\Controllers\Kandidat.php(48): view('edit_kandidat', Array)
#5 C:\xampp\htdocs\vote\system\CodeIgniter.php(832): App\Controllers\Kandidat->edit('3')
#6 C:\xampp\htdocs\vote\system\CodeIgniter.php(419): CodeIgniter\CodeIgniter->runController(Object(App\Controllers\Kandidat))
#7 C:\xampp\htdocs\vote\system\CodeIgniter.php(326): CodeIgniter\CodeIgniter->handleRequest(NULL, Object(Config\Cache), false)
#8 C:\xampp\htdocs\vote\public\index.php(37): CodeIgniter\CodeIgniter->run()
#9 C:\xampp\htdocs\vote\system\Commands\Server\rewrite.php(43): require_once('C:\\xampp\\htdocs...')
#10 {main}
CRITICAL - 2023-04-20 06:10:03 --> Trying to get property 'id' of non-object
#0 C:\xampp\htdocs\vote\app\Views\edit_kandidat.php(18): CodeIgniter\Debug\Exceptions->errorHandler(8, 'Trying to get p...', 'C:\\xampp\\htdocs...', 18, Array)
#1 C:\xampp\htdocs\vote\system\View\View.php(210): include('C:\\xampp\\htdocs...')
#2 C:\xampp\htdocs\vote\system\View\View.php(213): CodeIgniter\View\View->CodeIgniter\View\{closure}()
#3 C:\xampp\htdocs\vote\system\Common.php(1089): CodeIgniter\View\View->render('edit_kandidat', Array, true)
#4 C:\xampp\htdocs\vote\app\Controllers\Kandidat.php(48): view('edit_kandidat', Array)
#5 C:\xampp\htdocs\vote\system\CodeIgniter.php(832): App\Controllers\Kandidat->edit('3')
#6 C:\xampp\htdocs\vote\system\CodeIgniter.php(419): CodeIgniter\CodeIgniter->runController(Object(App\Controllers\Kandidat))
#7 C:\xampp\htdocs\vote\system\CodeIgniter.php(326): CodeIgniter\CodeIgniter->handleRequest(NULL, Object(Config\Cache), false)
#8 C:\xampp\htdocs\vote\public\index.php(37): CodeIgniter\CodeIgniter->run()
#9 C:\xampp\htdocs\vote\system\Commands\Server\rewrite.php(43): require_once('C:\\xampp\\htdocs...')
#10 {main}
CRITICAL - 2023-04-20 06:11:06 --> Undefined variable: a
#0 C:\xampp\htdocs\vote\app\Views\edit_kandidat.php(18): CodeIgniter\Debug\Exceptions->errorHandler(8, 'Undefined varia...', 'C:\\xampp\\htdocs...', 18, Array)
#1 C:\xampp\htdocs\vote\system\View\View.php(210): include('C:\\xampp\\htdocs...')
#2 C:\xampp\htdocs\vote\system\View\View.php(213): CodeIgniter\View\View->CodeIgniter\View\{closure}()
#3 C:\xampp\htdocs\vote\system\Common.php(1089): CodeIgniter\View\View->render('edit_kandidat', Array, true)
#4 C:\xampp\htdocs\vote\app\Controllers\Kandidat.php(48): view('edit_kandidat', Array)
#5 C:\xampp\htdocs\vote\system\CodeIgniter.php(832): App\Controllers\Kandidat->edit('3')
#6 C:\xampp\htdocs\vote\system\CodeIgniter.php(419): CodeIgniter\CodeIgniter->runController(Object(App\Controllers\Kandidat))
#7 C:\xampp\htdocs\vote\system\CodeIgniter.php(326): CodeIgniter\CodeIgniter->handleRequest(NULL, Object(Config\Cache), false)
#8 C:\xampp\htdocs\vote\public\index.php(37): CodeIgniter\CodeIgniter->run()
#9 C:\xampp\htdocs\vote\system\Commands\Server\rewrite.php(43): require_once('C:\\xampp\\htdocs...')
#10 {main}
CRITICAL - 2023-04-20 06:11:15 --> Undefined variable: a
#0 C:\xampp\htdocs\vote\app\Views\edit_kandidat.php(40): CodeIgniter\Debug\Exceptions->errorHandler(8, 'Undefined varia...', 'C:\\xampp\\htdocs...', 40, Array)
#1 C:\xampp\htdocs\vote\system\View\View.php(210): include('C:\\xampp\\htdocs...')
#2 C:\xampp\htdocs\vote\system\View\View.php(213): CodeIgniter\View\View->CodeIgniter\View\{closure}()
#3 C:\xampp\htdocs\vote\system\Common.php(1089): CodeIgniter\View\View->render('edit_kandidat', Array, true)
#4 C:\xampp\htdocs\vote\app\Controllers\Kandidat.php(48): view('edit_kandidat', Array)
#5 C:\xampp\htdocs\vote\system\CodeIgniter.php(832): App\Controllers\Kandidat->edit('3')
#6 C:\xampp\htdocs\vote\system\CodeIgniter.php(419): CodeIgniter\CodeIgniter->runController(Object(App\Controllers\Kandidat))
#7 C:\xampp\htdocs\vote\system\CodeIgniter.php(326): CodeIgniter\CodeIgniter->handleRequest(NULL, Object(Config\Cache), false)
#8 C:\xampp\htdocs\vote\public\index.php(37): CodeIgniter\CodeIgniter->run()
#9 C:\xampp\htdocs\vote\system\Commands\Server\rewrite.php(43): require_once('C:\\xampp\\htdocs...')
#10 {main}
CRITICAL - 2023-04-20 06:11:51 --> Trying to get property 'id_user' of non-object
#0 C:\xampp\htdocs\vote\app\Views\edit_kandidat.php(41): CodeIgniter\Debug\Exceptions->errorHandler(8, 'Trying to get p...', 'C:\\xampp\\htdocs...', 41, Array)
#1 C:\xampp\htdocs\vote\system\View\View.php(210): include('C:\\xampp\\htdocs...')
#2 C:\xampp\htdocs\vote\system\View\View.php(213): CodeIgniter\View\View->CodeIgniter\View\{closure}()
#3 C:\xampp\htdocs\vote\system\Common.php(1089): CodeIgniter\View\View->render('edit_kandidat', Array, true)
#4 C:\xampp\htdocs\vote\app\Controllers\Kandidat.php(48): view('edit_kandidat', Array)
#5 C:\xampp\htdocs\vote\system\CodeIgniter.php(832): App\Controllers\Kandidat->edit('3')
#6 C:\xampp\htdocs\vote\system\CodeIgniter.php(419): CodeIgniter\CodeIgniter->runController(Object(App\Controllers\Kandidat))
#7 C:\xampp\htdocs\vote\system\CodeIgniter.php(326): CodeIgniter\CodeIgniter->handleRequest(NULL, Object(Config\Cache), false)
#8 C:\xampp\htdocs\vote\public\index.php(37): CodeIgniter\CodeIgniter->run()
#9 C:\xampp\htdocs\vote\system\Commands\Server\rewrite.php(43): require_once('C:\\xampp\\htdocs...')
#10 {main}
CRITICAL - 2023-04-20 06:13:27 --> Trying to get property 'id_user' of non-object
#0 C:\xampp\htdocs\vote\app\Views\edit_kandidat.php(41): CodeIgniter\Debug\Exceptions->errorHandler(8, 'Trying to get p...', 'C:\\xampp\\htdocs...', 41, Array)
#1 C:\xampp\htdocs\vote\system\View\View.php(210): include('C:\\xampp\\htdocs...')
#2 C:\xampp\htdocs\vote\system\View\View.php(213): CodeIgniter\View\View->CodeIgniter\View\{closure}()
#3 C:\xampp\htdocs\vote\system\Common.php(1089): CodeIgniter\View\View->render('edit_kandidat', Array, true)
#4 C:\xampp\htdocs\vote\app\Controllers\Kandidat.php(48): view('edit_kandidat', Array)
#5 C:\xampp\htdocs\vote\system\CodeIgniter.php(832): App\Controllers\Kandidat->edit('3')
#6 C:\xampp\htdocs\vote\system\CodeIgniter.php(419): CodeIgniter\CodeIgniter->runController(Object(App\Controllers\Kandidat))
#7 C:\xampp\htdocs\vote\system\CodeIgniter.php(326): CodeIgniter\CodeIgniter->handleRequest(NULL, Object(Config\Cache), false)
#8 C:\xampp\htdocs\vote\public\index.php(37): CodeIgniter\CodeIgniter->run()
#9 C:\xampp\htdocs\vote\system\Commands\Server\rewrite.php(43): require_once('C:\\xampp\\htdocs...')
#10 {main}
CRITICAL - 2023-04-20 06:13:34 --> Trying to get property 'id_user' of non-object
#0 C:\xampp\htdocs\vote\app\Views\edit_kandidat.php(41): CodeIgniter\Debug\Exceptions->errorHandler(8, 'Trying to get p...', 'C:\\xampp\\htdocs...', 41, Array)
#1 C:\xampp\htdocs\vote\system\View\View.php(210): include('C:\\xampp\\htdocs...')
#2 C:\xampp\htdocs\vote\system\View\View.php(213): CodeIgniter\View\View->CodeIgniter\View\{closure}()
#3 C:\xampp\htdocs\vote\system\Common.php(1089): CodeIgniter\View\View->render('edit_kandidat', Array, true)
#4 C:\xampp\htdocs\vote\app\Controllers\Kandidat.php(48): view('edit_kandidat', Array)
#5 C:\xampp\htdocs\vote\system\CodeIgniter.php(832): App\Controllers\Kandidat->edit('3')
#6 C:\xampp\htdocs\vote\system\CodeIgniter.php(419): CodeIgniter\CodeIgniter->runController(Object(App\Controllers\Kandidat))
#7 C:\xampp\htdocs\vote\system\CodeIgniter.php(326): CodeIgniter\CodeIgniter->handleRequest(NULL, Object(Config\Cache), false)
#8 C:\xampp\htdocs\vote\public\index.php(37): CodeIgniter\CodeIgniter->run()
#9 C:\xampp\htdocs\vote\system\Commands\Server\rewrite.php(43): require_once('C:\\xampp\\htdocs...')
#10 {main}
CRITICAL - 2023-04-20 06:18:34 --> Trying to get property 'foto_ketua' of non-object
#0 C:\xampp\htdocs\vote\app\Views\edit_kandidat.php(57): CodeIgniter\Debug\Exceptions->errorHandler(8, 'Trying to get p...', 'C:\\xampp\\htdocs...', 57, Array)
#1 C:\xampp\htdocs\vote\system\View\View.php(210): include('C:\\xampp\\htdocs...')
#2 C:\xampp\htdocs\vote\system\View\View.php(213): CodeIgniter\View\View->CodeIgniter\View\{closure}()
#3 C:\xampp\htdocs\vote\system\Common.php(1089): CodeIgniter\View\View->render('edit_kandidat', Array, true)
#4 C:\xampp\htdocs\vote\app\Controllers\Kandidat.php(48): view('edit_kandidat', Array)
#5 C:\xampp\htdocs\vote\system\CodeIgniter.php(832): App\Controllers\Kandidat->edit('3')
#6 C:\xampp\htdocs\vote\system\CodeIgniter.php(419): CodeIgniter\CodeIgniter->runController(Object(App\Controllers\Kandidat))
#7 C:\xampp\htdocs\vote\system\CodeIgniter.php(326): CodeIgniter\CodeIgniter->handleRequest(NULL, Object(Config\Cache), false)
#8 C:\xampp\htdocs\vote\public\index.php(37): CodeIgniter\CodeIgniter->run()
#9 C:\xampp\htdocs\vote\system\Commands\Server\rewrite.php(43): require_once('C:\\xampp\\htdocs...')
#10 {main}
CRITICAL - 2023-04-20 06:20:34 --> First parameter must either be an object or the name of an existing class
#0 [internal function]: CodeIgniter\Debug\Exceptions->errorHandler(2, 'First parameter...', 'C:\\xampp\\htdocs...', 57, Array)
#1 C:\xampp\htdocs\vote\app\Views\edit_kandidat.php(57): property_exists(Array, 'foto_ketua')
#2 C:\xampp\htdocs\vote\system\View\View.php(210): include('C:\\xampp\\htdocs...')
#3 C:\xampp\htdocs\vote\system\View\View.php(213): CodeIgniter\View\View->CodeIgniter\View\{closure}()
#4 C:\xampp\htdocs\vote\system\Common.php(1089): CodeIgniter\View\View->render('edit_kandidat', Array, true)
#5 C:\xampp\htdocs\vote\app\Controllers\Kandidat.php(48): view('edit_kandidat', Array)
#6 C:\xampp\htdocs\vote\system\CodeIgniter.php(832): App\Controllers\Kandidat->edit('3')
#7 C:\xampp\htdocs\vote\system\CodeIgniter.php(419): CodeIgniter\CodeIgniter->runController(Object(App\Controllers\Kandidat))
#8 C:\xampp\htdocs\vote\system\CodeIgniter.php(326): CodeIgniter\CodeIgniter->handleRequest(NULL, Object(Config\Cache), false)
#9 C:\xampp\htdocs\vote\public\index.php(37): CodeIgniter\CodeIgniter->run()
#10 C:\xampp\htdocs\vote\system\Commands\Server\rewrite.php(43): require_once('C:\\xampp\\htdocs...')
#11 {main}
CRITICAL - 2023-04-20 06:22:52 --> Trying to get property 'id_user' of non-object
#0 C:\xampp\htdocs\vote\app\Views\edit_kandidat.php(81): CodeIgniter\Debug\Exceptions->errorHandler(8, 'Trying to get p...', 'C:\\xampp\\htdocs...', 81, Array)
#1 C:\xampp\htdocs\vote\system\View\View.php(210): include('C:\\xampp\\htdocs...')
#2 C:\xampp\htdocs\vote\system\View\View.php(213): CodeIgniter\View\View->CodeIgniter\View\{closure}()
#3 C:\xampp\htdocs\vote\system\Common.php(1089): CodeIgniter\View\View->render('edit_kandidat', Array, true)
#4 C:\xampp\htdocs\vote\app\Controllers\Kandidat.php(48): view('edit_kandidat', Array)
#5 C:\xampp\htdocs\vote\system\CodeIgniter.php(832): App\Controllers\Kandidat->edit('3')
#6 C:\xampp\htdocs\vote\system\CodeIgniter.php(419): CodeIgniter\CodeIgniter->runController(Object(App\Controllers\Kandidat))
#7 C:\xampp\htdocs\vote\system\CodeIgniter.php(326): CodeIgniter\CodeIgniter->handleRequest(NULL, Object(Config\Cache), false)
#8 C:\xampp\htdocs\vote\public\index.php(37): CodeIgniter\CodeIgniter->run()
#9 C:\xampp\htdocs\vote\system\Commands\Server\rewrite.php(43): require_once('C:\\xampp\\htdocs...')
#10 {main}
CRITICAL - 2023-04-20 06:23:10 --> Trying to get property 'id_user' of non-object
#0 C:\xampp\htdocs\vote\app\Views\edit_kandidat.php(81): CodeIgniter\Debug\Exceptions->errorHandler(8, 'Trying to get p...', 'C:\\xampp\\htdocs...', 81, Array)
#1 C:\xampp\htdocs\vote\system\View\View.php(210): include('C:\\xampp\\htdocs...')
#2 C:\xampp\htdocs\vote\system\View\View.php(213): CodeIgniter\View\View->CodeIgniter\View\{closure}()
#3 C:\xampp\htdocs\vote\system\Common.php(1089): CodeIgniter\View\View->render('edit_kandidat', Array, true)
#4 C:\xampp\htdocs\vote\app\Controllers\Kandidat.php(48): view('edit_kandidat', Array)
#5 C:\xampp\htdocs\vote\system\CodeIgniter.php(832): App\Controllers\Kandidat->edit('3')
#6 C:\xampp\htdocs\vote\system\CodeIgniter.php(419): CodeIgniter\CodeIgniter->runController(Object(App\Controllers\Kandidat))
#7 C:\xampp\htdocs\vote\system\CodeIgniter.php(326): CodeIgniter\CodeIgniter->handleRequest(NULL, Object(Config\Cache), false)
#8 C:\xampp\htdocs\vote\public\index.php(37): CodeIgniter\CodeIgniter->run()
#9 C:\xampp\htdocs\vote\system\Commands\Server\rewrite.php(43): require_once('C:\\xampp\\htdocs...')
#10 {main}
CRITICAL - 2023-04-20 06:24:05 --> Trying to get property 'foto_wakil' of non-object
#0 C:\xampp\htdocs\vote\app\Views\edit_kandidat.php(96): CodeIgniter\Debug\Exceptions->errorHandler(8, 'Trying to get p...', 'C:\\xampp\\htdocs...', 96, Array)
#1 C:\xampp\htdocs\vote\system\View\View.php(210): include('C:\\xampp\\htdocs...')
#2 C:\xampp\htdocs\vote\system\View\View.php(213): CodeIgniter\View\View->CodeIgniter\View\{closure}()
#3 C:\xampp\htdocs\vote\system\Common.php(1089): CodeIgniter\View\View->render('edit_kandidat', Array, true)
#4 C:\xampp\htdocs\vote\app\Controllers\Kandidat.php(48): view('edit_kandidat', Array)
#5 C:\xampp\htdocs\vote\system\CodeIgniter.php(832): App\Controllers\Kandidat->edit('3')
#6 C:\xampp\htdocs\vote\system\CodeIgniter.php(419): CodeIgniter\CodeIgniter->runController(Object(App\Controllers\Kandidat))
#7 C:\xampp\htdocs\vote\system\CodeIgniter.php(326): CodeIgniter\CodeIgniter->handleRequest(NULL, Object(Config\Cache), false)
#8 C:\xampp\htdocs\vote\public\index.php(37): CodeIgniter\CodeIgniter->run()
#9 C:\xampp\htdocs\vote\system\Commands\Server\rewrite.php(43): require_once('C:\\xampp\\htdocs...')
#10 {main}
CRITICAL - 2023-04-20 06:28:09 --> Trying to get property 'ketua_osis' of non-object
#0 C:\xampp\htdocs\vote\app\Views\edit_kandidat.php(42): CodeIgniter\Debug\Exceptions->errorHandler(8, 'Trying to get p...', 'C:\\xampp\\htdocs...', 42, Array)
#1 C:\xampp\htdocs\vote\system\View\View.php(210): include('C:\\xampp\\htdocs...')
#2 C:\xampp\htdocs\vote\system\View\View.php(213): CodeIgniter\View\View->CodeIgniter\View\{closure}()
#3 C:\xampp\htdocs\vote\system\Common.php(1089): CodeIgniter\View\View->render('edit_kandidat', Array, true)
#4 C:\xampp\htdocs\vote\app\Controllers\Kandidat.php(49): view('edit_kandidat', Array)
#5 C:\xampp\htdocs\vote\system\CodeIgniter.php(832): App\Controllers\Kandidat->edit('3')
#6 C:\xampp\htdocs\vote\system\CodeIgniter.php(419): CodeIgniter\CodeIgniter->runController(Object(App\Controllers\Kandidat))
#7 C:\xampp\htdocs\vote\system\CodeIgniter.php(326): CodeIgniter\CodeIgniter->handleRequest(NULL, Object(Config\Cache), false)
#8 C:\xampp\htdocs\vote\public\index.php(37): CodeIgniter\CodeIgniter->run()
#9 C:\xampp\htdocs\vote\system\Commands\Server\rewrite.php(43): require_once('C:\\xampp\\htdocs...')
#10 {main}
CRITICAL - 2023-04-20 06:33:26 --> Undefined variable: a
#0 C:\xampp\htdocs\vote\app\Views\edit_kandidat.php(25): CodeIgniter\Debug\Exceptions->errorHandler(8, 'Undefined varia...', 'C:\\xampp\\htdocs...', 25, Array)
#1 C:\xampp\htdocs\vote\system\View\View.php(210): include('C:\\xampp\\htdocs...')
#2 C:\xampp\htdocs\vote\system\View\View.php(213): CodeIgniter\View\View->CodeIgniter\View\{closure}()
#3 C:\xampp\htdocs\vote\system\Common.php(1089): CodeIgniter\View\View->render('edit_kandidat', Array, true)
#4 C:\xampp\htdocs\vote\app\Controllers\Kandidat.php(49): view('edit_kandidat', Array)
#5 C:\xampp\htdocs\vote\system\CodeIgniter.php(832): App\Controllers\Kandidat->edit('3')
#6 C:\xampp\htdocs\vote\system\CodeIgniter.php(419): CodeIgniter\CodeIgniter->runController(Object(App\Controllers\Kandidat))
#7 C:\xampp\htdocs\vote\system\CodeIgniter.php(326): CodeIgniter\CodeIgniter->handleRequest(NULL, Object(Config\Cache), false)
#8 C:\xampp\htdocs\vote\public\index.php(37): CodeIgniter\CodeIgniter->run()
#9 C:\xampp\htdocs\vote\system\Commands\Server\rewrite.php(43): require_once('C:\\xampp\\htdocs...')
#10 {main}
CRITICAL - 2023-04-20 06:33:53 --> Undefined variable: a
#0 C:\xampp\htdocs\vote\app\Views\edit_kandidat.php(25): CodeIgniter\Debug\Exceptions->errorHandler(8, 'Undefined varia...', 'C:\\xampp\\htdocs...', 25, Array)
#1 C:\xampp\htdocs\vote\system\View\View.php(210): include('C:\\xampp\\htdocs...')
#2 C:\xampp\htdocs\vote\system\View\View.php(213): CodeIgniter\View\View->CodeIgniter\View\{closure}()
#3 C:\xampp\htdocs\vote\system\Common.php(1089): CodeIgniter\View\View->render('edit_kandidat', Array, true)
#4 C:\xampp\htdocs\vote\app\Controllers\Kandidat.php(49): view('edit_kandidat', Array)
#5 C:\xampp\htdocs\vote\system\CodeIgniter.php(832): App\Controllers\Kandidat->edit('3')
#6 C:\xampp\htdocs\vote\system\CodeIgniter.php(419): CodeIgniter\CodeIgniter->runController(Object(App\Controllers\Kandidat))
#7 C:\xampp\htdocs\vote\system\CodeIgniter.php(326): CodeIgniter\CodeIgniter->handleRequest(NULL, Object(Config\Cache), false)
#8 C:\xampp\htdocs\vote\public\index.php(37): CodeIgniter\CodeIgniter->run()
#9 C:\xampp\htdocs\vote\system\Commands\Server\rewrite.php(43): require_once('C:\\xampp\\htdocs...')
#10 {main}
CRITICAL - 2023-04-20 06:40:01 --> Undefined variable: c
#0 C:\xampp\htdocs\vote\app\Views\edit_kandidat.php(67): CodeIgniter\Debug\Exceptions->errorHandler(8, 'Undefined varia...', 'C:\\xampp\\htdocs...', 67, Array)
#1 C:\xampp\htdocs\vote\system\View\View.php(210): include('C:\\xampp\\htdocs...')
#2 C:\xampp\htdocs\vote\system\View\View.php(213): CodeIgniter\View\View->CodeIgniter\View\{closure}()
#3 C:\xampp\htdocs\vote\system\Common.php(1089): CodeIgniter\View\View->render('edit_kandidat', Array, true)
#4 C:\xampp\htdocs\vote\app\Controllers\Kandidat.php(49): view('edit_kandidat', Array)
#5 C:\xampp\htdocs\vote\system\CodeIgniter.php(832): App\Controllers\Kandidat->edit('4')
#6 C:\xampp\htdocs\vote\system\CodeIgniter.php(419): CodeIgniter\CodeIgniter->runController(Object(App\Controllers\Kandidat))
#7 C:\xampp\htdocs\vote\system\CodeIgniter.php(326): CodeIgniter\CodeIgniter->handleRequest(NULL, Object(Config\Cache), false)
#8 C:\xampp\htdocs\vote\public\index.php(37): CodeIgniter\CodeIgniter->run()
#9 C:\xampp\htdocs\vote\system\Commands\Server\rewrite.php(43): require_once('C:\\xampp\\htdocs...')
#10 {main}
CRITICAL - 2023-04-20 06:40:34 --> Undefined property: stdClass::$id
#0 C:\xampp\htdocs\vote\app\Views\edit_kandidat.php(68): CodeIgniter\Debug\Exceptions->errorHandler(8, 'Undefined prope...', 'C:\\xampp\\htdocs...', 68, Array)
#1 C:\xampp\htdocs\vote\system\View\View.php(210): include('C:\\xampp\\htdocs...')
#2 C:\xampp\htdocs\vote\system\View\View.php(213): CodeIgniter\View\View->CodeIgniter\View\{closure}()
#3 C:\xampp\htdocs\vote\system\Common.php(1089): CodeIgniter\View\View->render('edit_kandidat', Array, true)
#4 C:\xampp\htdocs\vote\app\Controllers\Kandidat.php(49): view('edit_kandidat', Array)
#5 C:\xampp\htdocs\vote\system\CodeIgniter.php(832): App\Controllers\Kandidat->edit('4')
#6 C:\xampp\htdocs\vote\system\CodeIgniter.php(419): CodeIgniter\CodeIgniter->runController(Object(App\Controllers\Kandidat))
#7 C:\xampp\htdocs\vote\system\CodeIgniter.php(326): CodeIgniter\CodeIgniter->handleRequest(NULL, Object(Config\Cache), false)
#8 C:\xampp\htdocs\vote\public\index.php(37): CodeIgniter\CodeIgniter->run()
#9 C:\xampp\htdocs\vote\system\Commands\Server\rewrite.php(43): require_once('C:\\xampp\\htdocs...')
#10 {main}
CRITICAL - 2023-04-20 06:41:51 --> Undefined index: kandidat
#0 C:\xampp\htdocs\vote\app\Views\edit_kandidat.php(68): CodeIgniter\Debug\Exceptions->errorHandler(8, 'Undefined index...', 'C:\\xampp\\htdocs...', 68, Array)
#1 C:\xampp\htdocs\vote\system\View\View.php(210): include('C:\\xampp\\htdocs...')
#2 C:\xampp\htdocs\vote\system\View\View.php(213): CodeIgniter\View\View->CodeIgniter\View\{closure}()
#3 C:\xampp\htdocs\vote\system\Common.php(1089): CodeIgniter\View\View->render('edit_kandidat', Array, true)
#4 C:\xampp\htdocs\vote\app\Controllers\Kandidat.php(49): view('edit_kandidat', Array)
#5 C:\xampp\htdocs\vote\system\CodeIgniter.php(832): App\Controllers\Kandidat->edit('4')
#6 C:\xampp\htdocs\vote\system\CodeIgniter.php(419): CodeIgniter\CodeIgniter->runController(Object(App\Controllers\Kandidat))
#7 C:\xampp\htdocs\vote\system\CodeIgniter.php(326): CodeIgniter\CodeIgniter->handleRequest(NULL, Object(Config\Cache), false)
#8 C:\xampp\htdocs\vote\public\index.php(37): CodeIgniter\CodeIgniter->run()
#9 C:\xampp\htdocs\vote\system\Commands\Server\rewrite.php(43): require_once('C:\\xampp\\htdocs...')
#10 {main}
CRITICAL - 2023-04-20 06:47:22 --> Trying to get property 'id_user' of non-object
#0 C:\xampp\htdocs\vote\app\Views\edit_kandidat.php(45): CodeIgniter\Debug\Exceptions->errorHandler(8, 'Trying to get p...', 'C:\\xampp\\htdocs...', 45, Array)
#1 C:\xampp\htdocs\vote\system\View\View.php(210): include('C:\\xampp\\htdocs...')
#2 C:\xampp\htdocs\vote\system\View\View.php(213): CodeIgniter\View\View->CodeIgniter\View\{closure}()
#3 C:\xampp\htdocs\vote\system\Common.php(1089): CodeIgniter\View\View->render('edit_kandidat', Array, true)
#4 C:\xampp\htdocs\vote\app\Controllers\Kandidat.php(49): view('edit_kandidat', Array)
#5 C:\xampp\htdocs\vote\system\CodeIgniter.php(832): App\Controllers\Kandidat->edit('4')
#6 C:\xampp\htdocs\vote\system\CodeIgniter.php(419): CodeIgniter\CodeIgniter->runController(Object(App\Controllers\Kandidat))
#7 C:\xampp\htdocs\vote\system\CodeIgniter.php(326): CodeIgniter\CodeIgniter->handleRequest(NULL, Object(Config\Cache), false)
#8 C:\xampp\htdocs\vote\public\index.php(37): CodeIgniter\CodeIgniter->run()
#9 C:\xampp\htdocs\vote\system\Commands\Server\rewrite.php(43): require_once('C:\\xampp\\htdocs...')
#10 {main}
CRITICAL - 2023-04-20 07:04:00 --> Call to a member function isValid() on string
#0 C:\xampp\htdocs\vote\app\Controllers\Kandidat.php(61): App\Models\K_model->updateP('4', Array, Object(CodeIgniter\HTTP\Files\UploadedFile), 'ketua')
#1 C:\xampp\htdocs\vote\system\CodeIgniter.php(832): App\Controllers\Kandidat->update('4')
#2 C:\xampp\htdocs\vote\system\CodeIgniter.php(419): CodeIgniter\CodeIgniter->runController(Object(App\Controllers\Kandidat))
#3 C:\xampp\htdocs\vote\system\CodeIgniter.php(326): CodeIgniter\CodeIgniter->handleRequest(NULL, Object(Config\Cache), false)
#4 C:\xampp\htdocs\vote\public\index.php(37): CodeIgniter\CodeIgniter->run()
#5 C:\xampp\htdocs\vote\system\Commands\Server\rewrite.php(43): require_once('C:\\xampp\\htdocs...')
#6 {main}
CRITICAL - 2023-04-20 07:26:27 --> Call to a member function isValid() on string
#0 C:\xampp\htdocs\vote\app\Controllers\Kandidat.php(61): App\Models\K_model->updateP('4', Array, Object(CodeIgniter\HTTP\Files\UploadedFile), 'ketua')
#1 C:\xampp\htdocs\vote\system\CodeIgniter.php(832): App\Controllers\Kandidat->update('4')
#2 C:\xampp\htdocs\vote\system\CodeIgniter.php(419): CodeIgniter\CodeIgniter->runController(Object(App\Controllers\Kandidat))
#3 C:\xampp\htdocs\vote\system\CodeIgniter.php(326): CodeIgniter\CodeIgniter->handleRequest(NULL, Object(Config\Cache), false)
#4 C:\xampp\htdocs\vote\public\index.php(37): CodeIgniter\CodeIgniter->run()
#5 C:\xampp\htdocs\vote\system\Commands\Server\rewrite.php(43): require_once('C:\\xampp\\htdocs...')
#6 {main}
CRITICAL - 2023-04-20 07:34:44 --> Call to a member function isValid() on string
#0 C:\xampp\htdocs\vote\app\Controllers\Kandidat.php(61): App\Models\K_model->updateP('4', Array, Object(CodeIgniter\HTTP\Files\UploadedFile), 'ketua')
#1 C:\xampp\htdocs\vote\system\CodeIgniter.php(832): App\Controllers\Kandidat->update('4')
#2 C:\xampp\htdocs\vote\system\CodeIgniter.php(419): CodeIgniter\CodeIgniter->runController(Object(App\Controllers\Kandidat))
#3 C:\xampp\htdocs\vote\system\CodeIgniter.php(326): CodeIgniter\CodeIgniter->handleRequest(NULL, Object(Config\Cache), false)
#4 C:\xampp\htdocs\vote\public\index.php(37): CodeIgniter\CodeIgniter->run()
#5 C:\xampp\htdocs\vote\system\Commands\Server\rewrite.php(43): require_once('C:\\xampp\\htdocs...')
#6 {main}
CRITICAL - 2023-04-20 07:35:52 --> Call to a member function isValid() on string
#0 C:\xampp\htdocs\vote\app\Controllers\Kandidat.php(61): App\Models\K_model->updateP('4', Array, Object(CodeIgniter\HTTP\Files\UploadedFile), 'ketua')
#1 C:\xampp\htdocs\vote\system\CodeIgniter.php(832): App\Controllers\Kandidat->update('4')
#2 C:\xampp\htdocs\vote\system\CodeIgniter.php(419): CodeIgniter\CodeIgniter->runController(Object(App\Controllers\Kandidat))
#3 C:\xampp\htdocs\vote\system\CodeIgniter.php(326): CodeIgniter\CodeIgniter->handleRequest(NULL, Object(Config\Cache), false)
#4 C:\xampp\htdocs\vote\public\index.php(37): CodeIgniter\CodeIgniter->run()
#5 C:\xampp\htdocs\vote\system\Commands\Server\rewrite.php(43): require_once('C:\\xampp\\htdocs...')
#6 {main}
CRITICAL - 2023-04-20 07:36:21 --> Call to a member function isValid() on string
#0 C:\xampp\htdocs\vote\app\Controllers\Kandidat.php(65): App\Models\K_model->updateP('4', Array, Object(CodeIgniter\HTTP\Files\UploadedFile), 'wakil')
#1 C:\xampp\htdocs\vote\system\CodeIgniter.php(832): App\Controllers\Kandidat->update('4')
#2 C:\xampp\htdocs\vote\system\CodeIgniter.php(419): CodeIgniter\CodeIgniter->runController(Object(App\Controllers\Kandidat))
#3 C:\xampp\htdocs\vote\system\CodeIgniter.php(326): CodeIgniter\CodeIgniter->handleRequest(NULL, Object(Config\Cache), false)
#4 C:\xampp\htdocs\vote\public\index.php(37): CodeIgniter\CodeIgniter->run()
#5 C:\xampp\htdocs\vote\system\Commands\Server\rewrite.php(43): require_once('C:\\xampp\\htdocs...')
#6 {main}
CRITICAL - 2023-04-20 07:36:57 --> Call to a member function isValid() on string
#0 C:\xampp\htdocs\vote\app\Controllers\Kandidat.php(65): App\Models\K_model->updateP('4', Array, Object(CodeIgniter\HTTP\Files\UploadedFile), 'wakil')
#1 C:\xampp\htdocs\vote\system\CodeIgniter.php(832): App\Controllers\Kandidat->update('4')
#2 C:\xampp\htdocs\vote\system\CodeIgniter.php(419): CodeIgniter\CodeIgniter->runController(Object(App\Controllers\Kandidat))
#3 C:\xampp\htdocs\vote\system\CodeIgniter.php(326): CodeIgniter\CodeIgniter->handleRequest(NULL, Object(Config\Cache), false)
#4 C:\xampp\htdocs\vote\public\index.php(37): CodeIgniter\CodeIgniter->run()
#5 C:\xampp\htdocs\vote\system\Commands\Server\rewrite.php(43): require_once('C:\\xampp\\htdocs...')
#6 {main}
CRITICAL - 2023-04-20 07:37:09 --> Call to a member function isValid() on string
#0 C:\xampp\htdocs\vote\app\Controllers\Kandidat.php(61): App\Models\K_model->updateP('4', Array, Object(CodeIgniter\HTTP\Files\UploadedFile), 'ketua')
#1 C:\xampp\htdocs\vote\system\CodeIgniter.php(832): App\Controllers\Kandidat->update('4')
#2 C:\xampp\htdocs\vote\system\CodeIgniter.php(419): CodeIgniter\CodeIgniter->runController(Object(App\Controllers\Kandidat))
#3 C:\xampp\htdocs\vote\system\CodeIgniter.php(326): CodeIgniter\CodeIgniter->handleRequest(NULL, Object(Config\Cache), false)
#4 C:\xampp\htdocs\vote\public\index.php(37): CodeIgniter\CodeIgniter->run()
#5 C:\xampp\htdocs\vote\system\Commands\Server\rewrite.php(43): require_once('C:\\xampp\\htdocs...')
#6 {main}
CRITICAL - 2023-04-20 07:40:00 --> Call to a member function isValid() on string
#0 C:\xampp\htdocs\vote\app\Controllers\Kandidat.php(61): App\Models\K_model->updateP('4', Array, Object(CodeIgniter\HTTP\Files\UploadedFile), 'ketua')
#1 C:\xampp\htdocs\vote\system\CodeIgniter.php(832): App\Controllers\Kandidat->update('4')
#2 C:\xampp\htdocs\vote\system\CodeIgniter.php(419): CodeIgniter\CodeIgniter->runController(Object(App\Controllers\Kandidat))
#3 C:\xampp\htdocs\vote\system\CodeIgniter.php(326): CodeIgniter\CodeIgniter->handleRequest(NULL, Object(Config\Cache), false)
#4 C:\xampp\htdocs\vote\public\index.php(37): CodeIgniter\CodeIgniter->run()
#5 C:\xampp\htdocs\vote\system\Commands\Server\rewrite.php(43): require_once('C:\\xampp\\htdocs...')
#6 {main}
CRITICAL - 2023-04-20 07:40:10 --> Call to a member function isValid() on string
#0 C:\xampp\htdocs\vote\app\Controllers\Kandidat.php(61): App\Models\K_model->updateP('4', Array, Object(CodeIgniter\HTTP\Files\UploadedFile), 'ketua')
#1 C:\xampp\htdocs\vote\system\CodeIgniter.php(832): App\Controllers\Kandidat->update('4')
#2 C:\xampp\htdocs\vote\system\CodeIgniter.php(419): CodeIgniter\CodeIgniter->runController(Object(App\Controllers\Kandidat))
#3 C:\xampp\htdocs\vote\system\CodeIgniter.php(326): CodeIgniter\CodeIgniter->handleRequest(NULL, Object(Config\Cache), false)
#4 C:\xampp\htdocs\vote\public\index.php(37): CodeIgniter\CodeIgniter->run()
#5 C:\xampp\htdocs\vote\system\Commands\Server\rewrite.php(43): require_once('C:\\xampp\\htdocs...')
#6 {main}
CRITICAL - 2023-04-20 07:43:11 --> Call to a member function isValid() on string
#0 C:\xampp\htdocs\vote\app\Controllers\Kandidat.php(61): App\Models\K_model->updateP('4', Array, Object(CodeIgniter\HTTP\Files\UploadedFile), 'ketua')
#1 C:\xampp\htdocs\vote\system\CodeIgniter.php(832): App\Controllers\Kandidat->update('4')
#2 C:\xampp\htdocs\vote\system\CodeIgniter.php(419): CodeIgniter\CodeIgniter->runController(Object(App\Controllers\Kandidat))
#3 C:\xampp\htdocs\vote\system\CodeIgniter.php(326): CodeIgniter\CodeIgniter->handleRequest(NULL, Object(Config\Cache), false)
#4 C:\xampp\htdocs\vote\public\index.php(37): CodeIgniter\CodeIgniter->run()
#5 C:\xampp\htdocs\vote\system\Commands\Server\rewrite.php(43): require_once('C:\\xampp\\htdocs...')
#6 {main}
CRITICAL - 2023-04-20 07:45:56 --> Call to a member function isValid() on string
#0 C:\xampp\htdocs\vote\app\Controllers\Kandidat.php(65): App\Models\K_model->updateP('4', Array, Object(CodeIgniter\HTTP\Files\UploadedFile), 'wakil')
#1 C:\xampp\htdocs\vote\system\CodeIgniter.php(832): App\Controllers\Kandidat->update('4')
#2 C:\xampp\htdocs\vote\system\CodeIgniter.php(419): CodeIgniter\CodeIgniter->runController(Object(App\Controllers\Kandidat))
#3 C:\xampp\htdocs\vote\system\CodeIgniter.php(326): CodeIgniter\CodeIgniter->handleRequest(NULL, Object(Config\Cache), false)
#4 C:\xampp\htdocs\vote\public\index.php(37): CodeIgniter\CodeIgniter->run()
#5 C:\xampp\htdocs\vote\system\Commands\Server\rewrite.php(43): require_once('C:\\xampp\\htdocs...')
#6 {main}
CRITICAL - 2023-04-20 07:49:56 --> Call to a member function isValid() on string
#0 C:\xampp\htdocs\vote\app\Controllers\Kandidat.php(61): App\Models\K_model->updateP('5', Array, Object(CodeIgniter\HTTP\Files\UploadedFile), 'ketua')
#1 C:\xampp\htdocs\vote\system\CodeIgniter.php(832): App\Controllers\Kandidat->update('5')
#2 C:\xampp\htdocs\vote\system\CodeIgniter.php(419): CodeIgniter\CodeIgniter->runController(Object(App\Controllers\Kandidat))
#3 C:\xampp\htdocs\vote\system\CodeIgniter.php(326): CodeIgniter\CodeIgniter->handleRequest(NULL, Object(Config\Cache), false)
#4 C:\xampp\htdocs\vote\public\index.php(37): CodeIgniter\CodeIgniter->run()
#5 C:\xampp\htdocs\vote\system\Commands\Server\rewrite.php(43): require_once('C:\\xampp\\htdocs...')
#6 {main}
CRITICAL - 2023-04-20 07:50:23 --> Call to a member function isValid() on string
#0 C:\xampp\htdocs\vote\app\Controllers\Kandidat.php(61): App\Models\K_model->updateP('5', Array, Object(CodeIgniter\HTTP\Files\UploadedFile), 'ketua')
#1 C:\xampp\htdocs\vote\system\CodeIgniter.php(832): App\Controllers\Kandidat->update('5')
#2 C:\xampp\htdocs\vote\system\CodeIgniter.php(419): CodeIgniter\CodeIgniter->runController(Object(App\Controllers\Kandidat))
#3 C:\xampp\htdocs\vote\system\CodeIgniter.php(326): CodeIgniter\CodeIgniter->handleRequest(NULL, Object(Config\Cache), false)
#4 C:\xampp\htdocs\vote\public\index.php(37): CodeIgniter\CodeIgniter->run()
#5 C:\xampp\htdocs\vote\system\Commands\Server\rewrite.php(43): require_once('C:\\xampp\\htdocs...')
#6 {main}
CRITICAL - 2023-04-20 07:53:31 --> Call to a member function isValid() on string
#0 C:\xampp\htdocs\vote\app\Controllers\Kandidat.php(61): App\Models\K_model->updateP('4', Array, Object(CodeIgniter\HTTP\Files\UploadedFile), 'ketua')
#1 C:\xampp\htdocs\vote\system\CodeIgniter.php(832): App\Controllers\Kandidat->update('4')
#2 C:\xampp\htdocs\vote\system\CodeIgniter.php(419): CodeIgniter\CodeIgniter->runController(Object(App\Controllers\Kandidat))
#3 C:\xampp\htdocs\vote\system\CodeIgniter.php(326): CodeIgniter\CodeIgniter->handleRequest(NULL, Object(Config\Cache), false)
#4 C:\xampp\htdocs\vote\public\index.php(37): CodeIgniter\CodeIgniter->run()
#5 C:\xampp\htdocs\vote\system\Commands\Server\rewrite.php(43): require_once('C:\\xampp\\htdocs...')
#6 {main}
CRITICAL - 2023-04-20 07:55:26 --> Call to a member function isValid() on string
#0 C:\xampp\htdocs\vote\app\Controllers\Kandidat.php(61): App\Models\K_model->updateP('4', Array, Object(CodeIgniter\HTTP\Files\UploadedFile), 'ketua')
#1 C:\xampp\htdocs\vote\system\CodeIgniter.php(832): App\Controllers\Kandidat->update('4')
#2 C:\xampp\htdocs\vote\system\CodeIgniter.php(419): CodeIgniter\CodeIgniter->runController(Object(App\Controllers\Kandidat))
#3 C:\xampp\htdocs\vote\system\CodeIgniter.php(326): CodeIgniter\CodeIgniter->handleRequest(NULL, Object(Config\Cache), false)
#4 C:\xampp\htdocs\vote\public\index.php(37): CodeIgniter\CodeIgniter->run()
#5 C:\xampp\htdocs\vote\system\Commands\Server\rewrite.php(43): require_once('C:\\xampp\\htdocs...')
#6 {main}
CRITICAL - 2023-04-20 07:57:04 --> Call to a member function isValid() on string
#0 C:\xampp\htdocs\vote\app\Controllers\Kandidat.php(61): App\Models\K_model->updateP('4', Array, Object(CodeIgniter\HTTP\Files\UploadedFile), 'ketua')
#1 C:\xampp\htdocs\vote\system\CodeIgniter.php(832): App\Controllers\Kandidat->update('4')
#2 C:\xampp\htdocs\vote\system\CodeIgniter.php(419): CodeIgniter\CodeIgniter->runController(Object(App\Controllers\Kandidat))
#3 C:\xampp\htdocs\vote\system\CodeIgniter.php(326): CodeIgniter\CodeIgniter->handleRequest(NULL, Object(Config\Cache), false)
#4 C:\xampp\htdocs\vote\public\index.php(37): CodeIgniter\CodeIgniter->run()
#5 C:\xampp\htdocs\vote\system\Commands\Server\rewrite.php(43): require_once('C:\\xampp\\htdocs...')
#6 {main}
CRITICAL - 2023-04-20 08:00:34 --> Call to a member function isValid() on string
#0 C:\xampp\htdocs\vote\app\Controllers\Kandidat.php(61): App\Models\K_model->updateP('4', Array, Object(CodeIgniter\HTTP\Files\UploadedFile), 'ketua')
#1 C:\xampp\htdocs\vote\system\CodeIgniter.php(832): App\Controllers\Kandidat->update('4')
#2 C:\xampp\htdocs\vote\system\CodeIgniter.php(419): CodeIgniter\CodeIgniter->runController(Object(App\Controllers\Kandidat))
#3 C:\xampp\htdocs\vote\system\CodeIgniter.php(326): CodeIgniter\CodeIgniter->handleRequest(NULL, Object(Config\Cache), false)
#4 C:\xampp\htdocs\vote\public\index.php(37): CodeIgniter\CodeIgniter->run()
#5 C:\xampp\htdocs\vote\system\Commands\Server\rewrite.php(43): require_once('C:\\xampp\\htdocs...')
#6 {main}
CRITICAL - 2023-04-20 08:03:06 --> Call to a member function isValid() on string
#0 C:\xampp\htdocs\vote\app\Controllers\Kandidat.php(64): App\Models\K_model->updateP('4', Array, Object(CodeIgniter\HTTP\Files\UploadedFile), 'ketua')
#1 C:\xampp\htdocs\vote\system\CodeIgniter.php(832): App\Controllers\Kandidat->update('4')
#2 C:\xampp\htdocs\vote\system\CodeIgniter.php(419): CodeIgniter\CodeIgniter->runController(Object(App\Controllers\Kandidat))
#3 C:\xampp\htdocs\vote\system\CodeIgniter.php(326): CodeIgniter\CodeIgniter->handleRequest(NULL, Object(Config\Cache), false)
#4 C:\xampp\htdocs\vote\public\index.php(37): CodeIgniter\CodeIgniter->run()
#5 C:\xampp\htdocs\vote\system\Commands\Server\rewrite.php(43): require_once('C:\\xampp\\htdocs...')
#6 {main}
CRITICAL - 2023-04-20 08:03:55 --> Call to a member function isValid() on string
#0 C:\xampp\htdocs\vote\app\Controllers\Kandidat.php(64): App\Models\K_model->updateP('4', Array, Object(CodeIgniter\HTTP\Files\UploadedFile), 'ketua')
#1 C:\xampp\htdocs\vote\system\CodeIgniter.php(832): App\Controllers\Kandidat->update('4')
#2 C:\xampp\htdocs\vote\system\CodeIgniter.php(419): CodeIgniter\CodeIgniter->runController(Object(App\Controllers\Kandidat))
#3 C:\xampp\htdocs\vote\system\CodeIgniter.php(326): CodeIgniter\CodeIgniter->handleRequest(NULL, Object(Config\Cache), false)
#4 C:\xampp\htdocs\vote\public\index.php(37): CodeIgniter\CodeIgniter->run()
#5 C:\xampp\htdocs\vote\system\Commands\Server\rewrite.php(43): require_once('C:\\xampp\\htdocs...')
#6 {main}
CRITICAL - 2023-04-20 08:07:24 --> Call to a member function isValid() on string
#0 C:\xampp\htdocs\vote\app\Controllers\Kandidat.php(65): App\Models\K_model->updateP('3', Array, Object(CodeIgniter\HTTP\Files\UploadedFile), 'wakil')
#1 C:\xampp\htdocs\vote\system\CodeIgniter.php(832): App\Controllers\Kandidat->update('3')
#2 C:\xampp\htdocs\vote\system\CodeIgniter.php(419): CodeIgniter\CodeIgniter->runController(Object(App\Controllers\Kandidat))
#3 C:\xampp\htdocs\vote\system\CodeIgniter.php(326): CodeIgniter\CodeIgniter->handleRequest(NULL, Object(Config\Cache), false)
#4 C:\xampp\htdocs\vote\public\index.php(37): CodeIgniter\CodeIgniter->run()
#5 C:\xampp\htdocs\vote\system\Commands\Server\rewrite.php(43): require_once('C:\\xampp\\htdocs...')
#6 {main}
CRITICAL - 2023-04-20 08:08:14 --> Call to a member function isValid() on string
#0 C:\xampp\htdocs\vote\app\Controllers\Kandidat.php(65): App\Models\K_model->updateP('3', Array, Object(CodeIgniter\HTTP\Files\UploadedFile), 'wakil')
#1 C:\xampp\htdocs\vote\system\CodeIgniter.php(832): App\Controllers\Kandidat->update('3')
#2 C:\xampp\htdocs\vote\system\CodeIgniter.php(419): CodeIgniter\CodeIgniter->runController(Object(App\Controllers\Kandidat))
#3 C:\xampp\htdocs\vote\system\CodeIgniter.php(326): CodeIgniter\CodeIgniter->handleRequest(NULL, Object(Config\Cache), false)
#4 C:\xampp\htdocs\vote\public\index.php(37): CodeIgniter\CodeIgniter->run()
#5 C:\xampp\htdocs\vote\system\Commands\Server\rewrite.php(43): require_once('C:\\xampp\\htdocs...')
#6 {main}
CRITICAL - 2023-04-20 08:12:51 --> Call to a member function isValid() on string
#0 C:\xampp\htdocs\vote\app\Controllers\Kandidat.php(61): App\Models\K_model->updateP('3', Array, Object(CodeIgniter\HTTP\Files\UploadedFile), 'ketua')
#1 C:\xampp\htdocs\vote\system\CodeIgniter.php(832): App\Controllers\Kandidat->update('3')
#2 C:\xampp\htdocs\vote\system\CodeIgniter.php(419): CodeIgniter\CodeIgniter->runController(Object(App\Controllers\Kandidat))
#3 C:\xampp\htdocs\vote\system\CodeIgniter.php(326): CodeIgniter\CodeIgniter->handleRequest(NULL, Object(Config\Cache), false)
#4 C:\xampp\htdocs\vote\public\index.php(37): CodeIgniter\CodeIgniter->run()
#5 C:\xampp\htdocs\vote\system\Commands\Server\rewrite.php(43): require_once('C:\\xampp\\htdocs...')
#6 {main}
ERROR - 2023-04-20 10:54:47 --> Unknown column 'kandidat.ketua_osis' in 'on clause'
CRITICAL - 2023-04-20 10:54:47 --> Unknown column 'kandidat.ketua_osis' in 'on clause'
#0 C:\xampp\htdocs\vote\system\Database\MySQLi\Connection.php(292): mysqli->query('SELECT `kandida...', 0)
#1 C:\xampp\htdocs\vote\system\Database\BaseConnection.php(670): CodeIgniter\Database\MySQLi\Connection->execute('SELECT `kandida...')
#2 C:\xampp\htdocs\vote\system\Database\BaseConnection.php(598): CodeIgniter\Database\BaseConnection->simpleQuery('SELECT `kandida...')
#3 C:\xampp\htdocs\vote\system\Database\BaseBuilder.php(1455): CodeIgniter\Database\BaseConnection->query('SELECT `kandida...', Array, false)
#4 C:\xampp\htdocs\vote\app\Models\K_model.php(37): CodeIgniter\Database\BaseBuilder->get()
#5 C:\xampp\htdocs\vote\app\Controllers\Kandidat.php(14): App\Models\K_model->join2('kandidat', 'user', 'kandidat.ketua_...', 'kandidat.wakil_...')
#6 C:\xampp\htdocs\vote\system\CodeIgniter.php(832): App\Controllers\Kandidat->index()
#7 C:\xampp\htdocs\vote\system\CodeIgniter.php(419): CodeIgniter\CodeIgniter->runController(Object(App\Controllers\Kandidat))
#8 C:\xampp\htdocs\vote\system\CodeIgniter.php(326): CodeIgniter\CodeIgniter->handleRequest(NULL, Object(Config\Cache), false)
#9 C:\xampp\htdocs\vote\public\index.php(37): CodeIgniter\CodeIgniter->run()
#10 C:\xampp\htdocs\vote\system\Commands\Server\rewrite.php(43): require_once('C:\\xampp\\htdocs...')
#11 {main}
CRITICAL - 2023-04-20 10:57:42 --> Undefined variable: model
#0 C:\xampp\htdocs\vote\app\Controllers\Kandidat.php(14): CodeIgniter\Debug\Exceptions->errorHandler(8, 'Undefined varia...', 'C:\\xampp\\htdocs...', 14, Array)
#1 C:\xampp\htdocs\vote\system\CodeIgniter.php(832): App\Controllers\Kandidat->index()
#2 C:\xampp\htdocs\vote\system\CodeIgniter.php(419): CodeIgniter\CodeIgniter->runController(Object(App\Controllers\Kandidat))
#3 C:\xampp\htdocs\vote\system\CodeIgniter.php(326): CodeIgniter\CodeIgniter->handleRequest(NULL, Object(Config\Cache), false)
#4 C:\xampp\htdocs\vote\public\index.php(37): CodeIgniter\CodeIgniter->run()
#5 C:\xampp\htdocs\vote\system\Commands\Server\rewrite.php(43): require_once('C:\\xampp\\htdocs...')
#6 {main}
CRITICAL - 2023-04-20 11:08:46 --> Cannot redeclare App\Models\K_model::insertt()
#0 [internal function]: CodeIgniter\Debug\Exceptions->shutdownHandler()
#1 {main}
CRITICAL - 2023-04-20 11:10:05 --> Cannot redeclare App\Models\K_model::getWhere()
#0 [internal function]: CodeIgniter\Debug\Exceptions->shutdownHandler()
#1 {main}
CRITICAL - 2023-04-20 11:28:17 --> Cannot use object of type stdClass as array
#0 C:\xampp\htdocs\vote\system\View\View.php(210): include()
#1 C:\xampp\htdocs\vote\system\View\View.php(213): CodeIgniter\View\View->CodeIgniter\View\{closure}()
#2 C:\xampp\htdocs\vote\system\Common.php(1089): CodeIgniter\View\View->render('v_kandidat', Array, true)
#3 C:\xampp\htdocs\vote\app\Controllers\Kandidat.php(18): view('v_kandidat', Array)
#4 C:\xampp\htdocs\vote\system\CodeIgniter.php(832): App\Controllers\Kandidat->index()
#5 C:\xampp\htdocs\vote\system\CodeIgniter.php(419): CodeIgniter\CodeIgniter->runController(Object(App\Controllers\Kandidat))
#6 C:\xampp\htdocs\vote\system\CodeIgniter.php(326): CodeIgniter\CodeIgniter->handleRequest(NULL, Object(Config\Cache), false)
#7 C:\xampp\htdocs\vote\public\index.php(37): CodeIgniter\CodeIgniter->run()
#8 C:\xampp\htdocs\vote\system\Commands\Server\rewrite.php(43): require_once('C:\\xampp\\htdocs...')
#9 {main}
ERROR - 2023-04-20 11:35:58 --> Unknown column 'user.nama' in 'on clause'
CRITICAL - 2023-04-20 11:35:58 --> Unknown column 'user.nama' in 'on clause'
#0 C:\xampp\htdocs\vote\system\Database\MySQLi\Connection.php(292): mysqli->query('SELECT *\nFROM `...', 0)
#1 C:\xampp\htdocs\vote\system\Database\BaseConnection.php(670): CodeIgniter\Database\MySQLi\Connection->execute('SELECT *\nFROM `...')
#2 C:\xampp\htdocs\vote\system\Database\BaseConnection.php(598): CodeIgniter\Database\BaseConnection->simpleQuery('SELECT *\nFROM `...')
#3 C:\xampp\htdocs\vote\system\Database\BaseBuilder.php(1455): CodeIgniter\Database\BaseConnection->query('SELECT *\nFROM `...', Array, false)
#4 C:\xampp\htdocs\vote\app\Models\K_model.php(56): CodeIgniter\Database\BaseBuilder->get()
#5 C:\xampp\htdocs\vote\app\Controllers\Kandidat.php(15): App\Models\K_model->join2('kandidat', 'user', 'kandidat.nama=u...')
#6 C:\xampp\htdocs\vote\system\CodeIgniter.php(832): App\Controllers\Kandidat->index()
#7 C:\xampp\htdocs\vote\system\CodeIgniter.php(419): CodeIgniter\CodeIgniter->runController(Object(App\Controllers\Kandidat))
#8 C:\xampp\htdocs\vote\system\CodeIgniter.php(326): CodeIgniter\CodeIgniter->handleRequest(NULL, Object(Config\Cache), false)
#9 C:\xampp\htdocs\vote\public\index.php(37): CodeIgniter\CodeIgniter->run()
#10 C:\xampp\htdocs\vote\system\Commands\Server\rewrite.php(43): require_once('C:\\xampp\\htdocs...')
#11 {main}
CRITICAL - 2023-04-20 11:49:40 --> Undefined index: username
#0 C:\xampp\htdocs\vote\app\Views\edit_kandidat.php(40): CodeIgniter\Debug\Exceptions->errorHandler(8, 'Undefined index...', 'C:\\xampp\\htdocs...', 40, Array)
#1 C:\xampp\htdocs\vote\system\View\View.php(210): include('C:\\xampp\\htdocs...')
#2 C:\xampp\htdocs\vote\system\View\View.php(213): CodeIgniter\View\View->CodeIgniter\View\{closure}()
#3 C:\xampp\htdocs\vote\system\Common.php(1089): CodeIgniter\View\View->render('edit_kandidat', Array, true)
#4 C:\xampp\htdocs\vote\app\Controllers\Kandidat.php(54): view('edit_kandidat', Array)
#5 C:\xampp\htdocs\vote\system\CodeIgniter.php(832): App\Controllers\Kandidat->edit('12')
#6 C:\xampp\htdocs\vote\system\CodeIgniter.php(419): CodeIgniter\CodeIgniter->runController(Object(App\Controllers\Kandidat))
#7 C:\xampp\htdocs\vote\system\CodeIgniter.php(326): CodeIgniter\CodeIgniter->handleRequest(NULL, Object(Config\Cache), false)
#8 C:\xampp\htdocs\vote\public\index.php(37): CodeIgniter\CodeIgniter->run()
#9 C:\xampp\htdocs\vote\system\Commands\Server\rewrite.php(43): require_once('C:\\xampp\\htdocs...')
#10 {main}
CRITICAL - 2023-04-20 11:50:45 --> Undefined index: username
#0 C:\xampp\htdocs\vote\app\Views\edit_kandidat.php(40): CodeIgniter\Debug\Exceptions->errorHandler(8, 'Undefined index...', 'C:\\xampp\\htdocs...', 40, Array)
#1 C:\xampp\htdocs\vote\system\View\View.php(210): include('C:\\xampp\\htdocs...')
#2 C:\xampp\htdocs\vote\system\View\View.php(213): CodeIgniter\View\View->CodeIgniter\View\{closure}()
#3 C:\xampp\htdocs\vote\system\Common.php(1089): CodeIgniter\View\View->render('edit_kandidat', Array, true)
#4 C:\xampp\htdocs\vote\app\Controllers\Kandidat.php(54): view('edit_kandidat', Array)
#5 C:\xampp\htdocs\vote\system\CodeIgniter.php(832): App\Controllers\Kandidat->edit('12')
#6 C:\xampp\htdocs\vote\system\CodeIgniter.php(419): CodeIgniter\CodeIgniter->runController(Object(App\Controllers\Kandidat))
#7 C:\xampp\htdocs\vote\system\CodeIgniter.php(326): CodeIgniter\CodeIgniter->handleRequest(NULL, Object(Config\Cache), false)
#8 C:\xampp\htdocs\vote\public\index.php(37): CodeIgniter\CodeIgniter->run()
#9 C:\xampp\htdocs\vote\system\Commands\Server\rewrite.php(43): require_once('C:\\xampp\\htdocs...')
#10 {main}
CRITICAL - 2023-04-20 11:51:14 --> Trying to get property 'jabatan' of non-object
#0 C:\xampp\htdocs\vote\app\Views\edit_kandidat.php(82): CodeIgniter\Debug\Exceptions->errorHandler(8, 'Trying to get p...', 'C:\\xampp\\htdocs...', 82, Array)
#1 C:\xampp\htdocs\vote\system\View\View.php(210): include('C:\\xampp\\htdocs...')
#2 C:\xampp\htdocs\vote\system\View\View.php(213): CodeIgniter\View\View->CodeIgniter\View\{closure}()
#3 C:\xampp\htdocs\vote\system\Common.php(1089): CodeIgniter\View\View->render('edit_kandidat', Array, true)
#4 C:\xampp\htdocs\vote\app\Controllers\Kandidat.php(54): view('edit_kandidat', Array)
#5 C:\xampp\htdocs\vote\system\CodeIgniter.php(832): App\Controllers\Kandidat->edit('12')
#6 C:\xampp\htdocs\vote\system\CodeIgniter.php(419): CodeIgniter\CodeIgniter->runController(Object(App\Controllers\Kandidat))
#7 C:\xampp\htdocs\vote\system\CodeIgniter.php(326): CodeIgniter\CodeIgniter->handleRequest(NULL, Object(Config\Cache), false)
#8 C:\xampp\htdocs\vote\public\index.php(37): CodeIgniter\CodeIgniter->run()
#9 C:\xampp\htdocs\vote\system\Commands\Server\rewrite.php(43): require_once('C:\\xampp\\htdocs...')
#10 {main}
CRITICAL - 2023-04-20 11:54:28 --> Trying to get property 'jabatan' of non-object
#0 C:\xampp\htdocs\vote\app\Views\edit_kandidat.php(82): CodeIgniter\Debug\Exceptions->errorHandler(8, 'Trying to get p...', 'C:\\xampp\\htdocs...', 82, Array)
#1 C:\xampp\htdocs\vote\system\View\View.php(210): include('C:\\xampp\\htdocs...')
#2 C:\xampp\htdocs\vote\system\View\View.php(213): CodeIgniter\View\View->CodeIgniter\View\{closure}()
#3 C:\xampp\htdocs\vote\system\Common.php(1089): CodeIgniter\View\View->render('edit_kandidat', Array, true)
#4 C:\xampp\htdocs\vote\app\Controllers\Kandidat.php(54): view('edit_kandidat', Array)
#5 C:\xampp\htdocs\vote\system\CodeIgniter.php(832): App\Controllers\Kandidat->edit('12')
#6 C:\xampp\htdocs\vote\system\CodeIgniter.php(419): CodeIgniter\CodeIgniter->runController(Object(App\Controllers\Kandidat))
#7 C:\xampp\htdocs\vote\system\CodeIgniter.php(326): CodeIgniter\CodeIgniter->handleRequest(NULL, Object(Config\Cache), false)
#8 C:\xampp\htdocs\vote\public\index.php(37): CodeIgniter\CodeIgniter->run()
#9 C:\xampp\htdocs\vote\system\Commands\Server\rewrite.php(43): require_once('C:\\xampp\\htdocs...')
#10 {main}
CRITICAL - 2023-04-20 12:03:19 --> syntax error, unexpected 'public' (T_PUBLIC)
#0 C:\xampp\htdocs\vote\system\Autoloader\Autoloader.php(241): CodeIgniter\Autoloader\Autoloader->includeFile('C:\\xampp\\htdocs...')
#1 C:\xampp\htdocs\vote\system\Autoloader\Autoloader.php(219): CodeIgniter\Autoloader\Autoloader->loadInNamespace('App\\Models\\K_mo...')
#2 [internal function]: CodeIgniter\Autoloader\Autoloader->loadClass('App\\Models\\K_mo...')
#3 C:\xampp\htdocs\vote\app\Controllers\Kandidat.php(46): spl_autoload_call('App\\Models\\K_mo...')
#4 C:\xampp\htdocs\vote\system\CodeIgniter.php(832): App\Controllers\Kandidat->edit('11')
#5 C:\xampp\htdocs\vote\system\CodeIgniter.php(419): CodeIgniter\CodeIgniter->runController(Object(App\Controllers\Kandidat))
#6 C:\xampp\htdocs\vote\system\CodeIgniter.php(326): CodeIgniter\CodeIgniter->handleRequest(NULL, Object(Config\Cache), false)
#7 C:\xampp\htdocs\vote\public\index.php(37): CodeIgniter\CodeIgniter->run()
#8 C:\xampp\htdocs\vote\system\Commands\Server\rewrite.php(43): require_once('C:\\xampp\\htdocs...')
#9 {main}
CRITICAL - 2023-04-20 12:12:15 --> Declaration of App\Models\K_model::update($id, $data) must be compatible with CodeIgniter\Model::update($id = NULL, $data = NULL): bool
#0 [internal function]: CodeIgniter\Debug\Exceptions->shutdownHandler()
#1 {main}
CRITICAL - 2023-04-20 12:13:02 --> Declaration of App\Models\K_model::update($id = NULL, $data = NULL) must be compatible with CodeIgniter\Model::update($id = NULL, $data = NULL): bool
#0 [internal function]: CodeIgniter\Debug\Exceptions->shutdownHandler()
#1 {main}
CRITICAL - 2023-04-20 12:16:25 --> Call to a member function getPost() on null
#0 C:\xampp\htdocs\vote\app\Controllers\Kandidat.php(77): App\Models\K_model->update('11', Array)
#1 C:\xampp\htdocs\vote\system\CodeIgniter.php(832): App\Controllers\Kandidat->update('11')
#2 C:\xampp\htdocs\vote\system\CodeIgniter.php(419): CodeIgniter\CodeIgniter->runController(Object(App\Controllers\Kandidat))
#3 C:\xampp\htdocs\vote\system\CodeIgniter.php(326): CodeIgniter\CodeIgniter->handleRequest(NULL, Object(Config\Cache), false)
#4 C:\xampp\htdocs\vote\public\index.php(37): CodeIgniter\CodeIgniter->run()
#5 C:\xampp\htdocs\vote\system\Commands\Server\rewrite.php(43): require_once('C:\\xampp\\htdocs...')
#6 {main}
CRITICAL - 2023-04-20 12:24:49 --> Class 'App\Controllers\U_model' not found
#0 C:\xampp\htdocs\vote\system\CodeIgniter.php(832): App\Controllers\Kandidat->update('11')
#1 C:\xampp\htdocs\vote\system\CodeIgniter.php(419): CodeIgniter\CodeIgniter->runController(Object(App\Controllers\Kandidat))
#2 C:\xampp\htdocs\vote\system\CodeIgniter.php(326): CodeIgniter\CodeIgniter->handleRequest(NULL, Object(Config\Cache), false)
#3 C:\xampp\htdocs\vote\public\index.php(37): CodeIgniter\CodeIgniter->run()
#4 C:\xampp\htdocs\vote\system\Commands\Server\rewrite.php(43): require_once('C:\\xampp\\htdocs...')
#5 {main}
CRITICAL - 2023-04-20 12:32:56 --> Class 'App\Controllers\_model' not found
#0 C:\xampp\htdocs\vote\system\CodeIgniter.php(832): App\Controllers\Kandidat->update('11')
#1 C:\xampp\htdocs\vote\system\CodeIgniter.php(419): CodeIgniter\CodeIgniter->runController(Object(App\Controllers\Kandidat))
#2 C:\xampp\htdocs\vote\system\CodeIgniter.php(326): CodeIgniter\CodeIgniter->handleRequest(NULL, Object(Config\Cache), false)
#3 C:\xampp\htdocs\vote\public\index.php(37): CodeIgniter\CodeIgniter->run()
#4 C:\xampp\htdocs\vote\system\Commands\Server\rewrite.php(43): require_once('C:\\xampp\\htdocs...')
#5 {main}
