CRITICAL - 2023-04-03 00:13:27 --> Too few arguments to function App\Controllers\User::update(), 0 passed in C:\xampp\htdocs\vote\system\CodeIgniter.php on line 832 and exactly 1 expected
#0 C:\xampp\htdocs\vote\system\CodeIgniter.php(832): App\Controllers\User->update()
#1 C:\xampp\htdocs\vote\system\CodeIgniter.php(419): CodeIgniter\CodeIgniter->runController(Object(App\Controllers\User))
#2 C:\xampp\htdocs\vote\system\CodeIgniter.php(326): CodeIgniter\CodeIgniter->handleRequest(NULL, Object(Config\Cache), false)
#3 C:\xampp\htdocs\vote\public\index.php(37): CodeIgniter\CodeIgniter->run()
#4 C:\xampp\htdocs\vote\system\Commands\Server\rewrite.php(43): require_once('C:\\xampp\\htdocs...')
#5 {main}
CRITICAL - 2023-04-03 00:16:18 --> Too few arguments to function App\Controllers\User::update(), 0 passed in C:\xampp\htdocs\vote\system\CodeIgniter.php on line 832 and exactly 1 expected
#0 C:\xampp\htdocs\vote\system\CodeIgniter.php(832): App\Controllers\User->update()
#1 C:\xampp\htdocs\vote\system\CodeIgniter.php(419): CodeIgniter\CodeIgniter->runController(Object(App\Controllers\User))
#2 C:\xampp\htdocs\vote\system\CodeIgniter.php(326): CodeIgniter\CodeIgniter->handleRequest(NULL, Object(Config\Cache), false)
#3 C:\xampp\htdocs\vote\public\index.php(37): CodeIgniter\CodeIgniter->run()
#4 C:\xampp\htdocs\vote\system\Commands\Server\rewrite.php(43): require_once('C:\\xampp\\htdocs...')
#5 {main}
CRITICAL - 2023-04-03 01:28:22 --> Call to a member function findAll() on array
#0 C:\xampp\htdocs\vote\system\CodeIgniter.php(832): App\Controllers\User->index()
#1 C:\xampp\htdocs\vote\system\CodeIgniter.php(419): CodeIgniter\CodeIgniter->runController(Object(App\Controllers\User))
#2 C:\xampp\htdocs\vote\system\CodeIgniter.php(326): CodeIgniter\CodeIgniter->handleRequest(NULL, Object(Config\Cache), false)
#3 C:\xampp\htdocs\vote\public\index.php(37): CodeIgniter\CodeIgniter->run()
#4 C:\xampp\htdocs\vote\system\Commands\Server\rewrite.php(43): require_once('C:\\xampp\\htdocs...')
#5 {main}
CRITICAL - 2023-04-03 01:29:10 --> Call to a member function findAll() on array
#0 C:\xampp\htdocs\vote\system\CodeIgniter.php(832): App\Controllers\User->index()
#1 C:\xampp\htdocs\vote\system\CodeIgniter.php(419): CodeIgniter\CodeIgniter->runController(Object(App\Controllers\User))
#2 C:\xampp\htdocs\vote\system\CodeIgniter.php(326): CodeIgniter\CodeIgniter->handleRequest(NULL, Object(Config\Cache), false)
#3 C:\xampp\htdocs\vote\public\index.php(37): CodeIgniter\CodeIgniter->run()
#4 C:\xampp\htdocs\vote\system\Commands\Server\rewrite.php(43): require_once('C:\\xampp\\htdocs...')
#5 {main}
ERROR - 2023-04-03 01:30:43 --> Table 'vote.nota' doesn't exist
CRITICAL - 2023-04-03 01:30:43 --> Table 'vote.nota' doesn't exist
#0 C:\xampp\htdocs\vote\system\Database\MySQLi\Connection.php(292): mysqli->query('SELECT *\nFROM (...', 0)
#1 C:\xampp\htdocs\vote\system\Database\BaseConnection.php(670): CodeIgniter\Database\MySQLi\Connection->execute('SELECT *\nFROM (...')
#2 C:\xampp\htdocs\vote\system\Database\BaseConnection.php(598): CodeIgniter\Database\BaseConnection->simpleQuery('SELECT *\nFROM (...')
#3 C:\xampp\htdocs\vote\system\Database\BaseBuilder.php(1455): CodeIgniter\Database\BaseConnection->query('SELECT *\nFROM (...', Array, false)
#4 C:\xampp\htdocs\vote\system\Model.php(183): CodeIgniter\Database\BaseBuilder->get()
#5 C:\xampp\htdocs\vote\system\BaseModel.php(584): CodeIgniter\Model->doFindAll(0, 0)
#6 C:\xampp\htdocs\vote\app\Controllers\User.php(18): CodeIgniter\BaseModel->findAll()
#7 C:\xampp\htdocs\vote\system\CodeIgniter.php(832): App\Controllers\User->index()
#8 C:\xampp\htdocs\vote\system\CodeIgniter.php(419): CodeIgniter\CodeIgniter->runController(Object(App\Controllers\User))
#9 C:\xampp\htdocs\vote\system\CodeIgniter.php(326): CodeIgniter\CodeIgniter->handleRequest(NULL, Object(Config\Cache), false)
#10 C:\xampp\htdocs\vote\public\index.php(37): CodeIgniter\CodeIgniter->run()
#11 C:\xampp\htdocs\vote\system\Commands\Server\rewrite.php(43): require_once('C:\\xampp\\htdocs...')
#12 {main}
ERROR - 2023-04-03 01:31:24 --> Table 'vote.nota' doesn't exist
CRITICAL - 2023-04-03 01:31:24 --> Table 'vote.nota' doesn't exist
#0 C:\xampp\htdocs\vote\system\Database\MySQLi\Connection.php(292): mysqli->query('SELECT *\nFROM (...', 0)
#1 C:\xampp\htdocs\vote\system\Database\BaseConnection.php(670): CodeIgniter\Database\MySQLi\Connection->execute('SELECT *\nFROM (...')
#2 C:\xampp\htdocs\vote\system\Database\BaseConnection.php(598): CodeIgniter\Database\BaseConnection->simpleQuery('SELECT *\nFROM (...')
#3 C:\xampp\htdocs\vote\system\Database\BaseBuilder.php(1455): CodeIgniter\Database\BaseConnection->query('SELECT *\nFROM (...', Array, false)
#4 C:\xampp\htdocs\vote\system\Model.php(183): CodeIgniter\Database\BaseBuilder->get()
#5 C:\xampp\htdocs\vote\system\BaseModel.php(584): CodeIgniter\Model->doFindAll(0, 0)
#6 C:\xampp\htdocs\vote\app\Controllers\User.php(18): CodeIgniter\BaseModel->findAll()
#7 C:\xampp\htdocs\vote\system\CodeIgniter.php(832): App\Controllers\User->index()
#8 C:\xampp\htdocs\vote\system\CodeIgniter.php(419): CodeIgniter\CodeIgniter->runController(Object(App\Controllers\User))
#9 C:\xampp\htdocs\vote\system\CodeIgniter.php(326): CodeIgniter\CodeIgniter->handleRequest(NULL, Object(Config\Cache), false)
#10 C:\xampp\htdocs\vote\public\index.php(37): CodeIgniter\CodeIgniter->run()
#11 C:\xampp\htdocs\vote\system\Commands\Server\rewrite.php(43): require_once('C:\\xampp\\htdocs...')
#12 {main}
ERROR - 2023-04-03 01:32:34 --> Table 'vote.nota' doesn't exist
CRITICAL - 2023-04-03 01:32:34 --> Table 'vote.nota' doesn't exist
#0 C:\xampp\htdocs\vote\system\Database\MySQLi\Connection.php(292): mysqli->query('SELECT *\nFROM (...', 0)
#1 C:\xampp\htdocs\vote\system\Database\BaseConnection.php(670): CodeIgniter\Database\MySQLi\Connection->execute('SELECT *\nFROM (...')
#2 C:\xampp\htdocs\vote\system\Database\BaseConnection.php(598): CodeIgniter\Database\BaseConnection->simpleQuery('SELECT *\nFROM (...')
#3 C:\xampp\htdocs\vote\system\Database\BaseBuilder.php(1455): CodeIgniter\Database\BaseConnection->query('SELECT *\nFROM (...', Array, false)
#4 C:\xampp\htdocs\vote\system\Model.php(183): CodeIgniter\Database\BaseBuilder->get()
#5 C:\xampp\htdocs\vote\system\BaseModel.php(584): CodeIgniter\Model->doFindAll(0, 0)
#6 C:\xampp\htdocs\vote\app\Controllers\User.php(19): CodeIgniter\BaseModel->findAll()
#7 C:\xampp\htdocs\vote\system\CodeIgniter.php(832): App\Controllers\User->index()
#8 C:\xampp\htdocs\vote\system\CodeIgniter.php(419): CodeIgniter\CodeIgniter->runController(Object(App\Controllers\User))
#9 C:\xampp\htdocs\vote\system\CodeIgniter.php(326): CodeIgniter\CodeIgniter->handleRequest(NULL, Object(Config\Cache), false)
#10 C:\xampp\htdocs\vote\public\index.php(37): CodeIgniter\CodeIgniter->run()
#11 C:\xampp\htdocs\vote\system\Commands\Server\rewrite.php(43): require_once('C:\\xampp\\htdocs...')
#12 {main}
CRITICAL - 2023-04-03 01:36:42 --> You must set the database table to be used with your query.
#0 C:\xampp\htdocs\vote\system\Model.php(545): CodeIgniter\Database\BaseConnection->table(NULL)
#1 C:\xampp\htdocs\vote\system\Model.php(722): CodeIgniter\Model->builder()
#2 C:\xampp\htdocs\vote\app\Controllers\User.php(15): CodeIgniter\Model->__call('select', Array)
#3 C:\xampp\htdocs\vote\system\CodeIgniter.php(832): App\Controllers\User->index()
#4 C:\xampp\htdocs\vote\system\CodeIgniter.php(419): CodeIgniter\CodeIgniter->runController(Object(App\Controllers\User))
#5 C:\xampp\htdocs\vote\system\CodeIgniter.php(326): CodeIgniter\CodeIgniter->handleRequest(NULL, Object(Config\Cache), false)
#6 C:\xampp\htdocs\vote\public\index.php(37): CodeIgniter\CodeIgniter->run()
#7 C:\xampp\htdocs\vote\system\Commands\Server\rewrite.php(43): require_once('C:\\xampp\\htdocs...')
#8 {main}
CRITICAL - 2023-04-03 01:37:40 --> You must set the database table to be used with your query.
#0 C:\xampp\htdocs\vote\system\Model.php(545): CodeIgniter\Database\BaseConnection->table(NULL)
#1 C:\xampp\htdocs\vote\system\Model.php(722): CodeIgniter\Model->builder()
#2 C:\xampp\htdocs\vote\app\Controllers\User.php(15): CodeIgniter\Model->__call('select', Array)
#3 C:\xampp\htdocs\vote\system\CodeIgniter.php(832): App\Controllers\User->index()
#4 C:\xampp\htdocs\vote\system\CodeIgniter.php(419): CodeIgniter\CodeIgniter->runController(Object(App\Controllers\User))
#5 C:\xampp\htdocs\vote\system\CodeIgniter.php(326): CodeIgniter\CodeIgniter->handleRequest(NULL, Object(Config\Cache), false)
#6 C:\xampp\htdocs\vote\public\index.php(37): CodeIgniter\CodeIgniter->run()
#7 C:\xampp\htdocs\vote\system\Commands\Server\rewrite.php(43): require_once('C:\\xampp\\htdocs...')
#8 {main}
CRITICAL - 2023-04-03 01:37:41 --> You must set the database table to be used with your query.
#0 C:\xampp\htdocs\vote\system\Model.php(545): CodeIgniter\Database\BaseConnection->table(NULL)
#1 C:\xampp\htdocs\vote\system\Model.php(722): CodeIgniter\Model->builder()
#2 C:\xampp\htdocs\vote\app\Controllers\User.php(15): CodeIgniter\Model->__call('select', Array)
#3 C:\xampp\htdocs\vote\system\CodeIgniter.php(832): App\Controllers\User->index()
#4 C:\xampp\htdocs\vote\system\CodeIgniter.php(419): CodeIgniter\CodeIgniter->runController(Object(App\Controllers\User))
#5 C:\xampp\htdocs\vote\system\CodeIgniter.php(326): CodeIgniter\CodeIgniter->handleRequest(NULL, Object(Config\Cache), false)
#6 C:\xampp\htdocs\vote\public\index.php(37): CodeIgniter\CodeIgniter->run()
#7 C:\xampp\htdocs\vote\system\Commands\Server\rewrite.php(43): require_once('C:\\xampp\\htdocs...')
#8 {main}
CRITICAL - 2023-04-03 01:37:43 --> You must set the database table to be used with your query.
#0 C:\xampp\htdocs\vote\system\Model.php(545): CodeIgniter\Database\BaseConnection->table(NULL)
#1 C:\xampp\htdocs\vote\system\Model.php(722): CodeIgniter\Model->builder()
#2 C:\xampp\htdocs\vote\app\Controllers\User.php(15): CodeIgniter\Model->__call('select', Array)
#3 C:\xampp\htdocs\vote\system\CodeIgniter.php(832): App\Controllers\User->index()
#4 C:\xampp\htdocs\vote\system\CodeIgniter.php(419): CodeIgniter\CodeIgniter->runController(Object(App\Controllers\User))
#5 C:\xampp\htdocs\vote\system\CodeIgniter.php(326): CodeIgniter\CodeIgniter->handleRequest(NULL, Object(Config\Cache), false)
#6 C:\xampp\htdocs\vote\public\index.php(37): CodeIgniter\CodeIgniter->run()
#7 C:\xampp\htdocs\vote\system\Commands\Server\rewrite.php(43): require_once('C:\\xampp\\htdocs...')
#8 {main}
ERROR - 2023-04-03 01:38:53 --> Not unique table/alias: 'user'
CRITICAL - 2023-04-03 01:38:53 --> Not unique table/alias: 'user'
#0 C:\xampp\htdocs\vote\system\Database\MySQLi\Connection.php(292): mysqli->query('SELECT *\nFROM (...', 0)
#1 C:\xampp\htdocs\vote\system\Database\BaseConnection.php(670): CodeIgniter\Database\MySQLi\Connection->execute('SELECT *\nFROM (...')
#2 C:\xampp\htdocs\vote\system\Database\BaseConnection.php(598): CodeIgniter\Database\BaseConnection->simpleQuery('SELECT *\nFROM (...')
#3 C:\xampp\htdocs\vote\system\Database\BaseBuilder.php(1455): CodeIgniter\Database\BaseConnection->query('SELECT *\nFROM (...', Array, false)
#4 C:\xampp\htdocs\vote\system\Model.php(728): CodeIgniter\Database\BaseBuilder->get()
#5 C:\xampp\htdocs\vote\app\Controllers\User.php(20): CodeIgniter\Model->__call('get', Array)
#6 C:\xampp\htdocs\vote\system\CodeIgniter.php(832): App\Controllers\User->index()
#7 C:\xampp\htdocs\vote\system\CodeIgniter.php(419): CodeIgniter\CodeIgniter->runController(Object(App\Controllers\User))
#8 C:\xampp\htdocs\vote\system\CodeIgniter.php(326): CodeIgniter\CodeIgniter->handleRequest(NULL, Object(Config\Cache), false)
#9 C:\xampp\htdocs\vote\public\index.php(37): CodeIgniter\CodeIgniter->run()
#10 C:\xampp\htdocs\vote\system\Commands\Server\rewrite.php(43): require_once('C:\\xampp\\htdocs...')
#11 {main}
CRITICAL - 2023-04-03 01:39:06 --> Too few arguments to function CodeIgniter\Database\BaseBuilder::from(), 0 passed in C:\xampp\htdocs\vote\system\Model.php on line 728 and at least 1 expected
#0 C:\xampp\htdocs\vote\system\Model.php(728): CodeIgniter\Database\BaseBuilder->from()
#1 C:\xampp\htdocs\vote\app\Controllers\User.php(16): CodeIgniter\Model->__call('from', Array)
#2 C:\xampp\htdocs\vote\system\CodeIgniter.php(832): App\Controllers\User->index()
#3 C:\xampp\htdocs\vote\system\CodeIgniter.php(419): CodeIgniter\CodeIgniter->runController(Object(App\Controllers\User))
#4 C:\xampp\htdocs\vote\system\CodeIgniter.php(326): CodeIgniter\CodeIgniter->handleRequest(NULL, Object(Config\Cache), false)
#5 C:\xampp\htdocs\vote\public\index.php(37): CodeIgniter\CodeIgniter->run()
#6 C:\xampp\htdocs\vote\system\Commands\Server\rewrite.php(43): require_once('C:\\xampp\\htdocs...')
#7 {main}
CRITICAL - 2023-04-03 10:58:20 --> syntax error, unexpected 'S' (T_STRING), expecting function (T_FUNCTION) or const (T_CONST)
#0 C:\xampp\htdocs\vote\system\Autoloader\Autoloader.php(241): CodeIgniter\Autoloader\Autoloader->includeFile('C:\\xampp\\htdocs...')
#1 C:\xampp\htdocs\vote\system\Autoloader\Autoloader.php(219): CodeIgniter\Autoloader\Autoloader->loadInNamespace('App\\Models\\M_mo...')
#2 [internal function]: CodeIgniter\Autoloader\Autoloader->loadClass('App\\Models\\M_mo...')
#3 C:\xampp\htdocs\vote\app\Controllers\User.php(13): spl_autoload_call('App\\Models\\M_mo...')
#4 C:\xampp\htdocs\vote\system\CodeIgniter.php(832): App\Controllers\User->index()
#5 C:\xampp\htdocs\vote\system\CodeIgniter.php(419): CodeIgniter\CodeIgniter->runController(Object(App\Controllers\User))
#6 C:\xampp\htdocs\vote\system\CodeIgniter.php(326): CodeIgniter\CodeIgniter->handleRequest(NULL, Object(Config\Cache), false)
#7 C:\xampp\htdocs\vote\public\index.php(37): CodeIgniter\CodeIgniter->run()
#8 C:\xampp\htdocs\vote\system\Commands\Server\rewrite.php(43): require_once('C:\\xampp\\htdocs...')
#9 {main}
CRITICAL - 2023-04-03 10:58:33 --> Call to undefined method CodeIgniter\Database\MySQLi\Builder::findAll()
#0 C:\xampp\htdocs\vote\app\Controllers\User.php(15): App\Models\M_model->join2('user', 'level', 'user.level=leve...')
#1 C:\xampp\htdocs\vote\system\CodeIgniter.php(832): App\Controllers\User->index()
#2 C:\xampp\htdocs\vote\system\CodeIgniter.php(419): CodeIgniter\CodeIgniter->runController(Object(App\Controllers\User))
#3 C:\xampp\htdocs\vote\system\CodeIgniter.php(326): CodeIgniter\CodeIgniter->handleRequest(NULL, Object(Config\Cache), false)
#4 C:\xampp\htdocs\vote\public\index.php(37): CodeIgniter\CodeIgniter->run()
#5 C:\xampp\htdocs\vote\system\Commands\Server\rewrite.php(43): require_once('C:\\xampp\\htdocs...')
#6 {main}
