CRITICAL - 2023-03-31 22:41:36 --> syntax error, unexpected 'no' (T_STRING), expecting variable (T_VARIABLE) or '{' or '$'
#0 C:\xampp\htdocs\vote\system\View\View.php(213): CodeIgniter\View\View->CodeIgniter\View\{closure}()
#1 C:\xampp\htdocs\vote\system\Common.php(1089): CodeIgniter\View\View->render('v_user', Array, true)
#2 C:\xampp\htdocs\vote\app\Controllers\User.php(11): view('v_user')
#3 C:\xampp\htdocs\vote\system\CodeIgniter.php(832): App\Controllers\User->index()
#4 C:\xampp\htdocs\vote\system\CodeIgniter.php(419): CodeIgniter\CodeIgniter->runController(Object(App\Controllers\User))
#5 C:\xampp\htdocs\vote\system\CodeIgniter.php(326): CodeIgniter\CodeIgniter->handleRequest(NULL, Object(Config\Cache), false)
#6 C:\xampp\htdocs\vote\public\index.php(37): CodeIgniter\CodeIgniter->run()
#7 C:\xampp\htdocs\vote\system\Commands\Server\rewrite.php(43): require_once('C:\\xampp\\htdocs...')
#8 {main}
CRITICAL - 2023-03-31 22:42:01 --> Invalid argument supplied for foreach()
#0 C:\xampp\htdocs\vote\app\Views\v_user.php(25): CodeIgniter\Debug\Exceptions->errorHandler(2, 'Invalid argumen...', 'C:\\xampp\\htdocs...', 25, Array)
#1 C:\xampp\htdocs\vote\system\View\View.php(210): include('C:\\xampp\\htdocs...')
#2 C:\xampp\htdocs\vote\system\View\View.php(213): CodeIgniter\View\View->CodeIgniter\View\{closure}()
#3 C:\xampp\htdocs\vote\system\Common.php(1089): CodeIgniter\View\View->render('v_user', Array, true)
#4 C:\xampp\htdocs\vote\app\Controllers\User.php(11): view('v_user')
#5 C:\xampp\htdocs\vote\system\CodeIgniter.php(832): App\Controllers\User->index()
#6 C:\xampp\htdocs\vote\system\CodeIgniter.php(419): CodeIgniter\CodeIgniter->runController(Object(App\Controllers\User))
#7 C:\xampp\htdocs\vote\system\CodeIgniter.php(326): CodeIgniter\CodeIgniter->handleRequest(NULL, Object(Config\Cache), false)
#8 C:\xampp\htdocs\vote\public\index.php(37): CodeIgniter\CodeIgniter->run()
#9 C:\xampp\htdocs\vote\system\Commands\Server\rewrite.php(43): require_once('C:\\xampp\\htdocs...')
#10 {main}
CRITICAL - 2023-03-31 22:55:24 --> syntax error, unexpected '{', expecting function (T_FUNCTION) or const (T_CONST)
#0 C:\xampp\htdocs\vote\system\Router\Router.php(175): CodeIgniter\Router\Router->autoRoute('user/index')
#1 C:\xampp\htdocs\vote\system\CodeIgniter.php(726): CodeIgniter\Router\Router->handle('user/index')
#2 C:\xampp\htdocs\vote\system\CodeIgniter.php(368): CodeIgniter\CodeIgniter->tryToRouteIt(Object(CodeIgniter\Router\RouteCollection))
#3 C:\xampp\htdocs\vote\system\CodeIgniter.php(326): CodeIgniter\CodeIgniter->handleRequest(NULL, Object(Config\Cache), false)
#4 C:\xampp\htdocs\vote\public\index.php(37): CodeIgniter\CodeIgniter->run()
#5 C:\xampp\htdocs\vote\system\Commands\Server\rewrite.php(43): require_once('C:\\xampp\\htdocs...')
#6 {main}
CRITICAL - 2023-03-31 22:55:54 --> Invalid argument supplied for foreach()
#0 C:\xampp\htdocs\vote\app\Views\v_user.php(27): CodeIgniter\Debug\Exceptions->errorHandler(2, 'Invalid argumen...', 'C:\\xampp\\htdocs...', 27, Array)
#1 C:\xampp\htdocs\vote\system\View\View.php(210): include('C:\\xampp\\htdocs...')
#2 C:\xampp\htdocs\vote\system\View\View.php(213): CodeIgniter\View\View->CodeIgniter\View\{closure}()
#3 C:\xampp\htdocs\vote\system\Common.php(1089): CodeIgniter\View\View->render('v_user', Array, true)
#4 C:\xampp\htdocs\vote\app\Controllers\Home.php(11): view('v_user')
#5 C:\xampp\htdocs\vote\system\CodeIgniter.php(832): App\Controllers\Home->index()
#6 C:\xampp\htdocs\vote\system\CodeIgniter.php(419): CodeIgniter\CodeIgniter->runController(Object(App\Controllers\Home))
#7 C:\xampp\htdocs\vote\system\CodeIgniter.php(326): CodeIgniter\CodeIgniter->handleRequest(NULL, Object(Config\Cache), false)
#8 C:\xampp\htdocs\vote\public\index.php(37): CodeIgniter\CodeIgniter->run()
#9 C:\xampp\htdocs\vote\system\Commands\Server\rewrite.php(43): require_once('C:\\xampp\\htdocs...')
#10 {main}
CRITICAL - 2023-03-31 22:57:33 --> Invalid argument supplied for foreach()
#0 C:\xampp\htdocs\vote\app\Views\v_user.php(27): CodeIgniter\Debug\Exceptions->errorHandler(2, 'Invalid argumen...', 'C:\\xampp\\htdocs...', 27, Array)
#1 C:\xampp\htdocs\vote\system\View\View.php(210): include('C:\\xampp\\htdocs...')
#2 C:\xampp\htdocs\vote\system\View\View.php(213): CodeIgniter\View\View->CodeIgniter\View\{closure}()
#3 C:\xampp\htdocs\vote\system\Common.php(1089): CodeIgniter\View\View->render('v_user', Array, true)
#4 C:\xampp\htdocs\vote\app\Controllers\Home.php(11): view('v_user')
#5 C:\xampp\htdocs\vote\system\CodeIgniter.php(832): App\Controllers\Home->index()
#6 C:\xampp\htdocs\vote\system\CodeIgniter.php(419): CodeIgniter\CodeIgniter->runController(Object(App\Controllers\Home))
#7 C:\xampp\htdocs\vote\system\CodeIgniter.php(326): CodeIgniter\CodeIgniter->handleRequest(NULL, Object(Config\Cache), false)
#8 C:\xampp\htdocs\vote\public\index.php(37): CodeIgniter\CodeIgniter->run()
#9 C:\xampp\htdocs\vote\system\Commands\Server\rewrite.php(43): require_once('C:\\xampp\\htdocs...')
#10 {main}
CRITICAL - 2023-03-31 22:59:00 --> Invalid argument supplied for foreach()
#0 C:\xampp\htdocs\vote\app\Views\v_user.php(27): CodeIgniter\Debug\Exceptions->errorHandler(2, 'Invalid argumen...', 'C:\\xampp\\htdocs...', 27, Array)
#1 C:\xampp\htdocs\vote\system\View\View.php(210): include('C:\\xampp\\htdocs...')
#2 C:\xampp\htdocs\vote\system\View\View.php(213): CodeIgniter\View\View->CodeIgniter\View\{closure}()
#3 C:\xampp\htdocs\vote\system\Common.php(1089): CodeIgniter\View\View->render('v_user', Array, true)
#4 C:\xampp\htdocs\vote\app\Controllers\Home.php(11): view('v_user')
#5 C:\xampp\htdocs\vote\system\CodeIgniter.php(832): App\Controllers\Home->index()
#6 C:\xampp\htdocs\vote\system\CodeIgniter.php(419): CodeIgniter\CodeIgniter->runController(Object(App\Controllers\Home))
#7 C:\xampp\htdocs\vote\system\CodeIgniter.php(326): CodeIgniter\CodeIgniter->handleRequest(NULL, Object(Config\Cache), false)
#8 C:\xampp\htdocs\vote\public\index.php(37): CodeIgniter\CodeIgniter->run()
#9 C:\xampp\htdocs\vote\system\Commands\Server\rewrite.php(43): require_once('C:\\xampp\\htdocs...')
#10 {main}
CRITICAL - 2023-03-31 23:00:37 --> syntax error, unexpected 'public' (T_PUBLIC), expecting ';' or '{'
#0 C:\xampp\htdocs\vote\system\Router\Router.php(175): CodeIgniter\Router\Router->autoRoute('Home')
#1 C:\xampp\htdocs\vote\system\CodeIgniter.php(726): CodeIgniter\Router\Router->handle('Home')
#2 C:\xampp\htdocs\vote\system\CodeIgniter.php(368): CodeIgniter\CodeIgniter->tryToRouteIt(Object(CodeIgniter\Router\RouteCollection))
#3 C:\xampp\htdocs\vote\system\CodeIgniter.php(326): CodeIgniter\CodeIgniter->handleRequest(NULL, Object(Config\Cache), false)
#4 C:\xampp\htdocs\vote\public\index.php(37): CodeIgniter\CodeIgniter->run()
#5 C:\xampp\htdocs\vote\system\Commands\Server\rewrite.php(43): require_once('C:\\xampp\\htdocs...')
#6 {main}
CRITICAL - 2023-03-31 23:00:46 --> syntax error, unexpected 'n' (T_STRING), expecting function (T_FUNCTION) or const (T_CONST)
#0 C:\xampp\htdocs\vote\system\Router\Router.php(175): CodeIgniter\Router\Router->autoRoute('Home')
#1 C:\xampp\htdocs\vote\system\CodeIgniter.php(726): CodeIgniter\Router\Router->handle('Home')
#2 C:\xampp\htdocs\vote\system\CodeIgniter.php(368): CodeIgniter\CodeIgniter->tryToRouteIt(Object(CodeIgniter\Router\RouteCollection))
#3 C:\xampp\htdocs\vote\system\CodeIgniter.php(326): CodeIgniter\CodeIgniter->handleRequest(NULL, Object(Config\Cache), false)
#4 C:\xampp\htdocs\vote\public\index.php(37): CodeIgniter\CodeIgniter->run()
#5 C:\xampp\htdocs\vote\system\Commands\Server\rewrite.php(43): require_once('C:\\xampp\\htdocs...')
#6 {main}
CRITICAL - 2023-03-31 23:01:14 --> Invalid argument supplied for foreach()
#0 C:\xampp\htdocs\vote\app\Views\v_user.php(27): CodeIgniter\Debug\Exceptions->errorHandler(2, 'Invalid argumen...', 'C:\\xampp\\htdocs...', 27, Array)
#1 C:\xampp\htdocs\vote\system\View\View.php(210): include('C:\\xampp\\htdocs...')
#2 C:\xampp\htdocs\vote\system\View\View.php(213): CodeIgniter\View\View->CodeIgniter\View\{closure}()
#3 C:\xampp\htdocs\vote\system\Common.php(1089): CodeIgniter\View\View->render('v_user', Array, true)
#4 C:\xampp\htdocs\vote\app\Controllers\Home.php(11): view('v_user')
#5 C:\xampp\htdocs\vote\system\CodeIgniter.php(832): App\Controllers\Home->index()
#6 C:\xampp\htdocs\vote\system\CodeIgniter.php(419): CodeIgniter\CodeIgniter->runController(Object(App\Controllers\Home))
#7 C:\xampp\htdocs\vote\system\CodeIgniter.php(326): CodeIgniter\CodeIgniter->handleRequest(NULL, Object(Config\Cache), false)
#8 C:\xampp\htdocs\vote\public\index.php(37): CodeIgniter\CodeIgniter->run()
#9 C:\xampp\htdocs\vote\system\Commands\Server\rewrite.php(43): require_once('C:\\xampp\\htdocs...')
#10 {main}
CRITICAL - 2023-03-31 23:02:04 --> Invalid argument supplied for foreach()
#0 C:\xampp\htdocs\vote\app\Views\v_user.php(27): CodeIgniter\Debug\Exceptions->errorHandler(2, 'Invalid argumen...', 'C:\\xampp\\htdocs...', 27, Array)
#1 C:\xampp\htdocs\vote\system\View\View.php(210): include('C:\\xampp\\htdocs...')
#2 C:\xampp\htdocs\vote\system\View\View.php(213): CodeIgniter\View\View->CodeIgniter\View\{closure}()
#3 C:\xampp\htdocs\vote\system\Common.php(1089): CodeIgniter\View\View->render('v_user', Array, true)
#4 C:\xampp\htdocs\vote\app\Controllers\Home.php(11): view('v_user')
#5 C:\xampp\htdocs\vote\system\CodeIgniter.php(832): App\Controllers\Home->index()
#6 C:\xampp\htdocs\vote\system\CodeIgniter.php(419): CodeIgniter\CodeIgniter->runController(Object(App\Controllers\Home))
#7 C:\xampp\htdocs\vote\system\CodeIgniter.php(326): CodeIgniter\CodeIgniter->handleRequest(NULL, Object(Config\Cache), false)
#8 C:\xampp\htdocs\vote\public\index.php(37): CodeIgniter\CodeIgniter->run()
#9 C:\xampp\htdocs\vote\system\Commands\Server\rewrite.php(43): require_once('C:\\xampp\\htdocs...')
#10 {main}
CRITICAL - 2023-03-31 23:02:07 --> Invalid argument supplied for foreach()
#0 C:\xampp\htdocs\vote\app\Views\v_user.php(27): CodeIgniter\Debug\Exceptions->errorHandler(2, 'Invalid argumen...', 'C:\\xampp\\htdocs...', 27, Array)
#1 C:\xampp\htdocs\vote\system\View\View.php(210): include('C:\\xampp\\htdocs...')
#2 C:\xampp\htdocs\vote\system\View\View.php(213): CodeIgniter\View\View->CodeIgniter\View\{closure}()
#3 C:\xampp\htdocs\vote\system\Common.php(1089): CodeIgniter\View\View->render('v_user', Array, true)
#4 C:\xampp\htdocs\vote\app\Controllers\Home.php(11): view('v_user')
#5 C:\xampp\htdocs\vote\system\CodeIgniter.php(832): App\Controllers\Home->index()
#6 C:\xampp\htdocs\vote\system\CodeIgniter.php(419): CodeIgniter\CodeIgniter->runController(Object(App\Controllers\Home))
#7 C:\xampp\htdocs\vote\system\CodeIgniter.php(326): CodeIgniter\CodeIgniter->handleRequest(NULL, Object(Config\Cache), false)
#8 C:\xampp\htdocs\vote\public\index.php(37): CodeIgniter\CodeIgniter->run()
#9 C:\xampp\htdocs\vote\system\Commands\Server\rewrite.php(43): require_once('C:\\xampp\\htdocs...')
#10 {main}
CRITICAL - 2023-03-31 23:02:08 --> Invalid argument supplied for foreach()
#0 C:\xampp\htdocs\vote\app\Views\v_user.php(27): CodeIgniter\Debug\Exceptions->errorHandler(2, 'Invalid argumen...', 'C:\\xampp\\htdocs...', 27, Array)
#1 C:\xampp\htdocs\vote\system\View\View.php(210): include('C:\\xampp\\htdocs...')
#2 C:\xampp\htdocs\vote\system\View\View.php(213): CodeIgniter\View\View->CodeIgniter\View\{closure}()
#3 C:\xampp\htdocs\vote\system\Common.php(1089): CodeIgniter\View\View->render('v_user', Array, true)
#4 C:\xampp\htdocs\vote\app\Controllers\Home.php(11): view('v_user')
#5 C:\xampp\htdocs\vote\system\CodeIgniter.php(832): App\Controllers\Home->index()
#6 C:\xampp\htdocs\vote\system\CodeIgniter.php(419): CodeIgniter\CodeIgniter->runController(Object(App\Controllers\Home))
#7 C:\xampp\htdocs\vote\system\CodeIgniter.php(326): CodeIgniter\CodeIgniter->handleRequest(NULL, Object(Config\Cache), false)
#8 C:\xampp\htdocs\vote\public\index.php(37): CodeIgniter\CodeIgniter->run()
#9 C:\xampp\htdocs\vote\system\Commands\Server\rewrite.php(43): require_once('C:\\xampp\\htdocs...')
#10 {main}
CRITICAL - 2023-03-31 23:02:13 --> Invalid argument supplied for foreach()
#0 C:\xampp\htdocs\vote\app\Views\v_user.php(27): CodeIgniter\Debug\Exceptions->errorHandler(2, 'Invalid argumen...', 'C:\\xampp\\htdocs...', 27, Array)
#1 C:\xampp\htdocs\vote\system\View\View.php(210): include('C:\\xampp\\htdocs...')
#2 C:\xampp\htdocs\vote\system\View\View.php(213): CodeIgniter\View\View->CodeIgniter\View\{closure}()
#3 C:\xampp\htdocs\vote\system\Common.php(1089): CodeIgniter\View\View->render('v_user', Array, true)
#4 C:\xampp\htdocs\vote\app\Controllers\Home.php(11): view('v_user')
#5 C:\xampp\htdocs\vote\system\CodeIgniter.php(832): App\Controllers\Home->index()
#6 C:\xampp\htdocs\vote\system\CodeIgniter.php(419): CodeIgniter\CodeIgniter->runController(Object(App\Controllers\Home))
#7 C:\xampp\htdocs\vote\system\CodeIgniter.php(326): CodeIgniter\CodeIgniter->handleRequest(NULL, Object(Config\Cache), false)
#8 C:\xampp\htdocs\vote\public\index.php(37): CodeIgniter\CodeIgniter->run()
#9 C:\xampp\htdocs\vote\system\Commands\Server\rewrite.php(43): require_once('C:\\xampp\\htdocs...')
#10 {main}
CRITICAL - 2023-03-31 23:03:32 --> Invalid argument supplied for foreach()
#0 C:\xampp\htdocs\vote\app\Views\v_user.php(27): CodeIgniter\Debug\Exceptions->errorHandler(2, 'Invalid argumen...', 'C:\\xampp\\htdocs...', 27, Array)
#1 C:\xampp\htdocs\vote\system\View\View.php(210): include('C:\\xampp\\htdocs...')
#2 C:\xampp\htdocs\vote\system\View\View.php(213): CodeIgniter\View\View->CodeIgniter\View\{closure}()
#3 C:\xampp\htdocs\vote\system\Common.php(1089): CodeIgniter\View\View->render('v_user', Array, true)
#4 C:\xampp\htdocs\vote\app\Controllers\Home.php(11): view('v_user')
#5 C:\xampp\htdocs\vote\system\CodeIgniter.php(832): App\Controllers\Home->index()
#6 C:\xampp\htdocs\vote\system\CodeIgniter.php(419): CodeIgniter\CodeIgniter->runController(Object(App\Controllers\Home))
#7 C:\xampp\htdocs\vote\system\CodeIgniter.php(326): CodeIgniter\CodeIgniter->handleRequest(NULL, Object(Config\Cache), false)
#8 C:\xampp\htdocs\vote\public\index.php(37): CodeIgniter\CodeIgniter->run()
#9 C:\xampp\htdocs\vote\system\Commands\Server\rewrite.php(43): require_once('C:\\xampp\\htdocs...')
#10 {main}
CRITICAL - 2023-03-31 23:03:43 --> Invalid argument supplied for foreach()
#0 C:\xampp\htdocs\vote\app\Views\v_user.php(27): CodeIgniter\Debug\Exceptions->errorHandler(2, 'Invalid argumen...', 'C:\\xampp\\htdocs...', 27, Array)
#1 C:\xampp\htdocs\vote\system\View\View.php(210): include('C:\\xampp\\htdocs...')
#2 C:\xampp\htdocs\vote\system\View\View.php(213): CodeIgniter\View\View->CodeIgniter\View\{closure}()
#3 C:\xampp\htdocs\vote\system\Common.php(1089): CodeIgniter\View\View->render('v_user', Array, true)
#4 C:\xampp\htdocs\vote\app\Controllers\Home.php(11): view('v_user')
#5 C:\xampp\htdocs\vote\system\CodeIgniter.php(832): App\Controllers\Home->index()
#6 C:\xampp\htdocs\vote\system\CodeIgniter.php(419): CodeIgniter\CodeIgniter->runController(Object(App\Controllers\Home))
#7 C:\xampp\htdocs\vote\system\CodeIgniter.php(326): CodeIgniter\CodeIgniter->handleRequest(NULL, Object(Config\Cache), false)
#8 C:\xampp\htdocs\vote\public\index.php(37): CodeIgniter\CodeIgniter->run()
#9 C:\xampp\htdocs\vote\system\Commands\Server\rewrite.php(43): require_once('C:\\xampp\\htdocs...')
#10 {main}
CRITICAL - 2023-03-31 23:03:45 --> Invalid argument supplied for foreach()
#0 C:\xampp\htdocs\vote\app\Views\v_user.php(27): CodeIgniter\Debug\Exceptions->errorHandler(2, 'Invalid argumen...', 'C:\\xampp\\htdocs...', 27, Array)
#1 C:\xampp\htdocs\vote\system\View\View.php(210): include('C:\\xampp\\htdocs...')
#2 C:\xampp\htdocs\vote\system\View\View.php(213): CodeIgniter\View\View->CodeIgniter\View\{closure}()
#3 C:\xampp\htdocs\vote\system\Common.php(1089): CodeIgniter\View\View->render('v_user', Array, true)
#4 C:\xampp\htdocs\vote\app\Controllers\Home.php(11): view('v_user')
#5 C:\xampp\htdocs\vote\system\CodeIgniter.php(832): App\Controllers\Home->index()
#6 C:\xampp\htdocs\vote\system\CodeIgniter.php(419): CodeIgniter\CodeIgniter->runController(Object(App\Controllers\Home))
#7 C:\xampp\htdocs\vote\system\CodeIgniter.php(326): CodeIgniter\CodeIgniter->handleRequest(NULL, Object(Config\Cache), false)
#8 C:\xampp\htdocs\vote\public\index.php(37): CodeIgniter\CodeIgniter->run()
#9 C:\xampp\htdocs\vote\system\Commands\Server\rewrite.php(43): require_once('C:\\xampp\\htdocs...')
#10 {main}
CRITICAL - 2023-03-31 23:04:03 --> Invalid argument supplied for foreach()
#0 C:\xampp\htdocs\vote\app\Views\v_user.php(27): CodeIgniter\Debug\Exceptions->errorHandler(2, 'Invalid argumen...', 'C:\\xampp\\htdocs...', 27, Array)
#1 C:\xampp\htdocs\vote\system\View\View.php(210): include('C:\\xampp\\htdocs...')
#2 C:\xampp\htdocs\vote\system\View\View.php(213): CodeIgniter\View\View->CodeIgniter\View\{closure}()
#3 C:\xampp\htdocs\vote\system\Common.php(1089): CodeIgniter\View\View->render('v_user', Array, true)
#4 C:\xampp\htdocs\vote\app\Controllers\Home.php(11): view('v_user')
#5 C:\xampp\htdocs\vote\system\CodeIgniter.php(832): App\Controllers\Home->index()
#6 C:\xampp\htdocs\vote\system\CodeIgniter.php(419): CodeIgniter\CodeIgniter->runController(Object(App\Controllers\Home))
#7 C:\xampp\htdocs\vote\system\CodeIgniter.php(326): CodeIgniter\CodeIgniter->handleRequest(NULL, Object(Config\Cache), false)
#8 C:\xampp\htdocs\vote\public\index.php(37): CodeIgniter\CodeIgniter->run()
#9 C:\xampp\htdocs\vote\system\Commands\Server\rewrite.php(43): require_once('C:\\xampp\\htdocs...')
#10 {main}
CRITICAL - 2023-03-31 23:04:53 --> Invalid argument supplied for foreach()
#0 C:\xampp\htdocs\vote\app\Views\v_user.php(27): CodeIgniter\Debug\Exceptions->errorHandler(2, 'Invalid argumen...', 'C:\\xampp\\htdocs...', 27, Array)
#1 C:\xampp\htdocs\vote\system\View\View.php(210): include('C:\\xampp\\htdocs...')
#2 C:\xampp\htdocs\vote\system\View\View.php(213): CodeIgniter\View\View->CodeIgniter\View\{closure}()
#3 C:\xampp\htdocs\vote\system\Common.php(1089): CodeIgniter\View\View->render('v_user', Array, true)
#4 C:\xampp\htdocs\vote\app\Controllers\Home.php(13): view('v_user')
#5 C:\xampp\htdocs\vote\system\CodeIgniter.php(832): App\Controllers\Home->index()
#6 C:\xampp\htdocs\vote\system\CodeIgniter.php(419): CodeIgniter\CodeIgniter->runController(Object(App\Controllers\Home))
#7 C:\xampp\htdocs\vote\system\CodeIgniter.php(326): CodeIgniter\CodeIgniter->handleRequest(NULL, Object(Config\Cache), false)
#8 C:\xampp\htdocs\vote\public\index.php(37): CodeIgniter\CodeIgniter->run()
#9 C:\xampp\htdocs\vote\system\Commands\Server\rewrite.php(43): require_once('C:\\xampp\\htdocs...')
#10 {main}
CRITICAL - 2023-03-31 23:07:17 --> Invalid argument supplied for foreach()
#0 C:\xampp\htdocs\vote\app\Views\v_user.php(27): CodeIgniter\Debug\Exceptions->errorHandler(2, 'Invalid argumen...', 'C:\\xampp\\htdocs...', 27, Array)
#1 C:\xampp\htdocs\vote\system\View\View.php(210): include('C:\\xampp\\htdocs...')
#2 C:\xampp\htdocs\vote\system\View\View.php(213): CodeIgniter\View\View->CodeIgniter\View\{closure}()
#3 C:\xampp\htdocs\vote\system\Common.php(1089): CodeIgniter\View\View->render('v_user', Array, true)
#4 C:\xampp\htdocs\vote\app\Controllers\Home.php(13): view('v_user')
#5 C:\xampp\htdocs\vote\system\CodeIgniter.php(832): App\Controllers\Home->index()
#6 C:\xampp\htdocs\vote\system\CodeIgniter.php(419): CodeIgniter\CodeIgniter->runController(Object(App\Controllers\Home))
#7 C:\xampp\htdocs\vote\system\CodeIgniter.php(326): CodeIgniter\CodeIgniter->handleRequest(NULL, Object(Config\Cache), false)
#8 C:\xampp\htdocs\vote\public\index.php(37): CodeIgniter\CodeIgniter->run()
#9 C:\xampp\htdocs\vote\system\Commands\Server\rewrite.php(43): require_once('C:\\xampp\\htdocs...')
#10 {main}
CRITICAL - 2023-03-31 23:07:19 --> Invalid argument supplied for foreach()
#0 C:\xampp\htdocs\vote\app\Views\v_user.php(27): CodeIgniter\Debug\Exceptions->errorHandler(2, 'Invalid argumen...', 'C:\\xampp\\htdocs...', 27, Array)
#1 C:\xampp\htdocs\vote\system\View\View.php(210): include('C:\\xampp\\htdocs...')
#2 C:\xampp\htdocs\vote\system\View\View.php(213): CodeIgniter\View\View->CodeIgniter\View\{closure}()
#3 C:\xampp\htdocs\vote\system\Common.php(1089): CodeIgniter\View\View->render('v_user', Array, true)
#4 C:\xampp\htdocs\vote\app\Controllers\Home.php(13): view('v_user')
#5 C:\xampp\htdocs\vote\system\CodeIgniter.php(832): App\Controllers\Home->index()
#6 C:\xampp\htdocs\vote\system\CodeIgniter.php(419): CodeIgniter\CodeIgniter->runController(Object(App\Controllers\Home))
#7 C:\xampp\htdocs\vote\system\CodeIgniter.php(326): CodeIgniter\CodeIgniter->handleRequest(NULL, Object(Config\Cache), false)
#8 C:\xampp\htdocs\vote\public\index.php(37): CodeIgniter\CodeIgniter->run()
#9 C:\xampp\htdocs\vote\system\Commands\Server\rewrite.php(43): require_once('C:\\xampp\\htdocs...')
#10 {main}
CRITICAL - 2023-03-31 23:07:19 --> Invalid argument supplied for foreach()
#0 C:\xampp\htdocs\vote\app\Views\v_user.php(27): CodeIgniter\Debug\Exceptions->errorHandler(2, 'Invalid argumen...', 'C:\\xampp\\htdocs...', 27, Array)
#1 C:\xampp\htdocs\vote\system\View\View.php(210): include('C:\\xampp\\htdocs...')
#2 C:\xampp\htdocs\vote\system\View\View.php(213): CodeIgniter\View\View->CodeIgniter\View\{closure}()
#3 C:\xampp\htdocs\vote\system\Common.php(1089): CodeIgniter\View\View->render('v_user', Array, true)
#4 C:\xampp\htdocs\vote\app\Controllers\Home.php(13): view('v_user')
#5 C:\xampp\htdocs\vote\system\CodeIgniter.php(832): App\Controllers\Home->index()
#6 C:\xampp\htdocs\vote\system\CodeIgniter.php(419): CodeIgniter\CodeIgniter->runController(Object(App\Controllers\Home))
#7 C:\xampp\htdocs\vote\system\CodeIgniter.php(326): CodeIgniter\CodeIgniter->handleRequest(NULL, Object(Config\Cache), false)
#8 C:\xampp\htdocs\vote\public\index.php(37): CodeIgniter\CodeIgniter->run()
#9 C:\xampp\htdocs\vote\system\Commands\Server\rewrite.php(43): require_once('C:\\xampp\\htdocs...')
#10 {main}
CRITICAL - 2023-03-31 23:08:57 --> Invalid argument supplied for foreach()
#0 C:\xampp\htdocs\vote\app\Views\v_user.php(27): CodeIgniter\Debug\Exceptions->errorHandler(2, 'Invalid argumen...', 'C:\\xampp\\htdocs...', 27, Array)
#1 C:\xampp\htdocs\vote\system\View\View.php(210): include('C:\\xampp\\htdocs...')
#2 C:\xampp\htdocs\vote\system\View\View.php(213): CodeIgniter\View\View->CodeIgniter\View\{closure}()
#3 C:\xampp\htdocs\vote\system\Common.php(1089): CodeIgniter\View\View->render('v_user', Array, true)
#4 C:\xampp\htdocs\vote\app\Controllers\Home.php(13): view('v_user')
#5 C:\xampp\htdocs\vote\system\CodeIgniter.php(832): App\Controllers\Home->index()
#6 C:\xampp\htdocs\vote\system\CodeIgniter.php(419): CodeIgniter\CodeIgniter->runController(Object(App\Controllers\Home))
#7 C:\xampp\htdocs\vote\system\CodeIgniter.php(326): CodeIgniter\CodeIgniter->handleRequest(NULL, Object(Config\Cache), false)
#8 C:\xampp\htdocs\vote\public\index.php(37): CodeIgniter\CodeIgniter->run()
#9 C:\xampp\htdocs\vote\system\Commands\Server\rewrite.php(43): require_once('C:\\xampp\\htdocs...')
#10 {main}
CRITICAL - 2023-03-31 23:08:58 --> Invalid argument supplied for foreach()
#0 C:\xampp\htdocs\vote\app\Views\v_user.php(27): CodeIgniter\Debug\Exceptions->errorHandler(2, 'Invalid argumen...', 'C:\\xampp\\htdocs...', 27, Array)
#1 C:\xampp\htdocs\vote\system\View\View.php(210): include('C:\\xampp\\htdocs...')
#2 C:\xampp\htdocs\vote\system\View\View.php(213): CodeIgniter\View\View->CodeIgniter\View\{closure}()
#3 C:\xampp\htdocs\vote\system\Common.php(1089): CodeIgniter\View\View->render('v_user', Array, true)
#4 C:\xampp\htdocs\vote\app\Controllers\Home.php(13): view('v_user')
#5 C:\xampp\htdocs\vote\system\CodeIgniter.php(832): App\Controllers\Home->index()
#6 C:\xampp\htdocs\vote\system\CodeIgniter.php(419): CodeIgniter\CodeIgniter->runController(Object(App\Controllers\Home))
#7 C:\xampp\htdocs\vote\system\CodeIgniter.php(326): CodeIgniter\CodeIgniter->handleRequest(NULL, Object(Config\Cache), false)
#8 C:\xampp\htdocs\vote\public\index.php(37): CodeIgniter\CodeIgniter->run()
#9 C:\xampp\htdocs\vote\system\Commands\Server\rewrite.php(43): require_once('C:\\xampp\\htdocs...')
#10 {main}
CRITICAL - 2023-03-31 23:10:26 --> Undefined variable: okta
#0 C:\xampp\htdocs\vote\app\Views\v_user.php(27): CodeIgniter\Debug\Exceptions->errorHandler(8, 'Undefined varia...', 'C:\\xampp\\htdocs...', 27, Array)
#1 C:\xampp\htdocs\vote\system\View\View.php(210): include('C:\\xampp\\htdocs...')
#2 C:\xampp\htdocs\vote\system\View\View.php(213): CodeIgniter\View\View->CodeIgniter\View\{closure}()
#3 C:\xampp\htdocs\vote\system\Common.php(1089): CodeIgniter\View\View->render('v_user', Array, true)
#4 C:\xampp\htdocs\vote\app\Controllers\Home.php(13): view('v_user')
#5 C:\xampp\htdocs\vote\system\CodeIgniter.php(832): App\Controllers\Home->index()
#6 C:\xampp\htdocs\vote\system\CodeIgniter.php(419): CodeIgniter\CodeIgniter->runController(Object(App\Controllers\Home))
#7 C:\xampp\htdocs\vote\system\CodeIgniter.php(326): CodeIgniter\CodeIgniter->handleRequest(NULL, Object(Config\Cache), false)
#8 C:\xampp\htdocs\vote\public\index.php(37): CodeIgniter\CodeIgniter->run()
#9 C:\xampp\htdocs\vote\system\Commands\Server\rewrite.php(43): require_once('C:\\xampp\\htdocs...')
#10 {main}
CRITICAL - 2023-03-31 23:43:42 --> syntax error, unexpected end of file, expecting function (T_FUNCTION) or const (T_CONST)
#0 C:\xampp\htdocs\vote\system\Router\Router.php(175): CodeIgniter\Router\Router->autoRoute('User/index/')
#1 C:\xampp\htdocs\vote\system\CodeIgniter.php(726): CodeIgniter\Router\Router->handle('User/index/')
#2 C:\xampp\htdocs\vote\system\CodeIgniter.php(368): CodeIgniter\CodeIgniter->tryToRouteIt(Object(CodeIgniter\Router\RouteCollection))
#3 C:\xampp\htdocs\vote\system\CodeIgniter.php(326): CodeIgniter\CodeIgniter->handleRequest(NULL, Object(Config\Cache), false)
#4 C:\xampp\htdocs\vote\public\index.php(37): CodeIgniter\CodeIgniter->run()
#5 C:\xampp\htdocs\vote\system\Commands\Server\rewrite.php(43): require_once('C:\\xampp\\htdocs...')
#6 {main}
